Log file open, 09/03/19 16:07:22
LogWindows: Failed to load 'aqProf.dll' (GetLastError=126)
LogWindows: File 'aqProf.dll' does not exist
LogWindows: Failed to load 'VtuneApi.dll' (GetLastError=126)
LogWindows: File 'VtuneApi.dll' does not exist
LogWindows: Failed to load 'VtuneApi32e.dll' (GetLastError=126)
LogWindows: File 'VtuneApi32e.dll' does not exist
LogConsoleResponse: Display: Failed to find resolution value strings in scalability ini. Falling back to default.
LogInit: Display: Running engine for game: TCPBuilder
LogPakFile: Registered encryption key '00000000000000000000000000000000': 0 pak files mounted, 0 remain pending
LogPlatformFile: Not using cached read wrapper
LogTaskGraph: Started task graph with 5 named threads and 14 total threads with 3 sets of task threads.
LogStats: Stats thread started at 0.271625
LogD3D11RHI: Loaded GFSDK_Aftermath_Lib.x64.dll
LogICUInternationalization: ICU TimeZone Detection - Raw Offset: +5:30, Platform Override: ''
LogPluginManager: Mounting plugin Paper2D
LogPluginManager: Mounting plugin AISupport
LogPluginManager: Mounting plugin LightPropagationVolume
LogPluginManager: Mounting plugin ActorLayerUtilities
LogPluginManager: Mounting plugin AnimationSharing
LogPluginManager: Mounting plugin CLionSourceCodeAccess
LogPluginManager: Mounting plugin CodeLiteSourceCodeAccess
LogPluginManager: Mounting plugin GitSourceControl
LogPluginManager: Mounting plugin KDevelopSourceCodeAccess
LogPluginManager: Mounting plugin NullSourceCodeAccess
LogPluginManager: Mounting plugin PerforceSourceControl
LogPluginManager: Mounting plugin SubversionSourceControl
LogPluginManager: Mounting plugin UObjectPlugin
LogPluginManager: Mounting plugin VisualStudioCodeSourceCodeAccess
LogPluginManager: Mounting plugin VisualStudioSourceCodeAccess
LogPluginManager: Mounting plugin XCodeSourceCodeAccess
LogPluginManager: Mounting plugin AssetManagerEditor
LogPluginManager: Mounting plugin CryptoKeys
LogPluginManager: Mounting plugin DataValidation
LogPluginManager: Mounting plugin FacialAnimation
LogPluginManager: Mounting plugin GameplayTagsEditor
LogPluginManager: Mounting plugin MacGraphicsSwitching
LogPluginManager: Mounting plugin MaterialAnalyzer
LogPluginManager: Mounting plugin MobileLauncherProfileWizard
LogPluginManager: Mounting plugin PluginBrowser
LogPluginManager: Mounting plugin SpeedTreeImporter
LogPluginManager: Mounting plugin DatasmithContent
LogPluginManager: Mounting plugin VariantManagerContent
LogPluginManager: Mounting plugin AlembicImporter
LogPluginManager: Mounting plugin AppleImageUtils
LogPluginManager: Mounting plugin AppleVision
LogPluginManager: Mounting plugin BackChannel
LogPluginManager: Mounting plugin CharacterAI
LogPluginManager: Mounting plugin GeometryCache
LogPluginManager: Mounting plugin HTML5Networking
LogPluginManager: Mounting plugin ProxyLODPlugin
LogPluginManager: Mounting plugin SkeletalReduction
LogPluginManager: Mounting plugin MagicLeap
LogPluginManager: Mounting plugin MagicLeapMedia
LogPluginManager: Mounting plugin AndroidMedia
LogPluginManager: Mounting plugin AvfMedia
LogPluginManager: Mounting plugin ImgMedia
LogPluginManager: Mounting plugin LinearTimecode
LogPluginManager: Mounting plugin MediaCompositing
LogPluginManager: Mounting plugin MediaPlayerEditor
LogPluginManager: Mounting plugin WebMMedia
LogPluginManager: Mounting plugin WmfMedia
LogPluginManager: Mounting plugin TcpMessaging
LogPluginManager: Mounting plugin UdpMessaging
LogPluginManager: Mounting plugin ActorSequence
LogPluginManager: Mounting plugin LevelSequenceEditor
LogPluginManager: Mounting plugin MatineeToLevelSequence
LogPluginManager: Mounting plugin NetcodeUnitTest
LogPluginManager: Mounting plugin NUTUnrealEngine4
LogPluginManager: Mounting plugin OnlineSubsystemGooglePlay
LogPluginManager: Mounting plugin OnlineSubsystemIOS
LogPluginManager: Mounting plugin OnlineSubsystem
LogPluginManager: Mounting plugin OnlineSubsystemNull
LogPluginManager: Mounting plugin OnlineSubsystemUtils
LogPluginManager: Mounting plugin LauncherChunkInstaller
LogPluginManager: Mounting plugin AndroidDeviceProfileSelector
LogPluginManager: Mounting plugin AndroidMoviePlayer
LogPluginManager: Mounting plugin AndroidPermission
LogPluginManager: Mounting plugin AppleMoviePlayer
LogPluginManager: Mounting plugin ArchVisCharacter
LogPluginManager: Mounting plugin AudioCapture
LogPluginManager: Mounting plugin CableComponent
LogPluginManager: Mounting plugin CustomMeshComponent
LogPluginManager: Mounting plugin EditableMesh
LogPluginManager: Mounting plugin ExampleDeviceProfileSelector
LogPluginManager: Mounting plugin Firebase
LogPluginManager: Mounting plugin GoogleCloudMessaging
LogPluginManager: Mounting plugin IOSDeviceProfileSelector
LogPluginManager: Mounting plugin LinuxDeviceProfileSelector
LogPluginManager: Mounting plugin LocationServicesBPLibrary
LogPluginManager: Mounting plugin MobilePatchingUtils
LogPluginManager: Mounting plugin OculusVR
LogPluginManager: Mounting plugin PhysXVehicles
LogPluginManager: Mounting plugin ProceduralMeshComponent
LogPluginManager: Mounting plugin RuntimePhysXCooking
LogPluginManager: Mounting plugin SignificanceManager
LogPluginManager: Mounting plugin SteamVR
LogPluginManager: Mounting plugin WebMMoviePlayer
LogPluginManager: Mounting plugin WindowsMoviePlayer
LogPluginManager: Mounting plugin TCPPlugin
LogInit: Using libcurl 7.55.1-DEV
LogInit:  - built for x86_64-pc-win32
LogInit:  - supports SSL with OpenSSL/1.1.1
LogInit:  - supports HTTP deflate (compression) using libz 1.2.8
LogInit:  - other features:
LogInit:      CURL_VERSION_SSL
LogInit:      CURL_VERSION_LIBZ
LogInit:      CURL_VERSION_IPV6
LogInit:      CURL_VERSION_ASYNCHDNS
LogInit:      CURL_VERSION_LARGEFILE
LogInit:      CURL_VERSION_IDN
LogInit:  CurlRequestOptions (configurable via config and command line):
LogInit:  - bVerifyPeer = true  - Libcurl will verify peer certificate
LogInit:  - bUseHttpProxy = false  - Libcurl will NOT use HTTP proxy
LogInit:  - bDontReuseConnections = false  - Libcurl will reuse connections
LogInit:  - MaxHostConnections = 16  - Libcurl will limit the number of connections to a host
LogInit:  - LocalHostAddr = Default
LogInit:  - BufferSize = 65536
LogInit: WinSock: version 1.1 (2.2), MaxSocks=32767, MaxUdp=65467
LogInit: Build: ++UE4+Release-4.22-CL-7053642
LogInit: Engine Version: 4.22.3-7053642+++UE4+Release-4.22
LogInit: Compatible Engine Version: 4.22.0-5660361+++UE4+Release-4.22
LogInit: Net CL: 5660361
LogInit: OS: Windows 10 (Release 1903) (), CPU:         Intel(R) Core(TM) i5-3470 CPU @ 3.20GHz, GPU: NVIDIA GeForce GT 640
LogInit: Compiled (64-bit): Jun 18 2019 03:09:11
LogInit: Compiled with Visual C++: 19.16.27025.01
LogInit: Build Configuration: Development
LogInit: Branch Name: ++UE4+Release-4.22
LogInit: Command Line:  -skipcompile
LogInit: Base Directory: C:/Program Files/Epic Games/UE_4.22/Engine/Binaries/Win64/
LogInit: Installed Engine Build: 1
LogDevObjectVersion: Number of dev versions registered: 23
LogDevObjectVersion:   Dev-Blueprints (B0D832E4-1F89-4F0D-ACCF-7EB736FD4AA2): 10
LogDevObjectVersion:   Dev-Build (E1C64328-A22C-4D53-A36C-8E866417BD8C): 0
LogDevObjectVersion:   Dev-Core (375EC13C-06E4-48FB-B500-84F0262A717E): 3
LogDevObjectVersion:   Dev-Editor (E4B068ED-F494-42E9-A231-DA0B2E46BB41): 30
LogDevObjectVersion:   Dev-Framework (CFFC743F-43B0-4480-9391-14DF171D2073): 35
LogDevObjectVersion:   Dev-Mobile (B02B49B5-BB20-44E9-A304-32B752E40360): 2
LogDevObjectVersion:   Dev-Networking (A4E4105C-59A1-49B5-A7C5-40C4547EDFEE): 0
LogDevObjectVersion:   Dev-Online (39C831C9-5AE6-47DC-9A44-9C173E1C8E7C): 0
LogDevObjectVersion:   Dev-Physics (78F01B33-EBEA-4F98-B9B4-84EACCB95AA2): 0
LogDevObjectVersion:   Dev-Platform (6631380F-2D4D-43E0-8009-CF276956A95A): 0
LogDevObjectVersion:   Dev-Rendering (12F88B9F-8875-4AFC-A67C-D90C383ABD29): 28
LogDevObjectVersion:   Dev-Sequencer (7B5AE74C-D270-4C10-A958-57980B212A5A): 11
LogDevObjectVersion:   Dev-VR (D7296918-1DD6-4BDD-9DE2-64A83CC13884): 2
LogDevObjectVersion:   Dev-LoadTimes (C2A15278-BFE7-4AFE-6C17-90FF531DF755): 1
LogDevObjectVersion:   Private-Geometry (6EACA3D4-40EC-4CC1-B786-8BED09428FC5): 3
LogDevObjectVersion:   Dev-AnimPhys (29E575DD-E0A3-4627-9D10-D276232CDCEA): 17
LogDevObjectVersion:   Dev-Anim (AF43A65D-7FD3-4947-9873-3E8ED9C1BB05): 2
LogDevObjectVersion:   Dev-ReflectionCapture (6B266CEC-1EC7-4B8F-A30B-E4D90942FC07): 1
LogDevObjectVersion:   Dev-Automation (0DF73D61-A23F-47EA-B727-89E90C41499A): 1
LogDevObjectVersion:   FortniteMain (601D1886-AC64-4F84-AA16-D3DE0DEAC7D6): 25
LogDevObjectVersion:   Dev-Enterprise (9DFFBCD6-494F-0158-E221-12823C92A888): 6
LogDevObjectVersion:   Dev-Niagara (F2AED0AC-9AFE-416F-8664-AA7FFA26D6FC): 1
LogDevObjectVersion:   Dev-Destruction (174F1F0B-B4C6-45A5-B13F-2EE8D0FB917D): 2
LogInit: Presizing for max 16777216 objects, including 0 objects not considered by GC, pre-allocating 0 bytes for permanent pool.
LogInit: Object subsystem initialized
LogConfig: Setting CVar [[con.DebugEarlyDefault:1]]
LogConfig: Setting CVar [[r.setres:1280x720]]
[2019.09.03-10.37.23:442][  0]LogConfig: Setting CVar [[r.VSync:0]]
[2019.09.03-10.37.23:442][  0]LogConfig: Setting CVar [[r.RHICmdBypass:0]]
[2019.09.03-10.37.23:442][  0]LogConfig: Applying CVar settings from Section [/Script/Engine.RendererSettings] File [C:/Users/hiran.tharinda/Documents/Unreal Projects/TCPBuilder/Saved/Config/Windows/Engine.ini]
[2019.09.03-10.37.23:442][  0]LogConfig: Setting CVar [[r.GPUCrashDebugging:0]]
[2019.09.03-10.37.23:442][  0]LogConfig: Setting CVar [[r.DefaultFeature.AutoExposure.ExtendDefaultLuminanceRange:1]]
[2019.09.03-10.37.23:443][  0]LogConfig: Applying CVar settings from Section [/Script/Engine.RendererOverrideSettings] File [C:/Users/hiran.tharinda/Documents/Unreal Projects/TCPBuilder/Saved/Config/Windows/Engine.ini]
[2019.09.03-10.37.23:443][  0]LogConfig: Applying CVar settings from Section [/Script/Engine.StreamingSettings] File [C:/Users/hiran.tharinda/Documents/Unreal Projects/TCPBuilder/Saved/Config/Windows/Engine.ini]
[2019.09.03-10.37.23:443][  0]LogConfig: Setting CVar [[s.MinBulkDataSizeForAsyncLoading:131072]]
[2019.09.03-10.37.23:443][  0]LogConfig: Setting CVar [[s.AsyncLoadingThreadEnabled:0]]
[2019.09.03-10.37.23:443][  0]LogConfig: Setting CVar [[s.EventDrivenLoaderEnabled:1]]
[2019.09.03-10.37.23:443][  0]LogConfig: Setting CVar [[s.WarnIfTimeLimitExceeded:0]]
[2019.09.03-10.37.23:443][  0]LogConfig: Setting CVar [[s.TimeLimitExceededMultiplier:1.5]]
[2019.09.03-10.37.23:443][  0]LogConfig: Setting CVar [[s.TimeLimitExceededMinTime:0.005]]
[2019.09.03-10.37.23:443][  0]LogConfig: Setting CVar [[s.UseBackgroundLevelStreaming:1]]
[2019.09.03-10.37.23:443][  0]LogConfig: Setting CVar [[s.PriorityAsyncLoadingExtraTime:15.0]]
[2019.09.03-10.37.23:444][  0]LogConfig: Setting CVar [[s.LevelStreamingActorsUpdateTimeLimit:5.0]]
[2019.09.03-10.37.23:444][  0]LogConfig: Setting CVar [[s.PriorityLevelStreamingActorsUpdateExtraTime:5.0]]
[2019.09.03-10.37.23:444][  0]LogConfig: Setting CVar [[s.LevelStreamingComponentsRegistrationGranularity:10]]
[2019.09.03-10.37.23:444][  0]LogConfig: Setting CVar [[s.UnregisterComponentsTimeLimit:1.0]]
[2019.09.03-10.37.23:444][  0]LogConfig: Setting CVar [[s.LevelStreamingComponentsUnregistrationGranularity:5]]
[2019.09.03-10.37.23:444][  0]LogConfig: Applying CVar settings from Section [/Script/Engine.GarbageCollectionSettings] File [C:/Users/hiran.tharinda/Documents/Unreal Projects/TCPBuilder/Saved/Config/Windows/Engine.ini]
[2019.09.03-10.37.23:444][  0]LogConfig: Setting CVar [[gc.MaxObjectsNotConsideredByGC:1]]
[2019.09.03-10.37.23:444][  0]LogConfig: Setting CVar [[gc.SizeOfPermanentObjectPool:0]]
[2019.09.03-10.37.23:444][  0]LogConfig: Setting CVar [[gc.FlushStreamingOnGC:0]]
[2019.09.03-10.37.23:445][  0]LogConfig: Setting CVar [[gc.NumRetriesBeforeForcingGC:10]]
[2019.09.03-10.37.23:445][  0]LogConfig: Setting CVar [[gc.AllowParallelGC:1]]
[2019.09.03-10.37.23:445][  0]LogConfig: Setting CVar [[gc.TimeBetweenPurgingPendingKillObjects:61.1]]
[2019.09.03-10.37.23:445][  0]LogConfig: Setting CVar [[gc.MaxObjectsInEditor:16777216]]
[2019.09.03-10.37.23:445][  0]LogConfig: Setting CVar [[gc.IncrementalBeginDestroyEnabled:1]]
[2019.09.03-10.37.23:445][  0]LogConfig: Setting CVar [[gc.CreateGCClusters:1]]
[2019.09.03-10.37.23:445][  0]LogConfig: Setting CVar [[gc.MinGCClusterSize:5]]
[2019.09.03-10.37.23:445][  0]LogConfig: Setting CVar [[gc.ActorClusteringEnabled:0]]
[2019.09.03-10.37.23:445][  0]LogConfig: Setting CVar [[gc.BlueprintClusteringEnabled:0]]
[2019.09.03-10.37.23:445][  0]LogConfig: Setting CVar [[gc.UseDisregardForGCOnDedicatedServers:0]]
[2019.09.03-10.37.23:446][  0]LogConfig: Applying CVar settings from Section [/Script/Engine.NetworkSettings] File [C:/Users/hiran.tharinda/Documents/Unreal Projects/TCPBuilder/Saved/Config/Windows/Engine.ini]
[2019.09.03-10.37.23:446][  0]LogConfig: Applying CVar settings from Section [/Script/UnrealEd.CookerSettings] File [C:/Users/hiran.tharinda/Documents/Unreal Projects/TCPBuilder/Saved/Config/Windows/Engine.ini]
[2019.09.03-10.37.23:458][  0]LogConfig: Applying CVar settings from Section [ViewDistanceQuality@3] File [C:/Users/hiran.tharinda/Documents/Unreal Projects/TCPBuilder/Saved/Config/Windows/Scalability.ini]
[2019.09.03-10.37.23:458][  0]LogConfig: Setting CVar [[r.SkeletalMeshLODBias:0]]
[2019.09.03-10.37.23:459][  0]LogConfig: Setting CVar [[r.ViewDistanceScale:1.0]]
[2019.09.03-10.37.23:459][  0]LogConfig: Applying CVar settings from Section [AntiAliasingQuality@3] File [C:/Users/hiran.tharinda/Documents/Unreal Projects/TCPBuilder/Saved/Config/Windows/Scalability.ini]
[2019.09.03-10.37.23:459][  0]LogConfig: Setting CVar [[r.PostProcessAAQuality:4]]
[2019.09.03-10.37.23:459][  0]LogConfig: Applying CVar settings from Section [ShadowQuality@3] File [C:/Users/hiran.tharinda/Documents/Unreal Projects/TCPBuilder/Saved/Config/Windows/Scalability.ini]
[2019.09.03-10.37.23:459][  0]LogConfig: Setting CVar [[r.LightFunctionQuality:1]]
[2019.09.03-10.37.23:459][  0]LogConfig: Setting CVar [[r.ShadowQuality:5]]
[2019.09.03-10.37.23:460][  0]LogConfig: Setting CVar [[r.Shadow.CSM.MaxCascades:10]]
[2019.09.03-10.37.23:460][  0]LogConfig: Setting CVar [[r.Shadow.MaxResolution:2048]]
[2019.09.03-10.37.23:460][  0]LogConfig: Setting CVar [[r.Shadow.MaxCSMResolution:2048]]
[2019.09.03-10.37.23:460][  0]LogConfig: Setting CVar [[r.Shadow.RadiusThreshold:0.01]]
[2019.09.03-10.37.23:460][  0]LogConfig: Setting CVar [[r.Shadow.DistanceScale:1.0]]
[2019.09.03-10.37.23:460][  0]LogConfig: Setting CVar [[r.Shadow.CSM.TransitionScale:1.0]]
[2019.09.03-10.37.23:462][  0]LogConfig: Setting CVar [[r.Shadow.PreShadowResolutionFactor:1.0]]
[2019.09.03-10.37.23:462][  0]LogConfig: Setting CVar [[r.DistanceFieldShadowing:1]]
[2019.09.03-10.37.23:462][  0]LogConfig: Setting CVar [[r.DistanceFieldAO:1]]
[2019.09.03-10.37.23:463][  0]LogConfig: Setting CVar [[r.AOQuality:2]]
[2019.09.03-10.37.23:463][  0]LogConfig: Setting CVar [[r.VolumetricFog:1]]
[2019.09.03-10.37.23:463][  0]LogConfig: Setting CVar [[r.VolumetricFog.GridPixelSize:8]]
[2019.09.03-10.37.23:463][  0]LogConfig: Setting CVar [[r.VolumetricFog.GridSizeZ:128]]
[2019.09.03-10.37.23:463][  0]LogConfig: Setting CVar [[r.VolumetricFog.HistoryMissSupersampleCount:4]]
[2019.09.03-10.37.23:463][  0]LogConfig: Setting CVar [[r.LightMaxDrawDistanceScale:1]]
[2019.09.03-10.37.23:463][  0]LogConfig: Setting CVar [[r.CapsuleShadows:1]]
[2019.09.03-10.37.23:463][  0]LogConfig: Applying CVar settings from Section [PostProcessQuality@3] File [C:/Users/hiran.tharinda/Documents/Unreal Projects/TCPBuilder/Saved/Config/Windows/Scalability.ini]
[2019.09.03-10.37.23:463][  0]LogConfig: Setting CVar [[r.MotionBlurQuality:4]]
[2019.09.03-10.37.23:464][  0]LogConfig: Setting CVar [[r.AmbientOcclusionMipLevelFactor:0.4]]
[2019.09.03-10.37.23:464][  0]LogConfig: Setting CVar [[r.AmbientOcclusionMaxQuality:100]]
[2019.09.03-10.37.23:464][  0]LogConfig: Setting CVar [[r.AmbientOcclusionLevels:-1]]
[2019.09.03-10.37.23:464][  0]LogConfig: Setting CVar [[r.AmbientOcclusionRadiusScale:1.0]]
[2019.09.03-10.37.23:464][  0]LogConfig: Setting CVar [[r.DepthOfFieldQuality:2]]
[2019.09.03-10.37.23:464][  0]LogConfig: Setting CVar [[r.RenderTargetPoolMin:400]]
[2019.09.03-10.37.23:464][  0]LogConfig: Setting CVar [[r.LensFlareQuality:2]]
[2019.09.03-10.37.23:464][  0]LogConfig: Setting CVar [[r.SceneColorFringeQuality:1]]
[2019.09.03-10.37.23:464][  0]LogConfig: Setting CVar [[r.EyeAdaptationQuality:2]]
[2019.09.03-10.37.23:465][  0]LogConfig: Setting CVar [[r.BloomQuality:5]]
[2019.09.03-10.37.23:465][  0]LogConfig: Setting CVar [[r.FastBlurThreshold:100]]
[2019.09.03-10.37.23:465][  0]LogConfig: Setting CVar [[r.Upscale.Quality:3]]
[2019.09.03-10.37.23:465][  0]LogConfig: Setting CVar [[r.Tonemapper.GrainQuantization:1]]
[2019.09.03-10.37.23:465][  0]LogConfig: Setting CVar [[r.LightShaftQuality:1]]
[2019.09.03-10.37.23:465][  0]LogConfig: Setting CVar [[r.Filter.SizeScale:1]]
[2019.09.03-10.37.23:465][  0]LogConfig: Setting CVar [[r.Tonemapper.Quality:5]]
[2019.09.03-10.37.23:465][  0]LogConfig: Setting CVar [[r.DOF.Gather.AccumulatorQuality:1        ; higher gathering accumulator quality]]
[2019.09.03-10.37.23:465][  0]LogConfig: Setting CVar [[r.DOF.Gather.PostfilterMethod:1          ; Median3x3 postfilering method]]
[2019.09.03-10.37.23:466][  0]LogConfig: Setting CVar [[r.DOF.Gather.EnableBokehSettings:0       ; no bokeh simulation when gathering]]
[2019.09.03-10.37.23:466][  0]LogConfig: Setting CVar [[r.DOF.Gather.RingCount:4                 ; medium number of samples when gathering]]
[2019.09.03-10.37.23:466][  0]LogConfig: Setting CVar [[r.DOF.Scatter.ForegroundCompositing:1    ; additive foreground scattering]]
[2019.09.03-10.37.23:466][  0]LogConfig: Setting CVar [[r.DOF.Scatter.BackgroundCompositing:2    ; additive background scattering]]
[2019.09.03-10.37.23:466][  0]LogConfig: Setting CVar [[r.DOF.Scatter.EnableBokehSettings:1      ; bokeh simulation when scattering]]
[2019.09.03-10.37.23:466][  0]LogConfig: Setting CVar [[r.DOF.Scatter.MaxSpriteRatio:0.1         ; only a maximum of 10% of scattered bokeh]]
[2019.09.03-10.37.23:466][  0]LogConfig: Setting CVar [[r.DOF.Recombine.Quality:1                ; cheap slight out of focus]]
[2019.09.03-10.37.23:466][  0]LogConfig: Setting CVar [[r.DOF.Recombine.EnableBokehSettings:0    ; no bokeh simulation on slight out of focus]]
[2019.09.03-10.37.23:466][  0]LogConfig: Setting CVar [[r.DOF.TemporalAAQuality:1                ; more stable temporal accumulation]]
[2019.09.03-10.37.23:467][  0]LogConfig: Setting CVar [[r.DOF.Kernel.MaxForegroundRadius:0.025]]
[2019.09.03-10.37.23:467][  0]LogConfig: Setting CVar [[r.DOF.Kernel.MaxBackgroundRadius:0.025]]
[2019.09.03-10.37.23:467][  0]LogConfig: Applying CVar settings from Section [TextureQuality@3] File [C:/Users/hiran.tharinda/Documents/Unreal Projects/TCPBuilder/Saved/Config/Windows/Scalability.ini]
[2019.09.03-10.37.23:467][  0]LogConfig: Setting CVar [[r.Streaming.MipBias:0]]
[2019.09.03-10.37.23:467][  0]LogConfig: Setting CVar [[r.Streaming.AmortizeCPUToGPUCopy:0]]
[2019.09.03-10.37.23:467][  0]LogConfig: Setting CVar [[r.Streaming.MaxNumTexturesToStreamPerFrame:0]]
[2019.09.03-10.37.23:467][  0]LogConfig: Setting CVar [[r.Streaming.Boost:1]]
[2019.09.03-10.37.23:468][  0]LogConfig: Setting CVar [[r.MaxAnisotropy:8]]
[2019.09.03-10.37.23:468][  0]LogConfig: Setting CVar [[r.Streaming.LimitPoolSizeToVRAM:0]]
[2019.09.03-10.37.23:468][  0]LogConfig: Setting CVar [[r.Streaming.PoolSize:1000]]
[2019.09.03-10.37.23:468][  0]LogConfig: Setting CVar [[r.Streaming.MaxEffectiveScreenSize:0]]
[2019.09.03-10.37.23:468][  0]LogConfig: Applying CVar settings from Section [EffectsQuality@3] File [C:/Users/hiran.tharinda/Documents/Unreal Projects/TCPBuilder/Saved/Config/Windows/Scalability.ini]
[2019.09.03-10.37.23:468][  0]LogConfig: Setting CVar [[r.TranslucencyLightingVolumeDim:64]]
[2019.09.03-10.37.23:468][  0]LogConfig: Setting CVar [[r.RefractionQuality:2]]
[2019.09.03-10.37.23:468][  0]LogConfig: Setting CVar [[r.SSR.Quality:3]]
[2019.09.03-10.37.23:468][  0]LogConfig: Setting CVar [[r.SceneColorFormat:4]]
[2019.09.03-10.37.23:468][  0]LogConfig: Setting CVar [[r.DetailMode:2]]
[2019.09.03-10.37.23:468][  0]LogConfig: Setting CVar [[r.TranslucencyVolumeBlur:1]]
[2019.09.03-10.37.23:468][  0]LogConfig: Setting CVar [[r.MaterialQualityLevel:1 ; High quality]]
[2019.09.03-10.37.23:469][  0]LogConfig: Setting CVar [[r.SSS.Scale:1]]
[2019.09.03-10.37.23:469][  0]LogConfig: Setting CVar [[r.SSS.SampleSet:2]]
[2019.09.03-10.37.23:469][  0]LogConfig: Setting CVar [[r.SSS.Quality:1]]
[2019.09.03-10.37.23:469][  0]LogConfig: Setting CVar [[r.SSS.HalfRes:1]]
[2019.09.03-10.37.23:469][  0]LogConfig: Setting CVar [[r.EmitterSpawnRateScale:1.0]]
[2019.09.03-10.37.23:469][  0]LogConfig: Setting CVar [[r.ParticleLightQuality:2]]
[2019.09.03-10.37.23:469][  0]LogConfig: Applying CVar settings from Section [FoliageQuality@3] File [C:/Users/hiran.tharinda/Documents/Unreal Projects/TCPBuilder/Saved/Config/Windows/Scalability.ini]
[2019.09.03-10.37.23:469][  0]LogConfig: Setting CVar [[foliage.DensityScale:1.0]]
[2019.09.03-10.37.23:469][  0]LogConfig: Setting CVar [[grass.DensityScale:1.0]]
[2019.09.03-10.37.23:469][  0]LogInit: Selected Device Profile: [Windows]
[2019.09.03-10.37.23:469][  0]LogInit: Applying CVar settings loaded from the selected device profile: [Windows]
[2019.09.03-10.37.23:485][  0]LogHAL: Display: Platform has ~ 8 GB [8558567424 / 8589934592 / 8], which maps to Default [LargestMinGB=32, LargerMinGB=12, DefaultMinGB=8, SmallerMinGB=6, SmallestMinGB=0)
[2019.09.03-10.37.23:485][  0]LogConfig: Setting CVar [[r.Vulkan.UseRealUBs:0		; Required until we fix HLR fall-out]]
[2019.09.03-10.37.23:485][  0]LogInit: Going up to parent DeviceProfile []
[2019.09.03-10.37.23:485][  0]LogConfig: Applying CVar settings from Section [ViewDistanceQuality@3] File [C:/Users/hiran.tharinda/Documents/Unreal Projects/TCPBuilder/Saved/Config/Windows/Scalability.ini]
[2019.09.03-10.37.23:485][  0]LogConfig: Setting CVar [[r.SkeletalMeshLODBias:0]]
[2019.09.03-10.37.23:485][  0]LogConfig: Setting CVar [[r.ViewDistanceScale:1.0]]
[2019.09.03-10.37.23:485][  0]LogConfig: Applying CVar settings from Section [AntiAliasingQuality@3] File [C:/Users/hiran.tharinda/Documents/Unreal Projects/TCPBuilder/Saved/Config/Windows/Scalability.ini]
[2019.09.03-10.37.23:485][  0]LogConfig: Setting CVar [[r.PostProcessAAQuality:4]]
[2019.09.03-10.37.23:485][  0]LogConfig: Applying CVar settings from Section [ShadowQuality@3] File [C:/Users/hiran.tharinda/Documents/Unreal Projects/TCPBuilder/Saved/Config/Windows/Scalability.ini]
[2019.09.03-10.37.23:485][  0]LogConfig: Setting CVar [[r.LightFunctionQuality:1]]
[2019.09.03-10.37.23:485][  0]LogConfig: Setting CVar [[r.ShadowQuality:5]]
[2019.09.03-10.37.23:485][  0]LogConfig: Setting CVar [[r.Shadow.CSM.MaxCascades:10]]
[2019.09.03-10.37.23:486][  0]LogConfig: Setting CVar [[r.Shadow.MaxResolution:2048]]
[2019.09.03-10.37.23:486][  0]LogConfig: Setting CVar [[r.Shadow.MaxCSMResolution:2048]]
[2019.09.03-10.37.23:486][  0]LogConfig: Setting CVar [[r.Shadow.RadiusThreshold:0.01]]
[2019.09.03-10.37.23:486][  0]LogConfig: Setting CVar [[r.Shadow.DistanceScale:1.0]]
[2019.09.03-10.37.23:486][  0]LogConfig: Setting CVar [[r.Shadow.CSM.TransitionScale:1.0]]
[2019.09.03-10.37.23:486][  0]LogConfig: Setting CVar [[r.Shadow.PreShadowResolutionFactor:1.0]]
[2019.09.03-10.37.23:486][  0]LogConfig: Setting CVar [[r.DistanceFieldShadowing:1]]
[2019.09.03-10.37.23:486][  0]LogConfig: Setting CVar [[r.DistanceFieldAO:1]]
[2019.09.03-10.37.23:486][  0]LogConfig: Setting CVar [[r.AOQuality:2]]
[2019.09.03-10.37.23:486][  0]LogConfig: Setting CVar [[r.VolumetricFog:1]]
[2019.09.03-10.37.23:486][  0]LogConfig: Setting CVar [[r.VolumetricFog.GridPixelSize:8]]
[2019.09.03-10.37.23:486][  0]LogConfig: Setting CVar [[r.VolumetricFog.GridSizeZ:128]]
[2019.09.03-10.37.23:486][  0]LogConfig: Setting CVar [[r.VolumetricFog.HistoryMissSupersampleCount:4]]
[2019.09.03-10.37.23:486][  0]LogConfig: Setting CVar [[r.LightMaxDrawDistanceScale:1]]
[2019.09.03-10.37.23:486][  0]LogConfig: Setting CVar [[r.CapsuleShadows:1]]
[2019.09.03-10.37.23:486][  0]LogConfig: Applying CVar settings from Section [PostProcessQuality@3] File [C:/Users/hiran.tharinda/Documents/Unreal Projects/TCPBuilder/Saved/Config/Windows/Scalability.ini]
[2019.09.03-10.37.23:487][  0]LogConfig: Setting CVar [[r.MotionBlurQuality:4]]
[2019.09.03-10.37.23:487][  0]LogConfig: Setting CVar [[r.AmbientOcclusionMipLevelFactor:0.4]]
[2019.09.03-10.37.23:487][  0]LogConfig: Setting CVar [[r.AmbientOcclusionMaxQuality:100]]
[2019.09.03-10.37.23:487][  0]LogConfig: Setting CVar [[r.AmbientOcclusionLevels:-1]]
[2019.09.03-10.37.23:487][  0]LogConfig: Setting CVar [[r.AmbientOcclusionRadiusScale:1.0]]
[2019.09.03-10.37.23:487][  0]LogConfig: Setting CVar [[r.DepthOfFieldQuality:2]]
[2019.09.03-10.37.23:487][  0]LogConfig: Setting CVar [[r.RenderTargetPoolMin:400]]
[2019.09.03-10.37.23:487][  0]LogConfig: Setting CVar [[r.LensFlareQuality:2]]
[2019.09.03-10.37.23:487][  0]LogConfig: Setting CVar [[r.SceneColorFringeQuality:1]]
[2019.09.03-10.37.23:487][  0]LogConfig: Setting CVar [[r.EyeAdaptationQuality:2]]
[2019.09.03-10.37.23:487][  0]LogConfig: Setting CVar [[r.BloomQuality:5]]
[2019.09.03-10.37.23:487][  0]LogConfig: Setting CVar [[r.FastBlurThreshold:100]]
[2019.09.03-10.37.23:487][  0]LogConfig: Setting CVar [[r.Upscale.Quality:3]]
[2019.09.03-10.37.23:487][  0]LogConfig: Setting CVar [[r.Tonemapper.GrainQuantization:1]]
[2019.09.03-10.37.23:487][  0]LogConfig: Setting CVar [[r.LightShaftQuality:1]]
[2019.09.03-10.37.23:487][  0]LogConfig: Setting CVar [[r.Filter.SizeScale:1]]
[2019.09.03-10.37.23:487][  0]LogConfig: Setting CVar [[r.Tonemapper.Quality:5]]
[2019.09.03-10.37.23:487][  0]LogConfig: Setting CVar [[r.DOF.Gather.AccumulatorQuality:1        ; higher gathering accumulator quality]]
[2019.09.03-10.37.23:487][  0]LogConfig: Setting CVar [[r.DOF.Gather.PostfilterMethod:1          ; Median3x3 postfilering method]]
[2019.09.03-10.37.23:487][  0]LogConfig: Setting CVar [[r.DOF.Gather.EnableBokehSettings:0       ; no bokeh simulation when gathering]]
[2019.09.03-10.37.23:488][  0]LogConfig: Setting CVar [[r.DOF.Gather.RingCount:4                 ; medium number of samples when gathering]]
[2019.09.03-10.37.23:488][  0]LogConfig: Setting CVar [[r.DOF.Scatter.ForegroundCompositing:1    ; additive foreground scattering]]
[2019.09.03-10.37.23:488][  0]LogConfig: Setting CVar [[r.DOF.Scatter.BackgroundCompositing:2    ; additive background scattering]]
[2019.09.03-10.37.23:488][  0]LogConfig: Setting CVar [[r.DOF.Scatter.EnableBokehSettings:1      ; bokeh simulation when scattering]]
[2019.09.03-10.37.23:488][  0]LogConfig: Setting CVar [[r.DOF.Scatter.MaxSpriteRatio:0.1         ; only a maximum of 10% of scattered bokeh]]
[2019.09.03-10.37.23:488][  0]LogConfig: Setting CVar [[r.DOF.Recombine.Quality:1                ; cheap slight out of focus]]
[2019.09.03-10.37.23:488][  0]LogConfig: Setting CVar [[r.DOF.Recombine.EnableBokehSettings:0    ; no bokeh simulation on slight out of focus]]
[2019.09.03-10.37.23:488][  0]LogConfig: Setting CVar [[r.DOF.TemporalAAQuality:1                ; more stable temporal accumulation]]
[2019.09.03-10.37.23:488][  0]LogConfig: Setting CVar [[r.DOF.Kernel.MaxForegroundRadius:0.025]]
[2019.09.03-10.37.23:488][  0]LogConfig: Setting CVar [[r.DOF.Kernel.MaxBackgroundRadius:0.025]]
[2019.09.03-10.37.23:488][  0]LogConfig: Applying CVar settings from Section [TextureQuality@3] File [C:/Users/hiran.tharinda/Documents/Unreal Projects/TCPBuilder/Saved/Config/Windows/Scalability.ini]
[2019.09.03-10.37.23:488][  0]LogConfig: Setting CVar [[r.Streaming.MipBias:0]]
[2019.09.03-10.37.23:488][  0]LogConfig: Setting CVar [[r.Streaming.AmortizeCPUToGPUCopy:0]]
[2019.09.03-10.37.23:488][  0]LogConfig: Setting CVar [[r.Streaming.MaxNumTexturesToStreamPerFrame:0]]
[2019.09.03-10.37.23:488][  0]LogConfig: Setting CVar [[r.Streaming.Boost:1]]
[2019.09.03-10.37.23:488][  0]LogConfig: Setting CVar [[r.MaxAnisotropy:8]]
[2019.09.03-10.37.23:488][  0]LogConfig: Setting CVar [[r.Streaming.LimitPoolSizeToVRAM:0]]
[2019.09.03-10.37.23:488][  0]LogConfig: Setting CVar [[r.Streaming.PoolSize:1000]]
[2019.09.03-10.37.23:488][  0]LogConfig: Setting CVar [[r.Streaming.MaxEffectiveScreenSize:0]]
[2019.09.03-10.37.23:489][  0]LogConfig: Applying CVar settings from Section [EffectsQuality@3] File [C:/Users/hiran.tharinda/Documents/Unreal Projects/TCPBuilder/Saved/Config/Windows/Scalability.ini]
[2019.09.03-10.37.23:489][  0]LogConfig: Setting CVar [[r.TranslucencyLightingVolumeDim:64]]
[2019.09.03-10.37.23:489][  0]LogConfig: Setting CVar [[r.RefractionQuality:2]]
[2019.09.03-10.37.23:489][  0]LogConfig: Setting CVar [[r.SSR.Quality:3]]
[2019.09.03-10.37.23:489][  0]LogConfig: Setting CVar [[r.SceneColorFormat:4]]
[2019.09.03-10.37.23:489][  0]LogConfig: Setting CVar [[r.DetailMode:2]]
[2019.09.03-10.37.23:489][  0]LogConfig: Setting CVar [[r.TranslucencyVolumeBlur:1]]
[2019.09.03-10.37.23:489][  0]LogConfig: Setting CVar [[r.MaterialQualityLevel:1 ; High quality]]
[2019.09.03-10.37.23:489][  0]LogConfig: Setting CVar [[r.SSS.Scale:1]]
[2019.09.03-10.37.23:489][  0]LogConfig: Setting CVar [[r.SSS.SampleSet:2]]
[2019.09.03-10.37.23:489][  0]LogConfig: Setting CVar [[r.SSS.Quality:1]]
[2019.09.03-10.37.23:489][  0]LogConfig: Setting CVar [[r.SSS.HalfRes:1]]
[2019.09.03-10.37.23:489][  0]LogConfig: Setting CVar [[r.EmitterSpawnRateScale:1.0]]
[2019.09.03-10.37.23:489][  0]LogConfig: Setting CVar [[r.ParticleLightQuality:2]]
[2019.09.03-10.37.23:489][  0]LogConfig: Applying CVar settings from Section [FoliageQuality@3] File [C:/Users/hiran.tharinda/Documents/Unreal Projects/TCPBuilder/Saved/Config/Windows/Scalability.ini]
[2019.09.03-10.37.23:489][  0]LogConfig: Setting CVar [[foliage.DensityScale:1.0]]
[2019.09.03-10.37.23:489][  0]LogConfig: Setting CVar [[grass.DensityScale:1.0]]
[2019.09.03-10.37.23:489][  0]LogConfig: Applying CVar settings from Section [Startup] File [../../../Engine/Config/ConsoleVariables.ini]
[2019.09.03-10.37.23:490][  0]LogConfig: Setting CVar [[net.UseAdaptiveNetUpdateFrequency:0]]
[2019.09.03-10.37.23:490][  0]LogConfig: Setting CVar [[p.chaos.AllowCreatePhysxBodies:1]]
[2019.09.03-10.37.23:490][  0]LogConfig: Applying CVar settings from Section [ConsoleVariables] File [C:/Users/hiran.tharinda/Documents/Unreal Projects/TCPBuilder/Saved/Config/Windows/Engine.ini]
[2019.09.03-10.37.23:490][  0]LogInit: Computer: HIRAN-PC
[2019.09.03-10.37.23:490][  0]LogInit: User: hirantharinda
[2019.09.03-10.37.23:490][  0]LogInit: CPU Page size=4096, Cores=4
[2019.09.03-10.37.23:490][  0]LogInit: High frequency timer resolution =10.000000 MHz
[2019.09.03-10.37.23:491][  0]LogMemory: Memory total: Physical=8.0GB (8GB approx)
[2019.09.03-10.37.23:491][  0]LogMemory: Platform Memory Stats for Windows
[2019.09.03-10.37.23:491][  0]LogMemory: Process Physical Memory: 96.64 MB used, 96.64 MB peak
[2019.09.03-10.37.23:491][  0]LogMemory: Process Virtual Memory: 83.77 MB used, 83.77 MB peak
[2019.09.03-10.37.23:491][  0]LogMemory: Physical Memory: 5921.45 MB used,  2240.64 MB free, 8162.09 MB total
[2019.09.03-10.37.23:491][  0]LogMemory: Virtual Memory: 4624.88 MB used,  134213104.00 MB free, 134217728.00 MB total
[2019.09.03-10.37.23:739][  0]LogInit: Using OS detected language (en-US).
[2019.09.03-10.37.23:739][  0]LogInit: Using OS detected locale (en-US).
[2019.09.03-10.37.23:740][  0]LogTextLocalizationManager: No specific localization for 'en-US' exists, so the 'en' localization will be used.
[2019.09.03-10.37.23:935][  0]LogInit: Setting process to per monitor DPI aware
[2019.09.03-10.37.23:991][  0]LogSlate: New Slate User Created.  User Index 0, Is Virtual User: 0
[2019.09.03-10.37.23:991][  0]LogSlate: Slate User Registered.  User Index 0, Is Virtual User: 0
[2019.09.03-10.37.24:177][  0]LogHMD: Failed to initialize OpenVR with code 110
[2019.09.03-10.37.24:177][  0]LogD3D11RHI: D3D11 adapters:
[2019.09.03-10.37.24:242][  0]LogD3D11RHI:    0. 'NVIDIA GeForce GT 640' (Feature Level 11_0)
[2019.09.03-10.37.24:242][  0]LogD3D11RHI:       2018/0/4081 MB DedicatedVideo/DedicatedSystem/SharedSystem, Outputs:1, VendorId:0x10de
[2019.09.03-10.37.24:247][  0]LogD3D11RHI:    1. 'Microsoft Basic Render Driver' (Feature Level 11_0)
[2019.09.03-10.37.24:247][  0]LogD3D11RHI:       0/0/4081 MB DedicatedVideo/DedicatedSystem/SharedSystem, Outputs:0, VendorId:0x1414
[2019.09.03-10.37.24:247][  0]LogD3D11RHI: Chosen D3D11 Adapter: 0
[2019.09.03-10.37.24:255][  0]LogD3D11RHI: Creating new Direct3DDevice
[2019.09.03-10.37.24:256][  0]LogD3D11RHI:     GPU DeviceId: 0xfc1 (for the marketing name, search the web for "GPU Device Id")
[2019.09.03-10.37.24:256][  0]LogWindows: EnumDisplayDevices:
[2019.09.03-10.37.24:256][  0]LogWindows:    0. 'NVIDIA GeForce GT 640' (P:1 D:1)
[2019.09.03-10.37.24:256][  0]LogWindows:    1. 'NVIDIA GeForce GT 640' (P:0 D:0)
[2019.09.03-10.37.24:256][  0]LogWindows:    2. 'NVIDIA GeForce GT 640' (P:0 D:0)
[2019.09.03-10.37.24:257][  0]LogWindows:    3. 'NVIDIA GeForce GT 640' (P:0 D:0)
[2019.09.03-10.37.24:257][  0]LogWindows: DebugString: FoundDriverCount:4 
[2019.09.03-10.37.24:257][  0]LogD3D11RHI:     Adapter Name: NVIDIA GeForce GT 640
[2019.09.03-10.37.24:257][  0]LogD3D11RHI:   Driver Version: 388.13 (internal:23.21.13.8813, unified:388.13)
[2019.09.03-10.37.24:257][  0]LogD3D11RHI:      Driver Date: 10-27-2017
[2019.09.03-10.37.24:257][  0]LogRHI: Texture pool is 1413 MB (70% of 2018 MB)
[2019.09.03-10.37.24:304][  0]LogD3D11RHI: Async texture creation enabled
[2019.09.03-10.37.24:308][  0]LogRendererCore: FGlobalReadBuffer::InitRHI
[2019.09.03-10.37.24:309][  0]LogRendererCore: FGlobalReadBuffer::InitRHI
[2019.09.03-10.37.24:309][  0]LogRendererCore: FGlobalReadBuffer::InitRHI
[2019.09.03-10.37.24:323][  0]LogD3D11RHI: GPU Timing Frequency: 1000.000000 (Debug: 2 2)
[2019.09.03-10.37.24:620][  0]LogTemp: Display: Module 'AllDesktopTargetPlatform' loaded TargetPlatform 'AllDesktop'
[2019.09.03-10.37.24:639][  0]LogTemp: Display: Module 'MacClientTargetPlatform' loaded TargetPlatform 'MacClient'
[2019.09.03-10.37.24:658][  0]LogTemp: Display: Module 'MacNoEditorTargetPlatform' loaded TargetPlatform 'MacNoEditor'
[2019.09.03-10.37.24:676][  0]LogTemp: Display: Module 'MacServerTargetPlatform' loaded TargetPlatform 'MacServer'
[2019.09.03-10.37.24:695][  0]LogTemp: Display: Module 'MacTargetPlatform' loaded TargetPlatform 'Mac'
[2019.09.03-10.37.24:714][  0]LogTemp: Display: Module 'WindowsClientTargetPlatform' loaded TargetPlatform 'WindowsClient'
[2019.09.03-10.37.24:733][  0]LogTemp: Display: Module 'WindowsNoEditorTargetPlatform' loaded TargetPlatform 'WindowsNoEditor'
[2019.09.03-10.37.24:752][  0]LogTemp: Display: Module 'WindowsServerTargetPlatform' loaded TargetPlatform 'WindowsServer'
[2019.09.03-10.37.24:762][  0]LogTemp: Display: Module 'WindowsTargetPlatform' loaded TargetPlatform 'Windows'
[2019.09.03-10.37.24:864][  0]LogTemp: Display: Module 'AndroidTargetPlatform' loaded TargetPlatform 'Android'
[2019.09.03-10.37.24:865][  0]LogTemp: Display: Module 'AndroidTargetPlatform' loaded TargetPlatform 'Android_ASTC'
[2019.09.03-10.37.24:865][  0]LogTemp: Display: Module 'AndroidTargetPlatform' loaded TargetPlatform 'Android_ATC'
[2019.09.03-10.37.24:865][  0]LogTemp: Display: Module 'AndroidTargetPlatform' loaded TargetPlatform 'Android_DXT'
[2019.09.03-10.37.24:865][  0]LogTemp: Display: Module 'AndroidTargetPlatform' loaded TargetPlatform 'Android_ETC1'
[2019.09.03-10.37.24:865][  0]LogTemp: Display: Module 'AndroidTargetPlatform' loaded TargetPlatform 'Android_ETC1a'
[2019.09.03-10.37.24:865][  0]LogTemp: Display: Module 'AndroidTargetPlatform' loaded TargetPlatform 'Android_ETC2'
[2019.09.03-10.37.24:865][  0]LogTemp: Display: Module 'AndroidTargetPlatform' loaded TargetPlatform 'Android_PVRTC'
[2019.09.03-10.37.24:865][  0]LogTemp: Display: Module 'AndroidTargetPlatform' loaded TargetPlatform 'AndroidClient'
[2019.09.03-10.37.24:865][  0]LogTemp: Display: Module 'AndroidTargetPlatform' loaded TargetPlatform 'Android_ASTCClient'
[2019.09.03-10.37.24:865][  0]LogTemp: Display: Module 'AndroidTargetPlatform' loaded TargetPlatform 'Android_ATCClient'
[2019.09.03-10.37.24:865][  0]LogTemp: Display: Module 'AndroidTargetPlatform' loaded TargetPlatform 'Android_DXTClient'
[2019.09.03-10.37.24:865][  0]LogTemp: Display: Module 'AndroidTargetPlatform' loaded TargetPlatform 'Android_ETC1Client'
[2019.09.03-10.37.24:865][  0]LogTemp: Display: Module 'AndroidTargetPlatform' loaded TargetPlatform 'Android_ETC1aClient'
[2019.09.03-10.37.24:865][  0]LogTemp: Display: Module 'AndroidTargetPlatform' loaded TargetPlatform 'Android_ETC2Client'
[2019.09.03-10.37.24:865][  0]LogTemp: Display: Module 'AndroidTargetPlatform' loaded TargetPlatform 'Android_PVRTCClient'
[2019.09.03-10.37.24:865][  0]LogTemp: Display: Module 'AndroidTargetPlatform' loaded TargetPlatform 'Android_Multi'
[2019.09.03-10.37.24:866][  0]LogTemp: Display: Module 'AndroidTargetPlatform' loaded TargetPlatform 'Android_MultiClient'
[2019.09.03-10.37.24:869][  0]LogTemp: Display: Module 'HTML5TargetPlatform' loaded TargetPlatform 'HTML5'
[2019.09.03-10.37.24:931][  0]LogTemp: Display: Module 'IOSTargetPlatform' loaded TargetPlatform 'IOSClient'
[2019.09.03-10.37.24:931][  0]LogTemp: Display: Module 'IOSTargetPlatform' loaded TargetPlatform 'IOS'
[2019.09.03-10.37.24:961][  0]LogTemp: Display: Module 'TVOSTargetPlatform' loaded TargetPlatform 'TVOSClient'
[2019.09.03-10.37.24:961][  0]LogTemp: Display: Module 'TVOSTargetPlatform' loaded TargetPlatform 'TVOS'
[2019.09.03-10.37.24:978][  0]LogTemp: Display: Module 'LinuxClientTargetPlatform' loaded TargetPlatform 'LinuxClient'
[2019.09.03-10.37.24:996][  0]LogTemp: Display: Module 'LinuxNoEditorTargetPlatform' loaded TargetPlatform 'LinuxNoEditor'
[2019.09.03-10.37.25:017][  0]LogTemp: Display: Module 'LinuxServerTargetPlatform' loaded TargetPlatform 'LinuxServer'
[2019.09.03-10.37.25:035][  0]LogTemp: Display: Module 'LinuxTargetPlatform' loaded TargetPlatform 'Linux'
[2019.09.03-10.37.25:091][  0]LogTemp: Display: Module 'LuminTargetPlatform' loaded TargetPlatform 'Lumin'
[2019.09.03-10.37.25:091][  0]LogTemp: Display: Module 'LuminTargetPlatform' loaded TargetPlatform 'LuminClient'
[2019.09.03-10.37.25:091][  0]LogTargetPlatformManager: Display: Building Assets For Windows
[2019.09.03-10.37.25:118][  0]LogAudioDebug: Display: Lib vorbis DLL was dynamically loaded.
[2019.09.03-10.37.25:210][  0]LogShaderCompilers: Guid format shader working directory is -21 characters bigger than the processId version (../../../../../../Users/hiran.tharinda/Documents/Unreal Projects/TCPBuilder/Intermediate/Shaders/WorkingDirectory/16616/).
[2019.09.03-10.37.25:211][  0]LogShaderCompilers: Cleaned the shader compiler working directory 'C:/Users/hiran.tharinda/AppData/Local/Temp/UnrealShaderWorkingDir/414461364FCEC83336A1CAADAD4E4257/'.
[2019.09.03-10.37.25:213][  0]LogXGEController: Cleaning working directory: C:/Users/hiran.tharinda/AppData/Local/Temp/UnrealXGEWorkingDir/
[2019.09.03-10.37.25:214][  0]LogXGEController: Cannot use XGE Controller as Incredibuild is not installed on this machine.
[2019.09.03-10.37.25:214][  0]LogShaderCompilers: Cannot use XGE Shader Compiler as Incredibuild is not installed on this machine.
[2019.09.03-10.37.25:214][  0]LogShaderCompilers: Display: Using Local Shader Compiler.
[2019.09.03-10.37.25:844][  0]LogDerivedDataCache: Display: Max Cache Size: 512 MB
[2019.09.03-10.37.25:905][  0]LogDerivedDataCache: Loaded boot cache 0.06s 71MB C:/Users/hiran.tharinda/AppData/Local/UnrealEngine/4.22/DerivedDataCache/Boot.ddc.
[2019.09.03-10.37.25:906][  0]LogDerivedDataCache: Display: Loaded Boot cache: C:/Users/hiran.tharinda/AppData/Local/UnrealEngine/4.22/DerivedDataCache/Boot.ddc
[2019.09.03-10.37.25:906][  0]LogDerivedDataCache: FDerivedDataBackendGraph:  Pak pak cache file ../../../../../../Users/hiran.tharinda/Documents/Unreal Projects/TCPBuilder/DerivedDataCache/DDC.ddp not found, will not use a pak cache.
[2019.09.03-10.37.25:906][  0]LogDerivedDataCache: Unable to find inner node Pak for hierarchical cache Hierarchy.
[2019.09.03-10.37.25:906][  0]LogDerivedDataCache: FDerivedDataBackendGraph:  CompressedPak pak cache file ../../../../../../Users/hiran.tharinda/Documents/Unreal Projects/TCPBuilder/DerivedDataCache/Compressed.ddp not found, will not use a pak cache.
[2019.09.03-10.37.25:906][  0]LogDerivedDataCache: Unable to find inner node CompressedPak for hierarchical cache Hierarchy.
[2019.09.03-10.37.25:919][  0]LogDerivedDataCache: Display: Pak cache opened for reading ../../../Engine/DerivedDataCache/Compressed.ddp.
[2019.09.03-10.37.25:919][  0]LogDerivedDataCache: FDerivedDataBackendGraph:  EnterprisePak pak cache file ../../../Enterprise/DerivedDataCache/Compressed.ddp not found, will not use a pak cache.
[2019.09.03-10.37.25:919][  0]LogDerivedDataCache: Unable to find inner node EnterprisePak for hierarchical cache Hierarchy.
[2019.09.03-10.37.25:932][  0]LogDerivedDataCache: Using Local data cache path C:/Users/hiran.tharinda/AppData/Local/UnrealEngine/Common/DerivedDataCache: Writable
[2019.09.03-10.37.25:932][  0]LogDerivedDataCache: Shared data cache path not found in *engine.ini, will not use an Shared cache.
[2019.09.03-10.37.25:932][  0]LogDerivedDataCache: Unable to find inner node Shared for hierarchical cache Hierarchy.
[2019.09.03-10.37.25:958][  0]LogMaterial: Verifying Global Shaders for PCD3D_SM5
[2019.09.03-10.37.25:960][  0]LogSlate: Using FreeType 2.6.0
[2019.09.03-10.37.25:960][  0]LogSlate: SlateFontServices - WITH_FREETYPE: 1, WITH_HARFBUZZ: 1
[2019.09.03-10.37.26:051][  0]LogAssetRegistry: FAssetRegistry took 0.0384 seconds to start up
[2019.09.03-10.37.26:451][  0]LogInit: Selected Device Profile: [Windows]
[2019.09.03-10.37.26:540][  0]LogMeshReduction: Using QuadricMeshReduction for automatic static mesh reduction
[2019.09.03-10.37.26:540][  0]LogMeshReduction: Using SimplygonMeshReduction for automatic skeletal mesh reduction
[2019.09.03-10.37.26:540][  0]LogMeshReduction: Using ProxyLODMeshReduction for automatic mesh merging
[2019.09.03-10.37.26:540][  0]LogMeshReduction: No distributed automatic mesh merging module available
[2019.09.03-10.37.26:540][  0]LogMeshMerging: No distributed automatic mesh merging module available
[2019.09.03-10.37.26:645][  0]LogNetVersion: TCPBuilder 1.0.0, NetCL: 5660361, EngineNetVer: 10, GameNetVer: 0 (Checksum: 2077177543)
[2019.09.03-10.37.27:117][  0]LogPackageLocalizationCache: Processed 11 localized package path(s) for 1 prioritized culture(s) in 0.074723 seconds
[2019.09.03-10.37.27:124][  0]LogUObjectArray: 42205 objects as part of root set at end of initial load.
[2019.09.03-10.37.27:124][  0]LogUObjectAllocator: 7325032 out of 0 bytes used by permanent object pool.
[2019.09.03-10.37.27:124][  0]LogUObjectArray: CloseDisregardForGC: 0/0 objects in disregard for GC pool
[2019.09.03-10.37.28:126][  0]LogTcpMessaging: Initializing TcpMessaging bridge
[2019.09.03-10.37.28:143][  0]LogUdpMessaging: Initializing bridge on interface 0.0.0.0:0 to multicast group 230.0.0.1:6666.
[2019.09.03-10.37.28:450][  0]SourceControl: Source control is disabled
[2019.09.03-10.37.28:450][  0]SourceControl: Source control is disabled
[2019.09.03-10.37.28:453][  0]SourceControl: Source control is disabled
[2019.09.03-10.37.28:457][  0]SourceControl: Source control is disabled
[2019.09.03-10.37.28:633][  0]LogAndroidPermission: UAndroidPermissionCallbackProxy::GetInstance
[2019.09.03-10.37.28:769][  0]LogOcInput: OculusInput pre-init called
[2019.09.03-10.37.29:330][  0]LogTemp: Warning: Loaded
[2019.09.03-10.37.29:507][  0]LogEngine: Initializing Engine...
[2019.09.03-10.37.29:508][  0]LogHMD: Failed to initialize OpenVR with code 110
[2019.09.03-10.37.29:509][  0]LogStats: UGameplayTagsManager::InitializeManager -  0.000 s
[2019.09.03-10.37.29:742][  0]LogInit: Initializing FReadOnlyCVARCache
[2019.09.03-10.37.29:761][  0]LogAIModule: Creating AISystem for world Untitled
[2019.09.03-10.37.29:785][  0]LogInit: XAudio2 using 'Headphones (High Definition Audio Device)' : 2 channels at 48 kHz using 16 bits per sample (channel mask 0x3)
[2019.09.03-10.37.29:850][  0]LogInit: FAudioDevice initialized.
[2019.09.03-10.37.29:851][  0]LogNetVersion: Set ProjectVersion to 1.0.0.0. Version Checksum will be recalculated on next use.
[2019.09.03-10.37.30:112][  0]LogDerivedDataCache: Saved boot cache 0.26s 71MB C:/Users/hiran.tharinda/AppData/Local/UnrealEngine/4.22/DerivedDataCache/Boot.ddc.
[2019.09.03-10.37.30:135][  0]LogInit: Texture streaming: Enabled
[2019.09.03-10.37.30:177][  0]LogEngineSessionManager: EngineSessionManager initialized
[2019.09.03-10.37.30:177][  0]LogEngineSessionManager: EngineSessionManager sent abnormal shutdown report. Type=Debugger, SessionId={07C667FD-42CA-827F-D26C-30B3DBE92109}
[2019.09.03-10.37.30:203][  0]LogInit: Transaction tracking system initialized
[2019.09.03-10.37.30:244][  0]BlueprintLog: New page: Editor Load
[2019.09.03-10.37.30:399][  0]LocalizationService: Localization service is disabled
[2019.09.03-10.37.30:755][  0]LogFileCache: Scanning file cache for directory 'C:/Users/hiran.tharinda/Documents/Unreal Projects/TCPBuilder/Content/' took 0.01s
[2019.09.03-10.37.30:755][  0]LogCook: Display: Max memory allowance for cook 16384mb min free memory 0mb
[2019.09.03-10.37.30:755][  0]LogCook: Display: Mobile HDR setting 1
[2019.09.03-10.37.31:027][  0]SourceControl: Source control is disabled
[2019.09.03-10.37.31:028][  0]Cmd: MAP LOAD FILE="../../../Engine/Content/Maps/Templates/Template_Default.umap" TEMPLATE=1 SHOWPROGRESS=1 FEATURELEVEL=3
[2019.09.03-10.37.31:028][  0]LightingResults: New page: Lighting Build
[2019.09.03-10.37.31:032][  0]MapCheck: New page: Map Check
[2019.09.03-10.37.31:032][  0]LightingResults: New page: Lighting Build
[2019.09.03-10.37.31:057][  0]LogUObjectHash: Compacting FUObjectHashTables data took   1.98ms
[2019.09.03-10.37.31:156][  0]LogAIModule: Creating AISystem for world Untitled_1
[2019.09.03-10.37.31:161][  0]LogEditorServer: Finished looking for orphan Actors (0.000 secs)
[2019.09.03-10.37.31:190][  0]LogUObjectHash: Compacting FUObjectHashTables data took   2.27ms
[2019.09.03-10.37.31:191][  0]Cmd: MAP CHECKDEP NOCLEARLOG
[2019.09.03-10.37.31:191][  0]MapCheck: Map check complete: 0 Error(s), 0 Warning(s), took 0.193ms to complete.
[2019.09.03-10.37.31:191][  0]LogFileHelpers: Loading map 'Template_Default' took 0.163
[2019.09.03-10.37.31:323][  0]LogSlate: Updating window title bar state: overlay mode, drag disabled, window buttons hidden, title bar hidden
[2019.09.03-10.37.31:332][  0]LogSlate: Updating window title bar state: overlay mode, drag disabled, window buttons hidden, title bar hidden
[2019.09.03-10.37.31:342][  0]LogSlate: Updating window title bar state: overlay mode, drag disabled, window buttons hidden, title bar hidden
[2019.09.03-10.37.31:352][  0]LogSlate: Updating window title bar state: overlay mode, drag disabled, window buttons hidden, title bar hidden
[2019.09.03-10.37.31:360][  0]LogCollectionManager: Loaded 0 collections in 0.001942 seconds
[2019.09.03-10.37.31:379][  0]LogFileCache: Scanning file cache for directory 'C:/Users/hiran.tharinda/Documents/Unreal Projects/TCPBuilder/Saved/Collections/' took 0.01s
[2019.09.03-10.37.31:379][  0]LogFileCache: Scanning file cache for directory 'C:/Users/hiran.tharinda/Documents/Unreal Projects/TCPBuilder/Content/Developers/hirantharinda/Collections/' took 0.00s
[2019.09.03-10.37.31:379][  0]LogFileCache: Scanning file cache for directory 'C:/Users/hiran.tharinda/Documents/Unreal Projects/TCPBuilder/Content/Collections/' took 0.00s
[2019.09.03-10.37.31:379][  0]LogCollectionManager: Rebuilt the GUID cache for 0 collections in 0.000000 seconds
[2019.09.03-10.37.31:390][  0]LogContentBrowser: Native class hierarchy populated in 0.0103 seconds. Added 2734 classes and 661 folders.
[2019.09.03-10.37.31:398][  0]LogContentBrowser: Native class hierarchy updated for 'WidgetCarousel' in 0.0004 seconds. Added 0 classes and 0 folders.
[2019.09.03-10.37.31:401][  0]LogPakFile: Registered encryption key '00000000000000000000000000000000': 0 pak files mounted, 0 remain pending
[2019.09.03-10.37.31:402][  0]LogPakFile: Registered encryption key '00000000000000000000000000000000': 0 pak files mounted, 0 remain pending
[2019.09.03-10.37.31:402][  0]LogPakFile: Registered encryption key '00000000000000000000000000000000': 0 pak files mounted, 0 remain pending
[2019.09.03-10.37.31:403][  0]LogPakFile: Registered encryption key '00000000000000000000000000000000': 0 pak files mounted, 0 remain pending
[2019.09.03-10.37.31:404][  0]LogPakFile: Registered encryption key '00000000000000000000000000000000': 0 pak files mounted, 0 remain pending
[2019.09.03-10.37.31:404][  0]LogPakFile: Registered encryption key '00000000000000000000000000000000': 0 pak files mounted, 0 remain pending
[2019.09.03-10.37.31:405][  0]LogPakFile: Registered encryption key '00000000000000000000000000000000': 0 pak files mounted, 0 remain pending
[2019.09.03-10.37.31:405][  0]LogPakFile: Registered encryption key '00000000000000000000000000000000': 0 pak files mounted, 0 remain pending
[2019.09.03-10.37.31:406][  0]LogPakFile: Registered encryption key '00000000000000000000000000000000': 0 pak files mounted, 0 remain pending
[2019.09.03-10.37.31:406][  0]LogPakFile: Registered encryption key '00000000000000000000000000000000': 0 pak files mounted, 0 remain pending
[2019.09.03-10.37.31:407][  0]LogPakFile: Registered encryption key '00000000000000000000000000000000': 0 pak files mounted, 0 remain pending
[2019.09.03-10.37.31:407][  0]LogPakFile: Registered encryption key '00000000000000000000000000000000': 0 pak files mounted, 0 remain pending
[2019.09.03-10.37.31:408][  0]LogPakFile: Registered encryption key '00000000000000000000000000000000': 0 pak files mounted, 0 remain pending
[2019.09.03-10.37.31:408][  0]LogPakFile: Registered encryption key '00000000000000000000000000000000': 0 pak files mounted, 0 remain pending
[2019.09.03-10.37.31:409][  0]LogPakFile: Registered encryption key '00000000000000000000000000000000': 0 pak files mounted, 0 remain pending
[2019.09.03-10.37.31:409][  0]LogPakFile: Registered encryption key '00000000000000000000000000000000': 0 pak files mounted, 0 remain pending
[2019.09.03-10.37.31:410][  0]LogPakFile: Registered encryption key '00000000000000000000000000000000': 0 pak files mounted, 0 remain pending
[2019.09.03-10.37.31:411][  0]LogPakFile: Registered encryption key '00000000000000000000000000000000': 0 pak files mounted, 0 remain pending
[2019.09.03-10.37.31:411][  0]LogPakFile: Registered encryption key '00000000000000000000000000000000': 0 pak files mounted, 0 remain pending
[2019.09.03-10.37.31:415][  0]LogPakFile: Registered encryption key '00000000000000000000000000000000': 0 pak files mounted, 0 remain pending
[2019.09.03-10.37.31:416][  0]LogPakFile: Registered encryption key '00000000000000000000000000000000': 0 pak files mounted, 0 remain pending
[2019.09.03-10.37.31:417][  0]LogPakFile: Registered encryption key '00000000000000000000000000000000': 0 pak files mounted, 0 remain pending
[2019.09.03-10.37.31:418][  0]LogPakFile: Registered encryption key '00000000000000000000000000000000': 0 pak files mounted, 0 remain pending
[2019.09.03-10.37.31:422][  0]LogPakFile: Registered encryption key '00000000000000000000000000000000': 0 pak files mounted, 0 remain pending
[2019.09.03-10.37.31:423][  0]LogPakFile: Registered encryption key '00000000000000000000000000000000': 0 pak files mounted, 0 remain pending
[2019.09.03-10.37.31:424][  0]LogPakFile: Registered encryption key '00000000000000000000000000000000': 0 pak files mounted, 0 remain pending
[2019.09.03-10.37.31:452][  0]LogContentBrowser: Native class hierarchy updated for 'AddContentDialog' in 0.0004 seconds. Added 0 classes and 0 folders.
[2019.09.03-10.37.31:462][  0]LogContentBrowser: Native class hierarchy updated for 'SceneOutliner' in 0.0005 seconds. Added 1 classes and 2 folders.
[2019.09.03-10.37.31:534][  0]LogSlate: Took 0.000175 seconds to synchronously load lazily loaded font '../../../Engine/Content/Slate/Fonts/Roboto-Regular.ttf' (155K)
[2019.09.03-10.37.31:537][  0]LogSlate: Took 0.000184 seconds to synchronously load lazily loaded font '../../../Engine/Content/Slate/Fonts/Roboto-Bold.ttf' (160K)
[2019.09.03-10.37.31:543][  0]LogSlate: Took 0.000195 seconds to synchronously load lazily loaded font '../../../Engine/Content/Editor/Slate/Fonts/FontAwesome.ttf' (139K)
[2019.09.03-10.37.31:543][  0]LogSlate: Took 0.000113 seconds to synchronously load lazily loaded font '../../../Engine/Content/Slate/Fonts/DroidSansMono.ttf' (77K)
[2019.09.03-10.37.31:658][  0]LogRenderer: Reallocating scene render targets to support 892x504 Format 10 NumSamples 1 (Frame:1).
[2019.09.03-10.37.31:770][  0]LogContentBrowser: Native class hierarchy updated for 'HierarchicalLODOutliner' in 0.0005 seconds. Added 0 classes and 0 folders.
[2019.09.03-10.37.31:770][  0]LogLoad: (Engine Initialization) Total time: 10.31 seconds
[2019.09.03-10.37.31:771][  0]LogLoad: (Engine Initialization) Total Blueprint compile time: 0.00 seconds
[2019.09.03-10.37.32:082][  0]LogAssetRegistry: Asset discovery search completed in 6.0553 seconds
[2019.09.03-10.37.32:084][  0]LogCollectionManager: Rebuilt the object cache for 0 collections in 0.000000 seconds (found 0 objects)
[2019.09.03-10.37.32:085][  0]LogCollectionManager: Fixed up redirectors for 0 collections in 0.000381 seconds (updated 0 objects)
[2019.09.03-10.37.32:086][  0]LogContentStreaming: Texture pool size now 1000 MB
[2019.09.03-10.37.35:870][444]LogSlate: FSceneViewport::OnFocusLost() reason 0
[2019.09.03-10.37.35:877][444]LogSlate: Took 0.000207 seconds to synchronously load lazily loaded font '../../../Engine/Content/Slate/Fonts/Roboto-Light.ttf' (167K)
[2019.09.03-10.37.36:887][563]LogEditor: Attempting to add actor of class 'SocketServer' to level at -610.00,-490.00,80.00
[2019.09.03-10.37.37:284][590]LogEditor: Attempting to add actor of class 'SocketServer' to level at -310.00,-250.00,20.00
[2019.09.03-10.37.38:464][727]LogSlate: FSceneViewport::OnFocusLost() reason 0
[2019.09.03-10.37.39:949][905]LogTemp: Repeating last play command: Selected Viewport
[2019.09.03-10.37.39:963][905]LogBlueprintUserMessages: Early PlayInEditor Detection: Level '/Temp/Untitled_1.Untitled_1:PersistentLevel' has LevelScriptBlueprint '/Temp/Untitled_1.Untitled_1:PersistentLevel.Untitled' with GeneratedClass '/Temp/Untitled_1.Untitled_C' with ClassGeneratedBy '/Temp/Untitled_1.Untitled_1:PersistentLevel.Untitled'
[2019.09.03-10.37.39:964][905]LogPlayLevel: PlayLevel: No blueprints needed recompiling
[2019.09.03-10.37.39:965][905]PIE: New page: PIE session: Untitled_1 (Sep 3, 2019, 9:37:39 PM)
[2019.09.03-10.37.39:979][905]LogPlayLevel: Creating play world package: /Temp/UEDPIE_0_Untitled_1
[2019.09.03-10.37.39:983][905]LogPlayLevel: PIE: StaticDuplicateObject took: (0.003222s)
[2019.09.03-10.37.39:984][905]LogAIModule: Creating AISystem for world Untitled_1
[2019.09.03-10.37.39:984][905]LogPlayLevel: PIE: World Init took: (0.001141s)
[2019.09.03-10.37.39:985][905]LogPlayLevel: PIE: Created PIE world by copying editor world from /Temp/Untitled_1.Untitled_1 to /Temp/UEDPIE_0_Untitled_1.Untitled_1 (0.005285s)
[2019.09.03-10.37.40:009][905]LogUObjectHash: Compacting FUObjectHashTables data took   1.48ms
[2019.09.03-10.37.40:019][905]LogInit: XAudio2 using 'Headphones (High Definition Audio Device)' : 2 channels at 48 kHz using 16 bits per sample (channel mask 0x3)
[2019.09.03-10.37.40:054][905]LogInit: FAudioDevice initialized.
[2019.09.03-10.37.40:104][905]LogLoad: Game class is 'GameModeBase'
[2019.09.03-10.37.40:109][905]LogWorld: Bringing World /Temp/UEDPIE_0_Untitled_1.Untitled_1 up for play (max tick rate 0) at 2019.09.03-16.07.40
[2019.09.03-10.37.40:110][905]LogWorld: Bringing up level for play took: 0.001828
[2019.09.03-10.37.40:137][905]LogContentBrowser: Native class hierarchy updated for 'MovieSceneCapture' in 0.0009 seconds. Added 20 classes and 0 folders.
[2019.09.03-10.37.40:139][905]LogTemp: Warning: Loaded
[2019.09.03-10.37.40:139][905]LogTemp: Warning: Initialized
[2019.09.03-10.37.40:140][905]LogTemp: Warning: Socket Created! Connecting to server
[2019.09.03-10.37.40:142][905]LogTemp: Warning: Connected
[2019.09.03-10.37.40:142][905]LogTemp: Warning: Bool value is: false
[2019.09.03-10.37.40:143][905]PIE: Play in editor start time for /Temp/UEDPIE_0_Untitled_1 0.362
[2019.09.03-10.37.40:144][905]LogBlueprintUserMessages: Late PlayInEditor Detection: Level '/Temp/Untitled_1.Untitled_1:PersistentLevel' has LevelScriptBlueprint '/Temp/Untitled_1.Untitled_1:PersistentLevel.Untitled' with GeneratedClass '/Temp/Untitled_1.Untitled_C' with ClassGeneratedBy '/Temp/Untitled_1.Untitled_1:PersistentLevel.Untitled'
[2019.09.03-10.37.40:146][905]LogTemp: Warning: Bool value is: false
[2019.09.03-10.37.40:209][906]LogTemp: Warning: Bool value is: false
[2019.09.03-10.37.40:219][907]LogTemp: Warning: Bool value is: false
[2019.09.03-10.37.40:235][908]LogTemp: Warning: Bool value is: false
[2019.09.03-10.37.40:249][909]LogTemp: Warning: Bool value is: false
[2019.09.03-10.37.40:261][910]LogTemp: Warning: Bool value is: false
[2019.09.03-10.37.40:273][911]LogTemp: Warning: Bool value is: false
[2019.09.03-10.37.40:286][912]LogTemp: Warning: Bool value is: false
[2019.09.03-10.37.40:299][913]LogTemp: Warning: Bool value is: false
[2019.09.03-10.37.40:311][914]LogTemp: Warning: Bool value is: false
[2019.09.03-10.37.40:323][915]LogTemp: Warning: Bool value is: false
[2019.09.03-10.37.40:336][916]LogTemp: Warning: Bool value is: false
[2019.09.03-10.37.40:349][917]LogTemp: Warning: Bool value is: false
[2019.09.03-10.37.40:361][918]LogTemp: Warning: Bool value is: false
[2019.09.03-10.37.40:374][919]LogTemp: Warning: Bool value is: false
[2019.09.03-10.37.40:386][920]LogTemp: Warning: Bool value is: false
[2019.09.03-10.37.40:399][921]LogTemp: Warning: Bool value is: false
[2019.09.03-10.37.40:411][922]LogTemp: Warning: Bool value is: false
[2019.09.03-10.37.40:423][923]LogTemp: Warning: Bool value is: false
[2019.09.03-10.37.40:435][924]LogTemp: Warning: Bool value is: false
[2019.09.03-10.37.40:447][925]LogTemp: Warning: Bool value is: false
[2019.09.03-10.37.40:459][926]LogTemp: Warning: Bool value is: false
[2019.09.03-10.37.40:471][927]LogTemp: Warning: Bool value is: false
[2019.09.03-10.37.40:484][928]LogTemp: Warning: Bool value is: false
[2019.09.03-10.37.40:495][929]LogTemp: Warning: Bool value is: false
[2019.09.03-10.37.40:507][930]LogTemp: Warning: Bool value is: false
[2019.09.03-10.37.40:521][931]LogTemp: Warning: Bool value is: false
[2019.09.03-10.37.40:531][932]LogTemp: Warning: Bool value is: false
[2019.09.03-10.37.40:543][933]LogTemp: Warning: Bool value is: false
[2019.09.03-10.37.40:555][934]LogTemp: Warning: Bool value is: false
[2019.09.03-10.37.40:567][935]LogTemp: Warning: Bool value is: false
[2019.09.03-10.37.40:580][936]LogTemp: Warning: Bool value is: false
[2019.09.03-10.37.40:591][937]LogTemp: Warning: Bool value is: false
[2019.09.03-10.37.40:603][938]LogTemp: Warning: Bool value is: false
[2019.09.03-10.37.40:616][939]LogTemp: Warning: Bool value is: false
[2019.09.03-10.37.40:627][940]LogTemp: Warning: Bool value is: false
[2019.09.03-10.37.40:640][941]LogTemp: Warning: Bool value is: false
[2019.09.03-10.37.40:652][942]LogTemp: Warning: Bool value is: false
[2019.09.03-10.37.40:665][943]LogTemp: Warning: Bool value is: false
[2019.09.03-10.37.40:676][944]LogTemp: Warning: Bool value is: false
[2019.09.03-10.37.40:689][945]LogTemp: Warning: Bool value is: false
[2019.09.03-10.37.40:701][946]LogTemp: Warning: Bool value is: false
[2019.09.03-10.37.40:713][947]LogTemp: Warning: Bool value is: false
[2019.09.03-10.37.40:724][948]LogTemp: Warning: Bool value is: false
[2019.09.03-10.37.40:737][949]LogTemp: Warning: Bool value is: false
[2019.09.03-10.37.40:749][950]LogTemp: Warning: Bool value is: false
[2019.09.03-10.37.40:760][951]LogTemp: Warning: Bool value is: false
[2019.09.03-10.37.40:773][952]LogTemp: Warning: Bool value is: false
[2019.09.03-10.37.40:785][953]LogTemp: Warning: Bool value is: false
[2019.09.03-10.37.40:797][954]LogTemp: Warning: Bool value is: false
[2019.09.03-10.37.40:808][955]LogTemp: Warning: Bool value is: false
[2019.09.03-10.37.40:821][956]LogTemp: Warning: Bool value is: false
[2019.09.03-10.37.40:833][957]LogTemp: Warning: Bool value is: false
[2019.09.03-10.37.40:845][958]LogTemp: Warning: Bool value is: false
[2019.09.03-10.37.40:857][959]LogTemp: Warning: Bool value is: false
[2019.09.03-10.37.40:870][960]LogTemp: Warning: Bool value is: false
[2019.09.03-10.37.40:882][961]LogTemp: Warning: Bool value is: false
[2019.09.03-10.37.40:893][962]LogTemp: Warning: Bool value is: false
[2019.09.03-10.37.40:906][963]LogTemp: Warning: Bool value is: false
[2019.09.03-10.37.40:919][964]LogTemp: Warning: Bool value is: false
[2019.09.03-10.37.40:931][965]LogTemp: Warning: Bool value is: false
[2019.09.03-10.37.40:942][966]LogTemp: Warning: Bool value is: false
[2019.09.03-10.37.40:955][967]LogTemp: Warning: Bool value is: false
[2019.09.03-10.37.40:967][968]LogTemp: Warning: Bool value is: false
[2019.09.03-10.37.40:978][969]LogTemp: Warning: Bool value is: false
[2019.09.03-10.37.40:991][970]LogTemp: Warning: Bool value is: false
[2019.09.03-10.37.41:003][971]LogTemp: Warning: Bool value is: false
[2019.09.03-10.37.41:014][972]LogTemp: Warning: Bool value is: false
[2019.09.03-10.37.41:026][973]LogTemp: Warning: Bool value is: false
[2019.09.03-10.37.41:039][974]LogTemp: Warning: Bool value is: false
[2019.09.03-10.37.41:051][975]LogTemp: Warning: Bool value is: false
[2019.09.03-10.37.41:063][976]LogTemp: Warning: Bool value is: false
[2019.09.03-10.37.41:075][977]LogTemp: Warning: Bool value is: false
[2019.09.03-10.37.41:087][978]LogTemp: Warning: Bool value is: false
[2019.09.03-10.37.41:099][979]LogTemp: Warning: Bool value is: false
[2019.09.03-10.37.41:110][980]LogTemp: Warning: Bool value is: false
[2019.09.03-10.37.41:122][981]LogTemp: Warning: Bool value is: false
[2019.09.03-10.37.41:134][982]LogTemp: Warning: Bool value is: false
[2019.09.03-10.37.41:146][983]LogTemp: Warning: Bool value is: false
[2019.09.03-10.37.41:158][984]LogTemp: Warning: Bool value is: false
[2019.09.03-10.37.41:170][985]LogTemp: Warning: Bool value is: false
[2019.09.03-10.37.41:182][986]LogTemp: Warning: Bool value is: false
[2019.09.03-10.37.41:193][987]LogTemp: Warning: Bool value is: false
[2019.09.03-10.37.41:205][988]LogTemp: Warning: Bool value is: false
[2019.09.03-10.37.41:218][989]LogTemp: Warning: Bool value is: false
[2019.09.03-10.37.41:230][990]LogTemp: Warning: Bool value is: false
[2019.09.03-10.37.41:241][991]LogTemp: Warning: Bool value is: false
[2019.09.03-10.37.41:253][992]LogTemp: Warning: Bool value is: false
[2019.09.03-10.37.41:267][993]LogTemp: Warning: Bool value is: false
[2019.09.03-10.37.41:279][994]LogTemp: Warning: Bool value is: false
[2019.09.03-10.37.41:290][995]LogTemp: Warning: Bool value is: false
[2019.09.03-10.37.41:302][996]LogTemp: Warning: Bool value is: false
[2019.09.03-10.37.41:314][997]LogTemp: Warning: Bool value is: false
[2019.09.03-10.37.41:325][998]LogTemp: Warning: Bool value is: false
[2019.09.03-10.37.41:337][999]LogTemp: Warning: Bool value is: false
[2019.09.03-10.37.41:349][  0]LogTemp: Warning: Bool value is: false
[2019.09.03-10.37.41:361][  1]LogTemp: Warning: Bool value is: false
[2019.09.03-10.37.41:372][  2]LogTemp: Warning: Bool value is: false
[2019.09.03-10.37.41:386][  3]LogTemp: Warning: Bool value is: false
[2019.09.03-10.37.41:397][  4]LogTemp: Warning: Bool value is: false
[2019.09.03-10.37.41:409][  5]LogTemp: Warning: Bool value is: false
[2019.09.03-10.37.41:420][  6]LogTemp: Warning: Bool value is: false
[2019.09.03-10.37.41:432][  7]LogTemp: Warning: Bool value is: false
[2019.09.03-10.37.41:444][  8]LogTemp: Warning: Bool value is: false
[2019.09.03-10.37.41:456][  9]LogTemp: Warning: Bool value is: false
[2019.09.03-10.37.41:468][ 10]LogTemp: Warning: Bool value is: false
[2019.09.03-10.37.41:481][ 11]LogTemp: Warning: Bool value is: false
[2019.09.03-10.37.41:492][ 12]LogTemp: Warning: Bool value is: false
[2019.09.03-10.37.41:504][ 13]LogTemp: Warning: Bool value is: false
[2019.09.03-10.37.41:516][ 14]LogTemp: Warning: Bool value is: false
[2019.09.03-10.37.41:528][ 15]LogTemp: Warning: Bool value is: false
[2019.09.03-10.37.41:540][ 16]LogTemp: Warning: Bool value is: false
[2019.09.03-10.37.41:552][ 17]LogTemp: Warning: Bool value is: false
[2019.09.03-10.37.41:565][ 18]LogTemp: Warning: Bool value is: false
[2019.09.03-10.37.41:576][ 19]LogTemp: Warning: Bool value is: false
[2019.09.03-10.37.41:588][ 20]LogTemp: Warning: Bool value is: false
[2019.09.03-10.37.41:600][ 21]LogTemp: Warning: Bool value is: false
[2019.09.03-10.37.41:611][ 22]LogTemp: Warning: Bool value is: false
[2019.09.03-10.37.41:624][ 23]LogTemp: Warning: Bool value is: false
[2019.09.03-10.37.41:635][ 24]LogTemp: Warning: Bool value is: false
[2019.09.03-10.37.41:647][ 25]LogTemp: Warning: Bool value is: false
[2019.09.03-10.37.41:659][ 26]LogTemp: Warning: Bool value is: false
[2019.09.03-10.37.41:671][ 27]LogTemp: Warning: Bool value is: false
[2019.09.03-10.37.41:683][ 28]LogTemp: Warning: Bool value is: false
[2019.09.03-10.37.41:695][ 29]LogTemp: Warning: Bool value is: false
[2019.09.03-10.37.41:707][ 30]LogTemp: Warning: Bool value is: false
[2019.09.03-10.37.41:719][ 31]LogTemp: Warning: Bool value is: false
[2019.09.03-10.37.41:731][ 32]LogTemp: Warning: Bool value is: false
[2019.09.03-10.37.41:742][ 33]LogTemp: Warning: Bool value is: false
[2019.09.03-10.37.41:754][ 34]LogTemp: Warning: Bool value is: false
[2019.09.03-10.37.41:766][ 35]LogTemp: Warning: Bool value is: false
[2019.09.03-10.37.41:778][ 36]LogTemp: Warning: Bool value is: false
[2019.09.03-10.37.41:790][ 37]LogTemp: Warning: Bool value is: false
[2019.09.03-10.37.41:801][ 38]LogTemp: Warning: Bool value is: false
[2019.09.03-10.37.41:814][ 39]LogTemp: Warning: Bool value is: false
[2019.09.03-10.37.41:825][ 40]LogTemp: Warning: Bool value is: false
[2019.09.03-10.37.41:837][ 41]LogTemp: Warning: Bool value is: false
[2019.09.03-10.37.41:849][ 42]LogTemp: Warning: Bool value is: false
[2019.09.03-10.37.41:860][ 43]LogTemp: Warning: Bool value is: false
[2019.09.03-10.37.41:873][ 44]LogTemp: Warning: Bool value is: false
[2019.09.03-10.37.41:884][ 45]LogTemp: Warning: Bool value is: false
[2019.09.03-10.37.41:897][ 46]LogTemp: Warning: Bool value is: false
[2019.09.03-10.37.41:908][ 47]LogTemp: Warning: Bool value is: false
[2019.09.03-10.37.41:920][ 48]LogTemp: Warning: Bool value is: false
[2019.09.03-10.37.41:932][ 49]LogTemp: Warning: Bool value is: false
[2019.09.03-10.37.41:943][ 50]LogTemp: Warning: Bool value is: false
[2019.09.03-10.37.41:955][ 51]LogTemp: Warning: Bool value is: false
[2019.09.03-10.37.41:968][ 52]LogTemp: Warning: Bool value is: false
[2019.09.03-10.37.41:979][ 53]LogTemp: Warning: Bool value is: false
[2019.09.03-10.37.41:990][ 54]LogTemp: Warning: Bool value is: false
[2019.09.03-10.37.42:002][ 55]LogTemp: Warning: Bool value is: false
[2019.09.03-10.37.42:014][ 56]LogTemp: Warning: Bool value is: false
[2019.09.03-10.37.42:026][ 57]LogTemp: Warning: Bool value is: false
[2019.09.03-10.37.42:038][ 58]LogTemp: Warning: Bool value is: false
[2019.09.03-10.37.42:050][ 59]LogTemp: Warning: Bool value is: false
[2019.09.03-10.37.42:062][ 60]LogTemp: Warning: Bool value is: false
[2019.09.03-10.37.42:074][ 61]LogTemp: Warning: Bool value is: false
[2019.09.03-10.37.42:086][ 62]LogTemp: Warning: Bool value is: false
[2019.09.03-10.37.42:098][ 63]LogTemp: Warning: Bool value is: false
[2019.09.03-10.37.42:108][ 64]LogTemp: Warning: Bool value is: false
[2019.09.03-10.37.42:120][ 65]LogTemp: Warning: Bool value is: false
[2019.09.03-10.37.42:133][ 66]LogTemp: Warning: Bool value is: false
[2019.09.03-10.37.42:145][ 67]LogTemp: Warning: Bool value is: false
[2019.09.03-10.37.42:157][ 68]LogTemp: Warning: Bool value is: false
[2019.09.03-10.37.42:168][ 69]LogTemp: Warning: Bool value is: false
[2019.09.03-10.37.42:180][ 70]LogTemp: Warning: Bool value is: false
[2019.09.03-10.37.42:192][ 71]LogTemp: Warning: Bool value is: false
[2019.09.03-10.37.42:204][ 72]LogTemp: Warning: Bool value is: false
[2019.09.03-10.37.42:216][ 73]LogTemp: Warning: Bool value is: false
[2019.09.03-10.37.42:228][ 74]LogTemp: Warning: Bool value is: false
[2019.09.03-10.37.42:240][ 75]LogTemp: Warning: Bool value is: false
[2019.09.03-10.37.42:252][ 76]LogTemp: Warning: Bool value is: false
[2019.09.03-10.37.42:264][ 77]LogTemp: Warning: Bool value is: false
[2019.09.03-10.37.42:275][ 78]LogTemp: Warning: Bool value is: false
[2019.09.03-10.37.42:287][ 79]LogTemp: Warning: Bool value is: false
[2019.09.03-10.37.42:300][ 80]LogTemp: Warning: Bool value is: false
[2019.09.03-10.37.42:311][ 81]LogTemp: Warning: Bool value is: false
[2019.09.03-10.37.42:322][ 82]LogTemp: Warning: Bool value is: false
[2019.09.03-10.37.42:335][ 83]LogTemp: Warning: Bool value is: false
[2019.09.03-10.37.42:347][ 84]LogTemp: Warning: Bool value is: false
[2019.09.03-10.37.42:358][ 85]LogTemp: Warning: Bool value is: false
[2019.09.03-10.37.42:408][ 86]LogTemp: Warning: Bool value is: false
[2019.09.03-10.37.42:465][ 87]LogTemp: Warning: Bool value is: false
[2019.09.03-10.37.42:475][ 88]LogTemp: Warning: Bool value is: false
[2019.09.03-10.37.42:484][ 89]LogTemp: Warning: Bool value is: false
[2019.09.03-10.37.42:492][ 90]LogTemp: Warning: Bool value is: false
[2019.09.03-10.37.42:504][ 91]LogTemp: Warning: Bool value is: false
[2019.09.03-10.37.42:517][ 92]LogTemp: Warning: Bool value is: false
[2019.09.03-10.37.42:528][ 93]LogTemp: Warning: Bool value is: false
[2019.09.03-10.37.42:540][ 94]LogTemp: Warning: Bool value is: false
[2019.09.03-10.37.42:552][ 95]LogTemp: Warning: Bool value is: false
[2019.09.03-10.37.42:564][ 96]LogTemp: Warning: Bool value is: false
[2019.09.03-10.37.42:576][ 97]LogTemp: Warning: Bool value is: false
[2019.09.03-10.37.42:588][ 98]LogTemp: Warning: Bool value is: false
[2019.09.03-10.37.42:599][ 99]LogTemp: Warning: Bool value is: false
[2019.09.03-10.37.42:611][100]LogTemp: Warning: Bool value is: false
[2019.09.03-10.37.42:623][101]LogTemp: Warning: Bool value is: false
[2019.09.03-10.37.42:635][102]LogTemp: Warning: Bool value is: false
[2019.09.03-10.37.42:647][103]LogTemp: Warning: Bool value is: false
[2019.09.03-10.37.42:659][104]LogTemp: Warning: Bool value is: false
[2019.09.03-10.37.42:671][105]LogTemp: Warning: Bool value is: false
[2019.09.03-10.37.42:682][106]LogTemp: Warning: Bool value is: false
[2019.09.03-10.37.42:694][107]LogTemp: Warning: Bool value is: false
[2019.09.03-10.37.42:706][108]LogTemp: Warning: Bool value is: false
[2019.09.03-10.37.42:717][109]LogTemp: Warning: Bool value is: false
[2019.09.03-10.37.42:730][110]LogTemp: Warning: Bool value is: false
[2019.09.03-10.37.42:741][111]LogTemp: Warning: Bool value is: false
[2019.09.03-10.37.42:754][112]LogTemp: Warning: Bool value is: false
[2019.09.03-10.37.42:766][113]LogTemp: Warning: Bool value is: false
[2019.09.03-10.37.42:777][114]LogTemp: Warning: Bool value is: false
[2019.09.03-10.37.42:789][115]LogTemp: Warning: Bool value is: false
[2019.09.03-10.37.42:801][116]LogTemp: Warning: Bool value is: false
[2019.09.03-10.37.42:812][117]LogTemp: Warning: Bool value is: false
[2019.09.03-10.37.42:824][118]LogTemp: Warning: Bool value is: false
[2019.09.03-10.37.42:836][119]LogTemp: Warning: Bool value is: false
[2019.09.03-10.37.42:848][120]LogTemp: Warning: Bool value is: false
[2019.09.03-10.37.42:859][121]LogTemp: Warning: Bool value is: false
[2019.09.03-10.37.42:872][122]LogTemp: Warning: Bool value is: false
[2019.09.03-10.37.42:884][123]LogTemp: Warning: Bool value is: false
[2019.09.03-10.37.42:895][124]LogTemp: Warning: Bool value is: false
[2019.09.03-10.37.42:907][125]LogTemp: Warning: Bool value is: false
[2019.09.03-10.37.42:919][126]LogTemp: Warning: Bool value is: false
[2019.09.03-10.37.42:930][127]LogTemp: Warning: Bool value is: false
[2019.09.03-10.37.42:942][128]LogTemp: Warning: Bool value is: false
[2019.09.03-10.37.42:954][129]LogTemp: Warning: Bool value is: false
[2019.09.03-10.37.42:966][130]LogTemp: Warning: Bool value is: false
[2019.09.03-10.37.42:977][131]LogTemp: Warning: Bool value is: false
[2019.09.03-10.37.42:989][132]LogTemp: Warning: Bool value is: false
[2019.09.03-10.37.43:002][133]LogTemp: Warning: Bool value is: false
[2019.09.03-10.37.43:014][134]LogTemp: Warning: Bool value is: false
[2019.09.03-10.37.43:025][135]LogTemp: Warning: Bool value is: false
[2019.09.03-10.37.43:038][136]LogTemp: Warning: Bool value is: false
[2019.09.03-10.37.43:051][137]LogTemp: Warning: Bool value is: false
[2019.09.03-10.37.43:062][138]LogTemp: Warning: Bool value is: false
[2019.09.03-10.37.43:074][139]LogTemp: Warning: Bool value is: false
[2019.09.03-10.37.43:087][140]LogTemp: Warning: Bool value is: false
[2019.09.03-10.37.43:100][141]LogTemp: Warning: Bool value is: false
[2019.09.03-10.37.43:111][142]LogTemp: Warning: Bool value is: false
[2019.09.03-10.37.43:123][143]LogTemp: Warning: Bool value is: false
[2019.09.03-10.37.43:136][144]LogTemp: Warning: Bool value is: false
[2019.09.03-10.37.43:149][145]LogTemp: Warning: Bool value is: false
[2019.09.03-10.37.43:160][146]LogTemp: Warning: Bool value is: false
[2019.09.03-10.37.43:171][147]LogTemp: Warning: Bool value is: false
[2019.09.03-10.37.43:184][148]LogTemp: Warning: Bool value is: false
[2019.09.03-10.37.43:195][149]LogTemp: Warning: Bool value is: false
[2019.09.03-10.37.43:207][150]LogTemp: Warning: Bool value is: false
[2019.09.03-10.37.43:219][151]LogTemp: Warning: Bool value is: false
[2019.09.03-10.37.43:230][152]LogTemp: Warning: Bool value is: false
[2019.09.03-10.37.43:248][153]LogTemp: Warning: Bool value is: false
[2019.09.03-10.37.43:249][153]LogBlueprintUserMessages: Early EndPlayMap Detection: Level '/Temp/Untitled_1.Untitled_1:PersistentLevel' has LevelScriptBlueprint '/Temp/Untitled_1.Untitled_1:PersistentLevel.Untitled' with GeneratedClass '/Temp/Untitled_1.Untitled_C' with ClassGeneratedBy '/Temp/Untitled_1.Untitled_1:PersistentLevel.Untitled'
[2019.09.03-10.37.43:250][153]LogSlate: Updating window title bar state: overlay mode, drag disabled, window buttons hidden, title bar hidden
[2019.09.03-10.37.43:289][153]LogPlayLevel: Display: Shutting down PIE online subsystems
[2019.09.03-10.37.43:289][153]LogBlueprintUserMessages: Late EndPlayMap Detection: Level '/Temp/Untitled_1.Untitled_1:PersistentLevel' has LevelScriptBlueprint '/Temp/Untitled_1.Untitled_1:PersistentLevel.Untitled' with GeneratedClass '/Temp/Untitled_1.Untitled_C' with ClassGeneratedBy '/Temp/Untitled_1.Untitled_1:PersistentLevel.Untitled'
[2019.09.03-10.37.43:318][153]LogSlate: Updating window title bar state: overlay mode, drag disabled, window buttons hidden, title bar hidden
[2019.09.03-10.37.43:322][153]LogUObjectHash: Compacting FUObjectHashTables data took   1.76ms
[2019.09.03-10.37.43:348][154]LogPlayLevel: Display: Destroying online subsystem :Context_1
[2019.09.03-10.37.44:970][346]LogSlate: FSceneViewport::OnFocusLost() reason 0
