Log file open, 09/03/19 16:01:37
LogWindows: Failed to load 'aqProf.dll' (GetLastError=126)
LogWindows: File 'aqProf.dll' does not exist
LogWindows: Failed to load 'VtuneApi.dll' (GetLastError=126)
LogWindows: File 'VtuneApi.dll' does not exist
LogWindows: Failed to load 'VtuneApi32e.dll' (GetLastError=126)
LogWindows: File 'VtuneApi32e.dll' does not exist
LogConsoleResponse: Display: Failed to find resolution value strings in scalability ini. Falling back to default.
LogInit: Display: Running engine for game: TCPBuilder
LogPakFile: Registered encryption key '00000000000000000000000000000000': 0 pak files mounted, 0 remain pending
LogPlatformFile: Not using cached read wrapper
LogTaskGraph: Started task graph with 5 named threads and 14 total threads with 3 sets of task threads.
LogStats: Stats thread started at 1.737073
LogD3D11RHI: Loaded GFSDK_Aftermath_Lib.x64.dll
LogICUInternationalization: ICU TimeZone Detection - Raw Offset: +5:30, Platform Override: ''
LogPluginManager: Mounting plugin Paper2D
LogPluginManager: Mounting plugin AISupport
LogPluginManager: Mounting plugin LightPropagationVolume
LogPluginManager: Mounting plugin ActorLayerUtilities
LogPluginManager: Mounting plugin AnimationSharing
LogPluginManager: Mounting plugin CLionSourceCodeAccess
LogPluginManager: Mounting plugin CodeLiteSourceCodeAccess
LogPluginManager: Mounting plugin GitSourceControl
LogPluginManager: Mounting plugin KDevelopSourceCodeAccess
LogPluginManager: Mounting plugin NullSourceCodeAccess
LogPluginManager: Mounting plugin PerforceSourceControl
LogPluginManager: Mounting plugin SubversionSourceControl
LogPluginManager: Mounting plugin UObjectPlugin
LogPluginManager: Mounting plugin VisualStudioCodeSourceCodeAccess
LogPluginManager: Mounting plugin VisualStudioSourceCodeAccess
LogPluginManager: Mounting plugin XCodeSourceCodeAccess
LogPluginManager: Mounting plugin AssetManagerEditor
LogPluginManager: Mounting plugin CryptoKeys
LogPluginManager: Mounting plugin DataValidation
LogPluginManager: Mounting plugin FacialAnimation
LogPluginManager: Mounting plugin GameplayTagsEditor
LogPluginManager: Mounting plugin MacGraphicsSwitching
LogPluginManager: Mounting plugin MaterialAnalyzer
LogPluginManager: Mounting plugin MobileLauncherProfileWizard
LogPluginManager: Mounting plugin PluginBrowser
LogPluginManager: Mounting plugin SpeedTreeImporter
LogPluginManager: Mounting plugin DatasmithContent
LogPluginManager: Mounting plugin VariantManagerContent
LogPluginManager: Mounting plugin AlembicImporter
LogPluginManager: Mounting plugin AppleImageUtils
LogPluginManager: Mounting plugin AppleVision
LogPluginManager: Mounting plugin BackChannel
LogPluginManager: Mounting plugin CharacterAI
LogPluginManager: Mounting plugin GeometryCache
LogPluginManager: Mounting plugin HTML5Networking
LogPluginManager: Mounting plugin ProxyLODPlugin
LogPluginManager: Mounting plugin SkeletalReduction
LogPluginManager: Mounting plugin MagicLeap
LogPluginManager: Mounting plugin MagicLeapMedia
LogPluginManager: Mounting plugin AndroidMedia
LogPluginManager: Mounting plugin AvfMedia
LogPluginManager: Mounting plugin ImgMedia
LogPluginManager: Mounting plugin LinearTimecode
LogPluginManager: Mounting plugin MediaCompositing
LogPluginManager: Mounting plugin MediaPlayerEditor
LogPluginManager: Mounting plugin WebMMedia
LogPluginManager: Mounting plugin WmfMedia
LogPluginManager: Mounting plugin TcpMessaging
LogPluginManager: Mounting plugin UdpMessaging
LogPluginManager: Mounting plugin ActorSequence
LogPluginManager: Mounting plugin LevelSequenceEditor
LogPluginManager: Mounting plugin MatineeToLevelSequence
LogPluginManager: Mounting plugin NetcodeUnitTest
LogPluginManager: Mounting plugin NUTUnrealEngine4
LogPluginManager: Mounting plugin OnlineSubsystemGooglePlay
LogPluginManager: Mounting plugin OnlineSubsystemIOS
LogPluginManager: Mounting plugin OnlineSubsystem
LogPluginManager: Mounting plugin OnlineSubsystemNull
LogPluginManager: Mounting plugin OnlineSubsystemUtils
LogPluginManager: Mounting plugin LauncherChunkInstaller
LogPluginManager: Mounting plugin AndroidDeviceProfileSelector
LogPluginManager: Mounting plugin AndroidMoviePlayer
LogPluginManager: Mounting plugin AndroidPermission
LogPluginManager: Mounting plugin AppleMoviePlayer
LogPluginManager: Mounting plugin ArchVisCharacter
LogPluginManager: Mounting plugin AudioCapture
LogPluginManager: Mounting plugin CableComponent
LogPluginManager: Mounting plugin CustomMeshComponent
LogPluginManager: Mounting plugin EditableMesh
LogPluginManager: Mounting plugin ExampleDeviceProfileSelector
LogPluginManager: Mounting plugin Firebase
LogPluginManager: Mounting plugin GoogleCloudMessaging
LogPluginManager: Mounting plugin IOSDeviceProfileSelector
LogPluginManager: Mounting plugin LinuxDeviceProfileSelector
LogPluginManager: Mounting plugin LocationServicesBPLibrary
LogPluginManager: Mounting plugin MobilePatchingUtils
LogPluginManager: Mounting plugin OculusVR
LogPluginManager: Mounting plugin PhysXVehicles
LogPluginManager: Mounting plugin ProceduralMeshComponent
LogPluginManager: Mounting plugin RuntimePhysXCooking
LogPluginManager: Mounting plugin SignificanceManager
LogPluginManager: Mounting plugin SteamVR
LogPluginManager: Mounting plugin WebMMoviePlayer
LogPluginManager: Mounting plugin WindowsMoviePlayer
LogPluginManager: Mounting plugin TCPPlugin
LogInit: Using libcurl 7.55.1-DEV
LogInit:  - built for x86_64-pc-win32
LogInit:  - supports SSL with OpenSSL/1.1.1
LogInit:  - supports HTTP deflate (compression) using libz 1.2.8
LogInit:  - other features:
LogInit:      CURL_VERSION_SSL
LogInit:      CURL_VERSION_LIBZ
LogInit:      CURL_VERSION_IPV6
LogInit:      CURL_VERSION_ASYNCHDNS
LogInit:      CURL_VERSION_LARGEFILE
LogInit:      CURL_VERSION_IDN
LogInit:  CurlRequestOptions (configurable via config and command line):
LogInit:  - bVerifyPeer = true  - Libcurl will verify peer certificate
LogInit:  - bUseHttpProxy = false  - Libcurl will NOT use HTTP proxy
LogInit:  - bDontReuseConnections = false  - Libcurl will reuse connections
LogInit:  - MaxHostConnections = 16  - Libcurl will limit the number of connections to a host
LogInit:  - LocalHostAddr = Default
LogInit:  - BufferSize = 65536
LogInit: WinSock: version 1.1 (2.2), MaxSocks=32767, MaxUdp=65467
LogInit: Build: ++UE4+Release-4.22-CL-7053642
LogInit: Engine Version: 4.22.3-7053642+++UE4+Release-4.22
LogInit: Compatible Engine Version: 4.22.0-5660361+++UE4+Release-4.22
LogInit: Net CL: 5660361
LogInit: OS: Windows 10 (Release 1903) (), CPU:         Intel(R) Core(TM) i5-3470 CPU @ 3.20GHz, GPU: NVIDIA GeForce GT 640
LogInit: Compiled (64-bit): Jun 18 2019 03:09:11
LogInit: Compiled with Visual C++: 19.16.27025.01
LogInit: Build Configuration: Development
LogInit: Branch Name: ++UE4+Release-4.22
LogInit: Command Line:  -skipcompile
LogInit: Base Directory: C:/Program Files/Epic Games/UE_4.22/Engine/Binaries/Win64/
LogInit: Installed Engine Build: 1
LogDevObjectVersion: Number of dev versions registered: 23
LogDevObjectVersion:   Dev-Blueprints (B0D832E4-1F89-4F0D-ACCF-7EB736FD4AA2): 10
LogDevObjectVersion:   Dev-Build (E1C64328-A22C-4D53-A36C-8E866417BD8C): 0
LogDevObjectVersion:   Dev-Core (375EC13C-06E4-48FB-B500-84F0262A717E): 3
LogDevObjectVersion:   Dev-Editor (E4B068ED-F494-42E9-A231-DA0B2E46BB41): 30
LogDevObjectVersion:   Dev-Framework (CFFC743F-43B0-4480-9391-14DF171D2073): 35
LogDevObjectVersion:   Dev-Mobile (B02B49B5-BB20-44E9-A304-32B752E40360): 2
LogDevObjectVersion:   Dev-Networking (A4E4105C-59A1-49B5-A7C5-40C4547EDFEE): 0
LogDevObjectVersion:   Dev-Online (39C831C9-5AE6-47DC-9A44-9C173E1C8E7C): 0
LogDevObjectVersion:   Dev-Physics (78F01B33-EBEA-4F98-B9B4-84EACCB95AA2): 0
LogDevObjectVersion:   Dev-Platform (6631380F-2D4D-43E0-8009-CF276956A95A): 0
LogDevObjectVersion:   Dev-Rendering (12F88B9F-8875-4AFC-A67C-D90C383ABD29): 28
LogDevObjectVersion:   Dev-Sequencer (7B5AE74C-D270-4C10-A958-57980B212A5A): 11
LogDevObjectVersion:   Dev-VR (D7296918-1DD6-4BDD-9DE2-64A83CC13884): 2
LogDevObjectVersion:   Dev-LoadTimes (C2A15278-BFE7-4AFE-6C17-90FF531DF755): 1
LogDevObjectVersion:   Private-Geometry (6EACA3D4-40EC-4CC1-B786-8BED09428FC5): 3
LogDevObjectVersion:   Dev-AnimPhys (29E575DD-E0A3-4627-9D10-D276232CDCEA): 17
LogDevObjectVersion:   Dev-Anim (AF43A65D-7FD3-4947-9873-3E8ED9C1BB05): 2
LogDevObjectVersion:   Dev-ReflectionCapture (6B266CEC-1EC7-4B8F-A30B-E4D90942FC07): 1
LogDevObjectVersion:   Dev-Automation (0DF73D61-A23F-47EA-B727-89E90C41499A): 1
LogDevObjectVersion:   FortniteMain (601D1886-AC64-4F84-AA16-D3DE0DEAC7D6): 25
LogDevObjectVersion:   Dev-Enterprise (9DFFBCD6-494F-0158-E221-12823C92A888): 6
LogDevObjectVersion:   Dev-Niagara (F2AED0AC-9AFE-416F-8664-AA7FFA26D6FC): 1
LogDevObjectVersion:   Dev-Destruction (174F1F0B-B4C6-45A5-B13F-2EE8D0FB917D): 2
LogInit: Presizing for max 16777216 objects, including 0 objects not considered by GC, pre-allocating 0 bytes for permanent pool.
LogInit: Object subsystem initialized
LogConfig: Setting CVar [[con.DebugEarlyDefault:1]]
LogConfig: Setting CVar [[r.setres:1280x720]]
[2019.09.03-10.31.39:903][  0]LogConfig: Setting CVar [[r.VSync:0]]
[2019.09.03-10.31.39:903][  0]LogConfig: Setting CVar [[r.RHICmdBypass:0]]
[2019.09.03-10.31.39:903][  0]LogConfig: Applying CVar settings from Section [/Script/Engine.RendererSettings] File [C:/Users/hiran.tharinda/Documents/Unreal Projects/TCPBuilder/Saved/Config/Windows/Engine.ini]
[2019.09.03-10.31.39:904][  0]LogConfig: Setting CVar [[r.GPUCrashDebugging:0]]
[2019.09.03-10.31.39:904][  0]LogConfig: Setting CVar [[r.DefaultFeature.AutoExposure.ExtendDefaultLuminanceRange:1]]
[2019.09.03-10.31.39:904][  0]LogConfig: Applying CVar settings from Section [/Script/Engine.RendererOverrideSettings] File [C:/Users/hiran.tharinda/Documents/Unreal Projects/TCPBuilder/Saved/Config/Windows/Engine.ini]
[2019.09.03-10.31.39:904][  0]LogConfig: Applying CVar settings from Section [/Script/Engine.StreamingSettings] File [C:/Users/hiran.tharinda/Documents/Unreal Projects/TCPBuilder/Saved/Config/Windows/Engine.ini]
[2019.09.03-10.31.39:904][  0]LogConfig: Setting CVar [[s.MinBulkDataSizeForAsyncLoading:131072]]
[2019.09.03-10.31.39:904][  0]LogConfig: Setting CVar [[s.AsyncLoadingThreadEnabled:0]]
[2019.09.03-10.31.39:904][  0]LogConfig: Setting CVar [[s.EventDrivenLoaderEnabled:1]]
[2019.09.03-10.31.39:904][  0]LogConfig: Setting CVar [[s.WarnIfTimeLimitExceeded:0]]
[2019.09.03-10.31.39:904][  0]LogConfig: Setting CVar [[s.TimeLimitExceededMultiplier:1.5]]
[2019.09.03-10.31.39:905][  0]LogConfig: Setting CVar [[s.TimeLimitExceededMinTime:0.005]]
[2019.09.03-10.31.39:905][  0]LogConfig: Setting CVar [[s.UseBackgroundLevelStreaming:1]]
[2019.09.03-10.31.39:905][  0]LogConfig: Setting CVar [[s.PriorityAsyncLoadingExtraTime:15.0]]
[2019.09.03-10.31.39:905][  0]LogConfig: Setting CVar [[s.LevelStreamingActorsUpdateTimeLimit:5.0]]
[2019.09.03-10.31.39:905][  0]LogConfig: Setting CVar [[s.PriorityLevelStreamingActorsUpdateExtraTime:5.0]]
[2019.09.03-10.31.39:905][  0]LogConfig: Setting CVar [[s.LevelStreamingComponentsRegistrationGranularity:10]]
[2019.09.03-10.31.39:905][  0]LogConfig: Setting CVar [[s.UnregisterComponentsTimeLimit:1.0]]
[2019.09.03-10.31.39:906][  0]LogConfig: Setting CVar [[s.LevelStreamingComponentsUnregistrationGranularity:5]]
[2019.09.03-10.31.39:906][  0]LogConfig: Applying CVar settings from Section [/Script/Engine.GarbageCollectionSettings] File [C:/Users/hiran.tharinda/Documents/Unreal Projects/TCPBuilder/Saved/Config/Windows/Engine.ini]
[2019.09.03-10.31.39:906][  0]LogConfig: Setting CVar [[gc.MaxObjectsNotConsideredByGC:1]]
[2019.09.03-10.31.39:906][  0]LogConfig: Setting CVar [[gc.SizeOfPermanentObjectPool:0]]
[2019.09.03-10.31.39:906][  0]LogConfig: Setting CVar [[gc.FlushStreamingOnGC:0]]
[2019.09.03-10.31.39:906][  0]LogConfig: Setting CVar [[gc.NumRetriesBeforeForcingGC:10]]
[2019.09.03-10.31.39:906][  0]LogConfig: Setting CVar [[gc.AllowParallelGC:1]]
[2019.09.03-10.31.39:906][  0]LogConfig: Setting CVar [[gc.TimeBetweenPurgingPendingKillObjects:61.1]]
[2019.09.03-10.31.39:907][  0]LogConfig: Setting CVar [[gc.MaxObjectsInEditor:16777216]]
[2019.09.03-10.31.39:907][  0]LogConfig: Setting CVar [[gc.IncrementalBeginDestroyEnabled:1]]
[2019.09.03-10.31.39:907][  0]LogConfig: Setting CVar [[gc.CreateGCClusters:1]]
[2019.09.03-10.31.39:907][  0]LogConfig: Setting CVar [[gc.MinGCClusterSize:5]]
[2019.09.03-10.31.39:907][  0]LogConfig: Setting CVar [[gc.ActorClusteringEnabled:0]]
[2019.09.03-10.31.39:907][  0]LogConfig: Setting CVar [[gc.BlueprintClusteringEnabled:0]]
[2019.09.03-10.31.39:907][  0]LogConfig: Setting CVar [[gc.UseDisregardForGCOnDedicatedServers:0]]
[2019.09.03-10.31.39:907][  0]LogConfig: Applying CVar settings from Section [/Script/Engine.NetworkSettings] File [C:/Users/hiran.tharinda/Documents/Unreal Projects/TCPBuilder/Saved/Config/Windows/Engine.ini]
[2019.09.03-10.31.39:907][  0]LogConfig: Applying CVar settings from Section [/Script/UnrealEd.CookerSettings] File [C:/Users/hiran.tharinda/Documents/Unreal Projects/TCPBuilder/Saved/Config/Windows/Engine.ini]
[2019.09.03-10.31.39:921][  0]LogConfig: Applying CVar settings from Section [ViewDistanceQuality@3] File [C:/Users/hiran.tharinda/Documents/Unreal Projects/TCPBuilder/Saved/Config/Windows/Scalability.ini]
[2019.09.03-10.31.39:921][  0]LogConfig: Setting CVar [[r.SkeletalMeshLODBias:0]]
[2019.09.03-10.31.39:921][  0]LogConfig: Setting CVar [[r.ViewDistanceScale:1.0]]
[2019.09.03-10.31.39:921][  0]LogConfig: Applying CVar settings from Section [AntiAliasingQuality@3] File [C:/Users/hiran.tharinda/Documents/Unreal Projects/TCPBuilder/Saved/Config/Windows/Scalability.ini]
[2019.09.03-10.31.39:921][  0]LogConfig: Setting CVar [[r.PostProcessAAQuality:4]]
[2019.09.03-10.31.39:921][  0]LogConfig: Applying CVar settings from Section [ShadowQuality@3] File [C:/Users/hiran.tharinda/Documents/Unreal Projects/TCPBuilder/Saved/Config/Windows/Scalability.ini]
[2019.09.03-10.31.39:921][  0]LogConfig: Setting CVar [[r.LightFunctionQuality:1]]
[2019.09.03-10.31.39:922][  0]LogConfig: Setting CVar [[r.ShadowQuality:5]]
[2019.09.03-10.31.39:922][  0]LogConfig: Setting CVar [[r.Shadow.CSM.MaxCascades:10]]
[2019.09.03-10.31.39:922][  0]LogConfig: Setting CVar [[r.Shadow.MaxResolution:2048]]
[2019.09.03-10.31.39:922][  0]LogConfig: Setting CVar [[r.Shadow.MaxCSMResolution:2048]]
[2019.09.03-10.31.39:922][  0]LogConfig: Setting CVar [[r.Shadow.RadiusThreshold:0.01]]
[2019.09.03-10.31.39:922][  0]LogConfig: Setting CVar [[r.Shadow.DistanceScale:1.0]]
[2019.09.03-10.31.39:922][  0]LogConfig: Setting CVar [[r.Shadow.CSM.TransitionScale:1.0]]
[2019.09.03-10.31.39:922][  0]LogConfig: Setting CVar [[r.Shadow.PreShadowResolutionFactor:1.0]]
[2019.09.03-10.31.39:922][  0]LogConfig: Setting CVar [[r.DistanceFieldShadowing:1]]
[2019.09.03-10.31.39:922][  0]LogConfig: Setting CVar [[r.DistanceFieldAO:1]]
[2019.09.03-10.31.39:922][  0]LogConfig: Setting CVar [[r.AOQuality:2]]
[2019.09.03-10.31.39:923][  0]LogConfig: Setting CVar [[r.VolumetricFog:1]]
[2019.09.03-10.31.39:923][  0]LogConfig: Setting CVar [[r.VolumetricFog.GridPixelSize:8]]
[2019.09.03-10.31.39:923][  0]LogConfig: Setting CVar [[r.VolumetricFog.GridSizeZ:128]]
[2019.09.03-10.31.39:923][  0]LogConfig: Setting CVar [[r.VolumetricFog.HistoryMissSupersampleCount:4]]
[2019.09.03-10.31.39:923][  0]LogConfig: Setting CVar [[r.LightMaxDrawDistanceScale:1]]
[2019.09.03-10.31.39:923][  0]LogConfig: Setting CVar [[r.CapsuleShadows:1]]
[2019.09.03-10.31.39:923][  0]LogConfig: Applying CVar settings from Section [PostProcessQuality@3] File [C:/Users/hiran.tharinda/Documents/Unreal Projects/TCPBuilder/Saved/Config/Windows/Scalability.ini]
[2019.09.03-10.31.39:923][  0]LogConfig: Setting CVar [[r.MotionBlurQuality:4]]
[2019.09.03-10.31.39:923][  0]LogConfig: Setting CVar [[r.AmbientOcclusionMipLevelFactor:0.4]]
[2019.09.03-10.31.39:924][  0]LogConfig: Setting CVar [[r.AmbientOcclusionMaxQuality:100]]
[2019.09.03-10.31.39:924][  0]LogConfig: Setting CVar [[r.AmbientOcclusionLevels:-1]]
[2019.09.03-10.31.39:924][  0]LogConfig: Setting CVar [[r.AmbientOcclusionRadiusScale:1.0]]
[2019.09.03-10.31.39:924][  0]LogConfig: Setting CVar [[r.DepthOfFieldQuality:2]]
[2019.09.03-10.31.39:924][  0]LogConfig: Setting CVar [[r.RenderTargetPoolMin:400]]
[2019.09.03-10.31.39:924][  0]LogConfig: Setting CVar [[r.LensFlareQuality:2]]
[2019.09.03-10.31.39:924][  0]LogConfig: Setting CVar [[r.SceneColorFringeQuality:1]]
[2019.09.03-10.31.39:924][  0]LogConfig: Setting CVar [[r.EyeAdaptationQuality:2]]
[2019.09.03-10.31.39:924][  0]LogConfig: Setting CVar [[r.BloomQuality:5]]
[2019.09.03-10.31.39:924][  0]LogConfig: Setting CVar [[r.FastBlurThreshold:100]]
[2019.09.03-10.31.39:925][  0]LogConfig: Setting CVar [[r.Upscale.Quality:3]]
[2019.09.03-10.31.39:925][  0]LogConfig: Setting CVar [[r.Tonemapper.GrainQuantization:1]]
[2019.09.03-10.31.39:925][  0]LogConfig: Setting CVar [[r.LightShaftQuality:1]]
[2019.09.03-10.31.39:925][  0]LogConfig: Setting CVar [[r.Filter.SizeScale:1]]
[2019.09.03-10.31.39:925][  0]LogConfig: Setting CVar [[r.Tonemapper.Quality:5]]
[2019.09.03-10.31.39:925][  0]LogConfig: Setting CVar [[r.DOF.Gather.AccumulatorQuality:1        ; higher gathering accumulator quality]]
[2019.09.03-10.31.39:925][  0]LogConfig: Setting CVar [[r.DOF.Gather.PostfilterMethod:1          ; Median3x3 postfilering method]]
[2019.09.03-10.31.39:925][  0]LogConfig: Setting CVar [[r.DOF.Gather.EnableBokehSettings:0       ; no bokeh simulation when gathering]]
[2019.09.03-10.31.39:925][  0]LogConfig: Setting CVar [[r.DOF.Gather.RingCount:4                 ; medium number of samples when gathering]]
[2019.09.03-10.31.39:925][  0]LogConfig: Setting CVar [[r.DOF.Scatter.ForegroundCompositing:1    ; additive foreground scattering]]
[2019.09.03-10.31.39:926][  0]LogConfig: Setting CVar [[r.DOF.Scatter.BackgroundCompositing:2    ; additive background scattering]]
[2019.09.03-10.31.39:926][  0]LogConfig: Setting CVar [[r.DOF.Scatter.EnableBokehSettings:1      ; bokeh simulation when scattering]]
[2019.09.03-10.31.39:926][  0]LogConfig: Setting CVar [[r.DOF.Scatter.MaxSpriteRatio:0.1         ; only a maximum of 10% of scattered bokeh]]
[2019.09.03-10.31.39:926][  0]LogConfig: Setting CVar [[r.DOF.Recombine.Quality:1                ; cheap slight out of focus]]
[2019.09.03-10.31.39:926][  0]LogConfig: Setting CVar [[r.DOF.Recombine.EnableBokehSettings:0    ; no bokeh simulation on slight out of focus]]
[2019.09.03-10.31.39:926][  0]LogConfig: Setting CVar [[r.DOF.TemporalAAQuality:1                ; more stable temporal accumulation]]
[2019.09.03-10.31.39:926][  0]LogConfig: Setting CVar [[r.DOF.Kernel.MaxForegroundRadius:0.025]]
[2019.09.03-10.31.39:926][  0]LogConfig: Setting CVar [[r.DOF.Kernel.MaxBackgroundRadius:0.025]]
[2019.09.03-10.31.39:926][  0]LogConfig: Applying CVar settings from Section [TextureQuality@3] File [C:/Users/hiran.tharinda/Documents/Unreal Projects/TCPBuilder/Saved/Config/Windows/Scalability.ini]
[2019.09.03-10.31.39:926][  0]LogConfig: Setting CVar [[r.Streaming.MipBias:0]]
[2019.09.03-10.31.39:926][  0]LogConfig: Setting CVar [[r.Streaming.AmortizeCPUToGPUCopy:0]]
[2019.09.03-10.31.39:927][  0]LogConfig: Setting CVar [[r.Streaming.MaxNumTexturesToStreamPerFrame:0]]
[2019.09.03-10.31.39:927][  0]LogConfig: Setting CVar [[r.Streaming.Boost:1]]
[2019.09.03-10.31.39:927][  0]LogConfig: Setting CVar [[r.MaxAnisotropy:8]]
[2019.09.03-10.31.39:927][  0]LogConfig: Setting CVar [[r.Streaming.LimitPoolSizeToVRAM:0]]
[2019.09.03-10.31.39:927][  0]LogConfig: Setting CVar [[r.Streaming.PoolSize:1000]]
[2019.09.03-10.31.39:927][  0]LogConfig: Setting CVar [[r.Streaming.MaxEffectiveScreenSize:0]]
[2019.09.03-10.31.39:927][  0]LogConfig: Applying CVar settings from Section [EffectsQuality@3] File [C:/Users/hiran.tharinda/Documents/Unreal Projects/TCPBuilder/Saved/Config/Windows/Scalability.ini]
[2019.09.03-10.31.39:927][  0]LogConfig: Setting CVar [[r.TranslucencyLightingVolumeDim:64]]
[2019.09.03-10.31.39:928][  0]LogConfig: Setting CVar [[r.RefractionQuality:2]]
[2019.09.03-10.31.39:928][  0]LogConfig: Setting CVar [[r.SSR.Quality:3]]
[2019.09.03-10.31.39:928][  0]LogConfig: Setting CVar [[r.SceneColorFormat:4]]
[2019.09.03-10.31.39:928][  0]LogConfig: Setting CVar [[r.DetailMode:2]]
[2019.09.03-10.31.39:928][  0]LogConfig: Setting CVar [[r.TranslucencyVolumeBlur:1]]
[2019.09.03-10.31.39:928][  0]LogConfig: Setting CVar [[r.MaterialQualityLevel:1 ; High quality]]
[2019.09.03-10.31.39:928][  0]LogConfig: Setting CVar [[r.SSS.Scale:1]]
[2019.09.03-10.31.39:929][  0]LogConfig: Setting CVar [[r.SSS.SampleSet:2]]
[2019.09.03-10.31.39:929][  0]LogConfig: Setting CVar [[r.SSS.Quality:1]]
[2019.09.03-10.31.39:929][  0]LogConfig: Setting CVar [[r.SSS.HalfRes:1]]
[2019.09.03-10.31.39:929][  0]LogConfig: Setting CVar [[r.EmitterSpawnRateScale:1.0]]
[2019.09.03-10.31.39:929][  0]LogConfig: Setting CVar [[r.ParticleLightQuality:2]]
[2019.09.03-10.31.39:929][  0]LogConfig: Applying CVar settings from Section [FoliageQuality@3] File [C:/Users/hiran.tharinda/Documents/Unreal Projects/TCPBuilder/Saved/Config/Windows/Scalability.ini]
[2019.09.03-10.31.39:929][  0]LogConfig: Setting CVar [[foliage.DensityScale:1.0]]
[2019.09.03-10.31.39:929][  0]LogConfig: Setting CVar [[grass.DensityScale:1.0]]
[2019.09.03-10.31.39:929][  0]LogInit: Selected Device Profile: [Windows]
[2019.09.03-10.31.39:930][  0]LogInit: Applying CVar settings loaded from the selected device profile: [Windows]
[2019.09.03-10.31.40:000][  0]LogHAL: Display: Platform has ~ 8 GB [8558567424 / 8589934592 / 8], which maps to Default [LargestMinGB=32, LargerMinGB=12, DefaultMinGB=8, SmallerMinGB=6, SmallestMinGB=0)
[2019.09.03-10.31.40:001][  0]LogConfig: Setting CVar [[r.Vulkan.UseRealUBs:0		; Required until we fix HLR fall-out]]
[2019.09.03-10.31.40:001][  0]LogInit: Going up to parent DeviceProfile []
[2019.09.03-10.31.40:001][  0]LogConfig: Applying CVar settings from Section [ViewDistanceQuality@3] File [C:/Users/hiran.tharinda/Documents/Unreal Projects/TCPBuilder/Saved/Config/Windows/Scalability.ini]
[2019.09.03-10.31.40:001][  0]LogConfig: Setting CVar [[r.SkeletalMeshLODBias:0]]
[2019.09.03-10.31.40:001][  0]LogConfig: Setting CVar [[r.ViewDistanceScale:1.0]]
[2019.09.03-10.31.40:001][  0]LogConfig: Applying CVar settings from Section [AntiAliasingQuality@3] File [C:/Users/hiran.tharinda/Documents/Unreal Projects/TCPBuilder/Saved/Config/Windows/Scalability.ini]
[2019.09.03-10.31.40:001][  0]LogConfig: Setting CVar [[r.PostProcessAAQuality:4]]
[2019.09.03-10.31.40:001][  0]LogConfig: Applying CVar settings from Section [ShadowQuality@3] File [C:/Users/hiran.tharinda/Documents/Unreal Projects/TCPBuilder/Saved/Config/Windows/Scalability.ini]
[2019.09.03-10.31.40:001][  0]LogConfig: Setting CVar [[r.LightFunctionQuality:1]]
[2019.09.03-10.31.40:001][  0]LogConfig: Setting CVar [[r.ShadowQuality:5]]
[2019.09.03-10.31.40:001][  0]LogConfig: Setting CVar [[r.Shadow.CSM.MaxCascades:10]]
[2019.09.03-10.31.40:001][  0]LogConfig: Setting CVar [[r.Shadow.MaxResolution:2048]]
[2019.09.03-10.31.40:001][  0]LogConfig: Setting CVar [[r.Shadow.MaxCSMResolution:2048]]
[2019.09.03-10.31.40:001][  0]LogConfig: Setting CVar [[r.Shadow.RadiusThreshold:0.01]]
[2019.09.03-10.31.40:002][  0]LogConfig: Setting CVar [[r.Shadow.DistanceScale:1.0]]
[2019.09.03-10.31.40:002][  0]LogConfig: Setting CVar [[r.Shadow.CSM.TransitionScale:1.0]]
[2019.09.03-10.31.40:002][  0]LogConfig: Setting CVar [[r.Shadow.PreShadowResolutionFactor:1.0]]
[2019.09.03-10.31.40:002][  0]LogConfig: Setting CVar [[r.DistanceFieldShadowing:1]]
[2019.09.03-10.31.40:002][  0]LogConfig: Setting CVar [[r.DistanceFieldAO:1]]
[2019.09.03-10.31.40:002][  0]LogConfig: Setting CVar [[r.AOQuality:2]]
[2019.09.03-10.31.40:002][  0]LogConfig: Setting CVar [[r.VolumetricFog:1]]
[2019.09.03-10.31.40:002][  0]LogConfig: Setting CVar [[r.VolumetricFog.GridPixelSize:8]]
[2019.09.03-10.31.40:002][  0]LogConfig: Setting CVar [[r.VolumetricFog.GridSizeZ:128]]
[2019.09.03-10.31.40:002][  0]LogConfig: Setting CVar [[r.VolumetricFog.HistoryMissSupersampleCount:4]]
[2019.09.03-10.31.40:002][  0]LogConfig: Setting CVar [[r.LightMaxDrawDistanceScale:1]]
[2019.09.03-10.31.40:002][  0]LogConfig: Setting CVar [[r.CapsuleShadows:1]]
[2019.09.03-10.31.40:002][  0]LogConfig: Applying CVar settings from Section [PostProcessQuality@3] File [C:/Users/hiran.tharinda/Documents/Unreal Projects/TCPBuilder/Saved/Config/Windows/Scalability.ini]
[2019.09.03-10.31.40:002][  0]LogConfig: Setting CVar [[r.MotionBlurQuality:4]]
[2019.09.03-10.31.40:003][  0]LogConfig: Setting CVar [[r.AmbientOcclusionMipLevelFactor:0.4]]
[2019.09.03-10.31.40:003][  0]LogConfig: Setting CVar [[r.AmbientOcclusionMaxQuality:100]]
[2019.09.03-10.31.40:003][  0]LogConfig: Setting CVar [[r.AmbientOcclusionLevels:-1]]
[2019.09.03-10.31.40:003][  0]LogConfig: Setting CVar [[r.AmbientOcclusionRadiusScale:1.0]]
[2019.09.03-10.31.40:003][  0]LogConfig: Setting CVar [[r.DepthOfFieldQuality:2]]
[2019.09.03-10.31.40:003][  0]LogConfig: Setting CVar [[r.RenderTargetPoolMin:400]]
[2019.09.03-10.31.40:003][  0]LogConfig: Setting CVar [[r.LensFlareQuality:2]]
[2019.09.03-10.31.40:003][  0]LogConfig: Setting CVar [[r.SceneColorFringeQuality:1]]
[2019.09.03-10.31.40:003][  0]LogConfig: Setting CVar [[r.EyeAdaptationQuality:2]]
[2019.09.03-10.31.40:003][  0]LogConfig: Setting CVar [[r.BloomQuality:5]]
[2019.09.03-10.31.40:003][  0]LogConfig: Setting CVar [[r.FastBlurThreshold:100]]
[2019.09.03-10.31.40:003][  0]LogConfig: Setting CVar [[r.Upscale.Quality:3]]
[2019.09.03-10.31.40:003][  0]LogConfig: Setting CVar [[r.Tonemapper.GrainQuantization:1]]
[2019.09.03-10.31.40:003][  0]LogConfig: Setting CVar [[r.LightShaftQuality:1]]
[2019.09.03-10.31.40:003][  0]LogConfig: Setting CVar [[r.Filter.SizeScale:1]]
[2019.09.03-10.31.40:003][  0]LogConfig: Setting CVar [[r.Tonemapper.Quality:5]]
[2019.09.03-10.31.40:003][  0]LogConfig: Setting CVar [[r.DOF.Gather.AccumulatorQuality:1        ; higher gathering accumulator quality]]
[2019.09.03-10.31.40:004][  0]LogConfig: Setting CVar [[r.DOF.Gather.PostfilterMethod:1          ; Median3x3 postfilering method]]
[2019.09.03-10.31.40:004][  0]LogConfig: Setting CVar [[r.DOF.Gather.EnableBokehSettings:0       ; no bokeh simulation when gathering]]
[2019.09.03-10.31.40:004][  0]LogConfig: Setting CVar [[r.DOF.Gather.RingCount:4                 ; medium number of samples when gathering]]
[2019.09.03-10.31.40:004][  0]LogConfig: Setting CVar [[r.DOF.Scatter.ForegroundCompositing:1    ; additive foreground scattering]]
[2019.09.03-10.31.40:004][  0]LogConfig: Setting CVar [[r.DOF.Scatter.BackgroundCompositing:2    ; additive background scattering]]
[2019.09.03-10.31.40:004][  0]LogConfig: Setting CVar [[r.DOF.Scatter.EnableBokehSettings:1      ; bokeh simulation when scattering]]
[2019.09.03-10.31.40:004][  0]LogConfig: Setting CVar [[r.DOF.Scatter.MaxSpriteRatio:0.1         ; only a maximum of 10% of scattered bokeh]]
[2019.09.03-10.31.40:004][  0]LogConfig: Setting CVar [[r.DOF.Recombine.Quality:1                ; cheap slight out of focus]]
[2019.09.03-10.31.40:004][  0]LogConfig: Setting CVar [[r.DOF.Recombine.EnableBokehSettings:0    ; no bokeh simulation on slight out of focus]]
[2019.09.03-10.31.40:004][  0]LogConfig: Setting CVar [[r.DOF.TemporalAAQuality:1                ; more stable temporal accumulation]]
[2019.09.03-10.31.40:004][  0]LogConfig: Setting CVar [[r.DOF.Kernel.MaxForegroundRadius:0.025]]
[2019.09.03-10.31.40:004][  0]LogConfig: Setting CVar [[r.DOF.Kernel.MaxBackgroundRadius:0.025]]
[2019.09.03-10.31.40:004][  0]LogConfig: Applying CVar settings from Section [TextureQuality@3] File [C:/Users/hiran.tharinda/Documents/Unreal Projects/TCPBuilder/Saved/Config/Windows/Scalability.ini]
[2019.09.03-10.31.40:004][  0]LogConfig: Setting CVar [[r.Streaming.MipBias:0]]
[2019.09.03-10.31.40:004][  0]LogConfig: Setting CVar [[r.Streaming.AmortizeCPUToGPUCopy:0]]
[2019.09.03-10.31.40:004][  0]LogConfig: Setting CVar [[r.Streaming.MaxNumTexturesToStreamPerFrame:0]]
[2019.09.03-10.31.40:004][  0]LogConfig: Setting CVar [[r.Streaming.Boost:1]]
[2019.09.03-10.31.40:004][  0]LogConfig: Setting CVar [[r.MaxAnisotropy:8]]
[2019.09.03-10.31.40:004][  0]LogConfig: Setting CVar [[r.Streaming.LimitPoolSizeToVRAM:0]]
[2019.09.03-10.31.40:004][  0]LogConfig: Setting CVar [[r.Streaming.PoolSize:1000]]
[2019.09.03-10.31.40:005][  0]LogConfig: Setting CVar [[r.Streaming.MaxEffectiveScreenSize:0]]
[2019.09.03-10.31.40:005][  0]LogConfig: Applying CVar settings from Section [EffectsQuality@3] File [C:/Users/hiran.tharinda/Documents/Unreal Projects/TCPBuilder/Saved/Config/Windows/Scalability.ini]
[2019.09.03-10.31.40:005][  0]LogConfig: Setting CVar [[r.TranslucencyLightingVolumeDim:64]]
[2019.09.03-10.31.40:005][  0]LogConfig: Setting CVar [[r.RefractionQuality:2]]
[2019.09.03-10.31.40:005][  0]LogConfig: Setting CVar [[r.SSR.Quality:3]]
[2019.09.03-10.31.40:005][  0]LogConfig: Setting CVar [[r.SceneColorFormat:4]]
[2019.09.03-10.31.40:005][  0]LogConfig: Setting CVar [[r.DetailMode:2]]
[2019.09.03-10.31.40:005][  0]LogConfig: Setting CVar [[r.TranslucencyVolumeBlur:1]]
[2019.09.03-10.31.40:005][  0]LogConfig: Setting CVar [[r.MaterialQualityLevel:1 ; High quality]]
[2019.09.03-10.31.40:005][  0]LogConfig: Setting CVar [[r.SSS.Scale:1]]
[2019.09.03-10.31.40:005][  0]LogConfig: Setting CVar [[r.SSS.SampleSet:2]]
[2019.09.03-10.31.40:005][  0]LogConfig: Setting CVar [[r.SSS.Quality:1]]
[2019.09.03-10.31.40:005][  0]LogConfig: Setting CVar [[r.SSS.HalfRes:1]]
[2019.09.03-10.31.40:005][  0]LogConfig: Setting CVar [[r.EmitterSpawnRateScale:1.0]]
[2019.09.03-10.31.40:005][  0]LogConfig: Setting CVar [[r.ParticleLightQuality:2]]
[2019.09.03-10.31.40:005][  0]LogConfig: Applying CVar settings from Section [FoliageQuality@3] File [C:/Users/hiran.tharinda/Documents/Unreal Projects/TCPBuilder/Saved/Config/Windows/Scalability.ini]
[2019.09.03-10.31.40:005][  0]LogConfig: Setting CVar [[foliage.DensityScale:1.0]]
[2019.09.03-10.31.40:005][  0]LogConfig: Setting CVar [[grass.DensityScale:1.0]]
[2019.09.03-10.31.40:005][  0]LogConfig: Applying CVar settings from Section [Startup] File [../../../Engine/Config/ConsoleVariables.ini]
[2019.09.03-10.31.40:006][  0]LogConfig: Setting CVar [[net.UseAdaptiveNetUpdateFrequency:0]]
[2019.09.03-10.31.40:006][  0]LogConfig: Setting CVar [[p.chaos.AllowCreatePhysxBodies:1]]
[2019.09.03-10.31.40:006][  0]LogConfig: Applying CVar settings from Section [ConsoleVariables] File [C:/Users/hiran.tharinda/Documents/Unreal Projects/TCPBuilder/Saved/Config/Windows/Engine.ini]
[2019.09.03-10.31.40:006][  0]LogInit: Computer: HIRAN-PC
[2019.09.03-10.31.40:006][  0]LogInit: User: hirantharinda
[2019.09.03-10.31.40:006][  0]LogInit: CPU Page size=4096, Cores=4
[2019.09.03-10.31.40:006][  0]LogInit: High frequency timer resolution =10.000000 MHz
[2019.09.03-10.31.40:007][  0]LogMemory: Memory total: Physical=8.0GB (8GB approx)
[2019.09.03-10.31.40:007][  0]LogMemory: Platform Memory Stats for Windows
[2019.09.03-10.31.40:007][  0]LogMemory: Process Physical Memory: 96.77 MB used, 96.77 MB peak
[2019.09.03-10.31.40:007][  0]LogMemory: Process Virtual Memory: 83.79 MB used, 83.79 MB peak
[2019.09.03-10.31.40:007][  0]LogMemory: Physical Memory: 6483.81 MB used,  1678.27 MB free, 8162.09 MB total
[2019.09.03-10.31.40:007][  0]LogMemory: Virtual Memory: 4624.88 MB used,  134213104.00 MB free, 134217728.00 MB total
[2019.09.03-10.31.41:427][  0]LogInit: Using OS detected language (en-US).
[2019.09.03-10.31.41:427][  0]LogInit: Using OS detected locale (en-US).
[2019.09.03-10.31.41:428][  0]LogTextLocalizationManager: No specific localization for 'en-US' exists, so the 'en' localization will be used.
[2019.09.03-10.31.46:385][  0]LogInit: Setting process to per monitor DPI aware
[2019.09.03-10.31.46:753][  0]LogSlate: New Slate User Created.  User Index 0, Is Virtual User: 0
[2019.09.03-10.31.46:753][  0]LogSlate: Slate User Registered.  User Index 0, Is Virtual User: 0
[2019.09.03-10.31.50:164][  0]LogHMD: Failed to initialize OpenVR with code 110
[2019.09.03-10.31.50:164][  0]LogD3D11RHI: D3D11 adapters:
[2019.09.03-10.31.50:934][  0]LogD3D11RHI:    0. 'NVIDIA GeForce GT 640' (Feature Level 11_0)
[2019.09.03-10.31.50:934][  0]LogD3D11RHI:       2018/0/4081 MB DedicatedVideo/DedicatedSystem/SharedSystem, Outputs:1, VendorId:0x10de
[2019.09.03-10.31.51:038][  0]LogD3D11RHI:    1. 'Microsoft Basic Render Driver' (Feature Level 11_0)
[2019.09.03-10.31.51:038][  0]LogD3D11RHI:       0/0/4081 MB DedicatedVideo/DedicatedSystem/SharedSystem, Outputs:0, VendorId:0x1414
[2019.09.03-10.31.51:038][  0]LogD3D11RHI: Chosen D3D11 Adapter: 0
[2019.09.03-10.31.51:058][  0]LogD3D11RHI: Creating new Direct3DDevice
[2019.09.03-10.31.51:058][  0]LogD3D11RHI:     GPU DeviceId: 0xfc1 (for the marketing name, search the web for "GPU Device Id")
[2019.09.03-10.31.51:058][  0]LogWindows: EnumDisplayDevices:
[2019.09.03-10.31.51:058][  0]LogWindows:    0. 'NVIDIA GeForce GT 640' (P:1 D:1)
[2019.09.03-10.31.51:058][  0]LogWindows:    1. 'NVIDIA GeForce GT 640' (P:0 D:0)
[2019.09.03-10.31.51:059][  0]LogWindows:    2. 'NVIDIA GeForce GT 640' (P:0 D:0)
[2019.09.03-10.31.51:059][  0]LogWindows:    3. 'NVIDIA GeForce GT 640' (P:0 D:0)
[2019.09.03-10.31.51:059][  0]LogWindows: DebugString: FoundDriverCount:4 
[2019.09.03-10.31.51:059][  0]LogD3D11RHI:     Adapter Name: NVIDIA GeForce GT 640
[2019.09.03-10.31.51:059][  0]LogD3D11RHI:   Driver Version: 388.13 (internal:23.21.13.8813, unified:388.13)
[2019.09.03-10.31.51:059][  0]LogD3D11RHI:      Driver Date: 10-27-2017
[2019.09.03-10.31.51:059][  0]LogRHI: Texture pool is 1413 MB (70% of 2018 MB)
[2019.09.03-10.31.51:140][  0]LogD3D11RHI: Async texture creation enabled
[2019.09.03-10.31.51:145][  0]LogRendererCore: FGlobalReadBuffer::InitRHI
[2019.09.03-10.31.51:145][  0]LogRendererCore: FGlobalReadBuffer::InitRHI
[2019.09.03-10.31.51:145][  0]LogRendererCore: FGlobalReadBuffer::InitRHI
[2019.09.03-10.31.51:160][  0]LogD3D11RHI: GPU Timing Frequency: 1000.000000 (Debug: 2 2)
[2019.09.03-10.31.51:865][  0]LogTemp: Display: Module 'AllDesktopTargetPlatform' loaded TargetPlatform 'AllDesktop'
[2019.09.03-10.31.51:911][  0]LogTemp: Display: Module 'MacClientTargetPlatform' loaded TargetPlatform 'MacClient'
[2019.09.03-10.31.51:945][  0]LogTemp: Display: Module 'MacNoEditorTargetPlatform' loaded TargetPlatform 'MacNoEditor'
[2019.09.03-10.31.52:020][  0]LogTemp: Display: Module 'MacServerTargetPlatform' loaded TargetPlatform 'MacServer'
[2019.09.03-10.31.52:082][  0]LogTemp: Display: Module 'MacTargetPlatform' loaded TargetPlatform 'Mac'
[2019.09.03-10.31.52:125][  0]LogTemp: Display: Module 'WindowsClientTargetPlatform' loaded TargetPlatform 'WindowsClient'
[2019.09.03-10.31.52:164][  0]LogTemp: Display: Module 'WindowsNoEditorTargetPlatform' loaded TargetPlatform 'WindowsNoEditor'
[2019.09.03-10.31.52:197][  0]LogTemp: Display: Module 'WindowsServerTargetPlatform' loaded TargetPlatform 'WindowsServer'
[2019.09.03-10.31.52:277][  0]LogTemp: Display: Module 'WindowsTargetPlatform' loaded TargetPlatform 'Windows'
[2019.09.03-10.31.52:482][  0]LogTemp: Display: Module 'AndroidTargetPlatform' loaded TargetPlatform 'Android'
[2019.09.03-10.31.52:482][  0]LogTemp: Display: Module 'AndroidTargetPlatform' loaded TargetPlatform 'Android_ASTC'
[2019.09.03-10.31.52:482][  0]LogTemp: Display: Module 'AndroidTargetPlatform' loaded TargetPlatform 'Android_ATC'
[2019.09.03-10.31.52:482][  0]LogTemp: Display: Module 'AndroidTargetPlatform' loaded TargetPlatform 'Android_DXT'
[2019.09.03-10.31.52:482][  0]LogTemp: Display: Module 'AndroidTargetPlatform' loaded TargetPlatform 'Android_ETC1'
[2019.09.03-10.31.52:482][  0]LogTemp: Display: Module 'AndroidTargetPlatform' loaded TargetPlatform 'Android_ETC1a'
[2019.09.03-10.31.52:482][  0]LogTemp: Display: Module 'AndroidTargetPlatform' loaded TargetPlatform 'Android_ETC2'
[2019.09.03-10.31.52:482][  0]LogTemp: Display: Module 'AndroidTargetPlatform' loaded TargetPlatform 'Android_PVRTC'
[2019.09.03-10.31.52:482][  0]LogTemp: Display: Module 'AndroidTargetPlatform' loaded TargetPlatform 'AndroidClient'
[2019.09.03-10.31.52:482][  0]LogTemp: Display: Module 'AndroidTargetPlatform' loaded TargetPlatform 'Android_ASTCClient'
[2019.09.03-10.31.52:482][  0]LogTemp: Display: Module 'AndroidTargetPlatform' loaded TargetPlatform 'Android_ATCClient'
[2019.09.03-10.31.52:483][  0]LogTemp: Display: Module 'AndroidTargetPlatform' loaded TargetPlatform 'Android_DXTClient'
[2019.09.03-10.31.52:483][  0]LogTemp: Display: Module 'AndroidTargetPlatform' loaded TargetPlatform 'Android_ETC1Client'
[2019.09.03-10.31.52:483][  0]LogTemp: Display: Module 'AndroidTargetPlatform' loaded TargetPlatform 'Android_ETC1aClient'
[2019.09.03-10.31.52:483][  0]LogTemp: Display: Module 'AndroidTargetPlatform' loaded TargetPlatform 'Android_ETC2Client'
[2019.09.03-10.31.52:483][  0]LogTemp: Display: Module 'AndroidTargetPlatform' loaded TargetPlatform 'Android_PVRTCClient'
[2019.09.03-10.31.52:483][  0]LogTemp: Display: Module 'AndroidTargetPlatform' loaded TargetPlatform 'Android_Multi'
[2019.09.03-10.31.52:483][  0]LogTemp: Display: Module 'AndroidTargetPlatform' loaded TargetPlatform 'Android_MultiClient'
[2019.09.03-10.31.52:532][  0]LogTemp: Display: Module 'HTML5TargetPlatform' loaded TargetPlatform 'HTML5'
[2019.09.03-10.31.52:760][  0]LogTemp: Display: Module 'IOSTargetPlatform' loaded TargetPlatform 'IOSClient'
[2019.09.03-10.31.52:760][  0]LogTemp: Display: Module 'IOSTargetPlatform' loaded TargetPlatform 'IOS'
[2019.09.03-10.31.52:803][  0]LogTemp: Display: Module 'TVOSTargetPlatform' loaded TargetPlatform 'TVOSClient'
[2019.09.03-10.31.52:803][  0]LogTemp: Display: Module 'TVOSTargetPlatform' loaded TargetPlatform 'TVOS'
[2019.09.03-10.31.52:855][  0]LogTemp: Display: Module 'LinuxClientTargetPlatform' loaded TargetPlatform 'LinuxClient'
[2019.09.03-10.31.52:889][  0]LogTemp: Display: Module 'LinuxNoEditorTargetPlatform' loaded TargetPlatform 'LinuxNoEditor'
[2019.09.03-10.31.52:923][  0]LogTemp: Display: Module 'LinuxServerTargetPlatform' loaded TargetPlatform 'LinuxServer'
[2019.09.03-10.31.52:970][  0]LogTemp: Display: Module 'LinuxTargetPlatform' loaded TargetPlatform 'Linux'
[2019.09.03-10.31.53:072][  0]LogTemp: Display: Module 'LuminTargetPlatform' loaded TargetPlatform 'Lumin'
[2019.09.03-10.31.53:072][  0]LogTemp: Display: Module 'LuminTargetPlatform' loaded TargetPlatform 'LuminClient'
[2019.09.03-10.31.53:072][  0]LogTargetPlatformManager: Display: Building Assets For Windows
[2019.09.03-10.31.53:261][  0]LogAudioDebug: Display: Lib vorbis DLL was dynamically loaded.
[2019.09.03-10.31.54:113][  0]LogShaderCompilers: Guid format shader working directory is -20 characters bigger than the processId version (../../../../../../Users/hiran.tharinda/Documents/Unreal Projects/TCPBuilder/Intermediate/Shaders/WorkingDirectory/3448/).
[2019.09.03-10.31.54:113][  0]LogShaderCompilers: Cleaned the shader compiler working directory 'C:/Users/hiran.tharinda/AppData/Local/Temp/UnrealShaderWorkingDir/4E48987B439970841D2C458962D4AC46/'.
[2019.09.03-10.31.54:171][  0]LogXGEController: Cleaning working directory: C:/Users/hiran.tharinda/AppData/Local/Temp/UnrealXGEWorkingDir/
[2019.09.03-10.31.54:172][  0]LogXGEController: Cannot use XGE Controller as Incredibuild is not installed on this machine.
[2019.09.03-10.31.54:172][  0]LogShaderCompilers: Cannot use XGE Shader Compiler as Incredibuild is not installed on this machine.
[2019.09.03-10.31.54:172][  0]LogShaderCompilers: Display: Using Local Shader Compiler.
[2019.09.03-10.32.01:308][  0]LogDerivedDataCache: Display: Max Cache Size: 512 MB
[2019.09.03-10.32.02:630][  0]LogDerivedDataCache: Loaded boot cache 1.32s 71MB C:/Users/hiran.tharinda/AppData/Local/UnrealEngine/4.22/DerivedDataCache/Boot.ddc.
[2019.09.03-10.32.02:630][  0]LogDerivedDataCache: Display: Loaded Boot cache: C:/Users/hiran.tharinda/AppData/Local/UnrealEngine/4.22/DerivedDataCache/Boot.ddc
[2019.09.03-10.32.02:630][  0]LogDerivedDataCache: FDerivedDataBackendGraph:  Pak pak cache file ../../../../../../Users/hiran.tharinda/Documents/Unreal Projects/TCPBuilder/DerivedDataCache/DDC.ddp not found, will not use a pak cache.
[2019.09.03-10.32.02:630][  0]LogDerivedDataCache: Unable to find inner node Pak for hierarchical cache Hierarchy.
[2019.09.03-10.32.02:630][  0]LogDerivedDataCache: FDerivedDataBackendGraph:  CompressedPak pak cache file ../../../../../../Users/hiran.tharinda/Documents/Unreal Projects/TCPBuilder/DerivedDataCache/Compressed.ddp not found, will not use a pak cache.
[2019.09.03-10.32.02:630][  0]LogDerivedDataCache: Unable to find inner node CompressedPak for hierarchical cache Hierarchy.
[2019.09.03-10.32.02:644][  0]LogDerivedDataCache: Display: Pak cache opened for reading ../../../Engine/DerivedDataCache/Compressed.ddp.
[2019.09.03-10.32.02:644][  0]LogDerivedDataCache: FDerivedDataBackendGraph:  EnterprisePak pak cache file ../../../Enterprise/DerivedDataCache/Compressed.ddp not found, will not use a pak cache.
[2019.09.03-10.32.02:645][  0]LogDerivedDataCache: Unable to find inner node EnterprisePak for hierarchical cache Hierarchy.
[2019.09.03-10.32.02:676][  0]LogDerivedDataCache: Using Local data cache path C:/Users/hiran.tharinda/AppData/Local/UnrealEngine/Common/DerivedDataCache: Writable
[2019.09.03-10.32.02:676][  0]LogDerivedDataCache: Shared data cache path not found in *engine.ini, will not use an Shared cache.
[2019.09.03-10.32.02:676][  0]LogDerivedDataCache: Unable to find inner node Shared for hierarchical cache Hierarchy.
[2019.09.03-10.32.02:795][  0]LogMaterial: Verifying Global Shaders for PCD3D_SM5
[2019.09.03-10.32.02:932][  0]LogSlate: Using FreeType 2.6.0
[2019.09.03-10.32.03:042][  0]LogSlate: SlateFontServices - WITH_FREETYPE: 1, WITH_HARFBUZZ: 1
[2019.09.03-10.32.05:852][  0]LogAssetRegistry: FAssetRegistry took 0.0385 seconds to start up
[2019.09.03-10.32.08:824][  0]LogInit: Selected Device Profile: [Windows]
[2019.09.03-10.32.12:141][  0]LogMeshReduction: Using QuadricMeshReduction for automatic static mesh reduction
[2019.09.03-10.32.12:141][  0]LogMeshReduction: Using SimplygonMeshReduction for automatic skeletal mesh reduction
[2019.09.03-10.32.12:141][  0]LogMeshReduction: Using ProxyLODMeshReduction for automatic mesh merging
[2019.09.03-10.32.12:141][  0]LogMeshReduction: No distributed automatic mesh merging module available
[2019.09.03-10.32.12:166][  0]LogMeshMerging: No distributed automatic mesh merging module available
[2019.09.03-10.32.13:300][  0]LogNetVersion: TCPBuilder 1.0.0, NetCL: 5660361, EngineNetVer: 10, GameNetVer: 0 (Checksum: 2077177543)
[2019.09.03-10.32.20:218][  0]LogPackageLocalizationCache: Processed 11 localized package path(s) for 1 prioritized culture(s) in 0.110174 seconds
[2019.09.03-10.32.20:248][  0]LogUObjectArray: 42205 objects as part of root set at end of initial load.
[2019.09.03-10.32.20:248][  0]LogUObjectAllocator: 7325032 out of 0 bytes used by permanent object pool.
[2019.09.03-10.32.20:248][  0]LogUObjectArray: CloseDisregardForGC: 0/0 objects in disregard for GC pool
[2019.09.03-10.32.50:457][  0]LogTcpMessaging: Initializing TcpMessaging bridge
[2019.09.03-10.32.50:573][  0]LogUdpMessaging: Initializing bridge on interface 0.0.0.0:0 to multicast group 230.0.0.1:6666.
[2019.09.03-10.32.53:291][  0]SourceControl: Source control is disabled
[2019.09.03-10.32.53:309][  0]SourceControl: Source control is disabled
[2019.09.03-10.32.53:572][  0]SourceControl: Source control is disabled
[2019.09.03-10.32.53:720][  0]SourceControl: Source control is disabled
[2019.09.03-10.32.57:705][  0]LogAndroidPermission: UAndroidPermissionCallbackProxy::GetInstance
[2019.09.03-10.32.58:702][  0]LogOcInput: OculusInput pre-init called
[2019.09.03-10.33.00:404][  0]LogTemp: Warning: Loaded
[2019.09.03-10.33.01:752][  0]LogEngine: Initializing Engine...
[2019.09.03-10.33.01:997][  0]LogHMD: Failed to initialize OpenVR with code 110
[2019.09.03-10.33.02:020][  0]LogStats: UGameplayTagsManager::InitializeManager -  0.000 s
[2019.09.03-10.33.04:297][  0]LogInit: Initializing FReadOnlyCVARCache
[2019.09.03-10.33.05:951][  0]LogAIModule: Creating AISystem for world Untitled
[2019.09.03-10.33.07:256][  0]LogInit: XAudio2 using 'Headphones (High Definition Audio Device)' : 2 channels at 48 kHz using 16 bits per sample (channel mask 0x3)
[2019.09.03-10.33.08:160][  0]LogInit: FAudioDevice initialized.
[2019.09.03-10.33.08:174][  0]LogNetVersion: Set ProjectVersion to 1.0.0.0. Version Checksum will be recalculated on next use.
[2019.09.03-10.33.09:158][  0]LogDerivedDataCache: Saved boot cache 0.93s 71MB C:/Users/hiran.tharinda/AppData/Local/UnrealEngine/4.22/DerivedDataCache/Boot.ddc.
[2019.09.03-10.33.09:179][  0]LogInit: Texture streaming: Enabled
[2019.09.03-10.33.09:540][  0]LogEngineSessionManager: EngineSessionManager initialized
[2019.09.03-10.33.09:540][  0]LogEngineSessionManager: EngineSessionManager sent abnormal shutdown report. Type=Debugger, SessionId={3AB8D633-4B4D-3D81-E4E5-7FA26BF9D3AA}
[2019.09.03-10.33.09:648][  0]LogInit: Transaction tracking system initialized
[2019.09.03-10.33.10:609][  0]BlueprintLog: New page: Editor Load
[2019.09.03-10.33.15:793][  0]LocalizationService: Localization service is disabled
[2019.09.03-10.33.22:112][  0]LogFileCache: Scanning file cache for directory 'C:/Users/hiran.tharinda/Documents/Unreal Projects/TCPBuilder/Content/' took 0.02s
[2019.09.03-10.33.22:112][  0]LogCook: Display: Max memory allowance for cook 16384mb min free memory 0mb
[2019.09.03-10.33.22:112][  0]LogCook: Display: Mobile HDR setting 1
[2019.09.03-10.33.29:620][  0]SourceControl: Source control is disabled
[2019.09.03-10.33.29:621][  0]Cmd: MAP LOAD FILE="../../../Engine/Content/Maps/Templates/Template_Default.umap" TEMPLATE=1 SHOWPROGRESS=1 FEATURELEVEL=3
[2019.09.03-10.33.29:685][  0]LightingResults: New page: Lighting Build
[2019.09.03-10.33.29:913][  0]MapCheck: New page: Map Check
[2019.09.03-10.33.29:913][  0]LightingResults: New page: Lighting Build
[2019.09.03-10.33.30:620][  0]LogUObjectHash: Compacting FUObjectHashTables data took   3.85ms
[2019.09.03-10.33.32:812][  0]LogAIModule: Creating AISystem for world Untitled_1
[2019.09.03-10.33.33:515][  0]LogEditorServer: Finished looking for orphan Actors (0.000 secs)
[2019.09.03-10.33.33:641][  0]LogUObjectHash: Compacting FUObjectHashTables data took   3.91ms
[2019.09.03-10.33.33:701][  0]Cmd: MAP CHECKDEP NOCLEARLOG
[2019.09.03-10.33.33:701][  0]MapCheck: Map check complete: 0 Error(s), 0 Warning(s), took 0.314ms to complete.
[2019.09.03-10.33.33:702][  0]LogFileHelpers: Loading map 'Template_Default' took 4.081
[2019.09.03-10.33.36:538][  0]LogSlate: Updating window title bar state: overlay mode, drag disabled, window buttons hidden, title bar hidden
[2019.09.03-10.33.36:561][  0]LogSlate: Updating window title bar state: overlay mode, drag disabled, window buttons hidden, title bar hidden
[2019.09.03-10.33.36:579][  0]LogSlate: Updating window title bar state: overlay mode, drag disabled, window buttons hidden, title bar hidden
[2019.09.03-10.33.36:590][  0]LogSlate: Updating window title bar state: overlay mode, drag disabled, window buttons hidden, title bar hidden
[2019.09.03-10.33.36:878][  0]LogCollectionManager: Loaded 0 collections in 0.019307 seconds
[2019.09.03-10.33.37:273][  0]LogFileCache: Scanning file cache for directory 'C:/Users/hiran.tharinda/Documents/Unreal Projects/TCPBuilder/Saved/Collections/' took 0.01s
[2019.09.03-10.33.37:274][  0]LogFileCache: Scanning file cache for directory 'C:/Users/hiran.tharinda/Documents/Unreal Projects/TCPBuilder/Content/Developers/hirantharinda/Collections/' took 0.01s
[2019.09.03-10.33.37:274][  0]LogFileCache: Scanning file cache for directory 'C:/Users/hiran.tharinda/Documents/Unreal Projects/TCPBuilder/Content/Collections/' took 0.00s
[2019.09.03-10.33.37:274][  0]LogCollectionManager: Rebuilt the GUID cache for 0 collections in 0.000001 seconds
[2019.09.03-10.33.37:300][  0]LogContentBrowser: Native class hierarchy populated in 0.0232 seconds. Added 2734 classes and 661 folders.
[2019.09.03-10.33.37:577][  0]LogContentBrowser: Native class hierarchy updated for 'WidgetCarousel' in 0.0008 seconds. Added 0 classes and 0 folders.
[2019.09.03-10.33.37:748][  0]LogPakFile: Registered encryption key '00000000000000000000000000000000': 0 pak files mounted, 0 remain pending
[2019.09.03-10.33.37:787][  0]LogPakFile: Registered encryption key '00000000000000000000000000000000': 0 pak files mounted, 0 remain pending
[2019.09.03-10.33.37:835][  0]LogPakFile: Registered encryption key '00000000000000000000000000000000': 0 pak files mounted, 0 remain pending
[2019.09.03-10.33.37:869][  0]LogPakFile: Registered encryption key '00000000000000000000000000000000': 0 pak files mounted, 0 remain pending
[2019.09.03-10.33.37:896][  0]LogPakFile: Registered encryption key '00000000000000000000000000000000': 0 pak files mounted, 0 remain pending
[2019.09.03-10.33.37:926][  0]LogPakFile: Registered encryption key '00000000000000000000000000000000': 0 pak files mounted, 0 remain pending
[2019.09.03-10.33.37:934][  0]LogPakFile: Registered encryption key '00000000000000000000000000000000': 0 pak files mounted, 0 remain pending
[2019.09.03-10.33.37:995][  0]LogPakFile: Registered encryption key '00000000000000000000000000000000': 0 pak files mounted, 0 remain pending
[2019.09.03-10.33.38:034][  0]LogPakFile: Registered encryption key '00000000000000000000000000000000': 0 pak files mounted, 0 remain pending
[2019.09.03-10.33.38:073][  0]LogPakFile: Registered encryption key '00000000000000000000000000000000': 0 pak files mounted, 0 remain pending
[2019.09.03-10.33.38:134][  0]LogPakFile: Registered encryption key '00000000000000000000000000000000': 0 pak files mounted, 0 remain pending
[2019.09.03-10.33.38:146][  0]LogPakFile: Registered encryption key '00000000000000000000000000000000': 0 pak files mounted, 0 remain pending
[2019.09.03-10.33.38:182][  0]LogPakFile: Registered encryption key '00000000000000000000000000000000': 0 pak files mounted, 0 remain pending
[2019.09.03-10.33.38:197][  0]LogPakFile: Registered encryption key '00000000000000000000000000000000': 0 pak files mounted, 0 remain pending
[2019.09.03-10.33.38:226][  0]LogPakFile: Registered encryption key '00000000000000000000000000000000': 0 pak files mounted, 0 remain pending
[2019.09.03-10.33.38:263][  0]LogPakFile: Registered encryption key '00000000000000000000000000000000': 0 pak files mounted, 0 remain pending
[2019.09.03-10.33.38:329][  0]LogPakFile: Registered encryption key '00000000000000000000000000000000': 0 pak files mounted, 0 remain pending
[2019.09.03-10.33.38:339][  0]LogPakFile: Registered encryption key '00000000000000000000000000000000': 0 pak files mounted, 0 remain pending
[2019.09.03-10.33.38:347][  0]LogPakFile: Registered encryption key '00000000000000000000000000000000': 0 pak files mounted, 0 remain pending
[2019.09.03-10.33.38:423][  0]LogPakFile: Registered encryption key '00000000000000000000000000000000': 0 pak files mounted, 0 remain pending
[2019.09.03-10.33.38:470][  0]LogPakFile: Registered encryption key '00000000000000000000000000000000': 0 pak files mounted, 0 remain pending
[2019.09.03-10.33.38:484][  0]LogPakFile: Registered encryption key '00000000000000000000000000000000': 0 pak files mounted, 0 remain pending
[2019.09.03-10.33.38:513][  0]LogPakFile: Registered encryption key '00000000000000000000000000000000': 0 pak files mounted, 0 remain pending
[2019.09.03-10.33.38:539][  0]LogPakFile: Registered encryption key '00000000000000000000000000000000': 0 pak files mounted, 0 remain pending
[2019.09.03-10.33.38:564][  0]LogPakFile: Registered encryption key '00000000000000000000000000000000': 0 pak files mounted, 0 remain pending
[2019.09.03-10.33.38:601][  0]LogPakFile: Registered encryption key '00000000000000000000000000000000': 0 pak files mounted, 0 remain pending
[2019.09.03-10.33.39:981][  0]LogContentBrowser: Native class hierarchy updated for 'AddContentDialog' in 0.0004 seconds. Added 0 classes and 0 folders.
[2019.09.03-10.33.40:224][  0]LogContentBrowser: Native class hierarchy updated for 'SceneOutliner' in 0.0008 seconds. Added 1 classes and 2 folders.
[2019.09.03-10.33.40:945][  0]LogSlate: Took 0.015923 seconds to synchronously load lazily loaded font '../../../Engine/Content/Slate/Fonts/Roboto-Regular.ttf' (155K)
[2019.09.03-10.33.41:076][  0]LogSlate: Took 0.038259 seconds to synchronously load lazily loaded font '../../../Engine/Content/Slate/Fonts/Roboto-Bold.ttf' (160K)
[2019.09.03-10.33.41:284][  0]LogSlate: Took 0.087133 seconds to synchronously load lazily loaded font '../../../Engine/Content/Editor/Slate/Fonts/FontAwesome.ttf' (139K)
[2019.09.03-10.33.41:336][  0]LogSlate: Took 0.032850 seconds to synchronously load lazily loaded font '../../../Engine/Content/Slate/Fonts/DroidSansMono.ttf' (77K)
[2019.09.03-10.33.42:067][  0]LogRenderer: Reallocating scene render targets to support 892x504 Format 10 NumSamples 1 (Frame:1).
[2019.09.03-10.33.43:626][  0]LogContentBrowser: Native class hierarchy updated for 'HierarchicalLODOutliner' in 0.0005 seconds. Added 0 classes and 0 folders.
[2019.09.03-10.33.43:626][  0]LogLoad: (Engine Initialization) Total time: 130.18 seconds
[2019.09.03-10.33.43:627][  0]LogLoad: (Engine Initialization) Total Blueprint compile time: 0.02 seconds
[2019.09.03-10.33.44:297][  0]LogContentStreaming: Texture pool size now 1000 MB
[2019.09.03-10.33.44:745][  1]LogAssetRegistry: Asset discovery search completed in 98.9184 seconds
[2019.09.03-10.33.44:782][  1]LogCollectionManager: Rebuilt the object cache for 0 collections in 0.000001 seconds (found 0 objects)
[2019.09.03-10.33.44:782][  1]LogCollectionManager: Fixed up redirectors for 0 collections in 0.024580 seconds (updated 0 objects)
[2019.09.03-10.33.46:449][ 59]LogSlate: FSceneViewport::OnFocusLost() reason 0
[2019.09.03-10.33.46:717][ 59]LogSlate: Took 0.043640 seconds to synchronously load lazily loaded font '../../../Engine/Content/Slate/Fonts/Roboto-Light.ttf' (167K)
[2019.09.03-10.33.47:877][168]LogEditor: Attempting to add actor of class 'SocketServer' to level at -600.00,-480.00,80.00
[2019.09.03-10.33.48:505][191]LogEditor: Attempting to add actor of class 'SocketServer' to level at 20.00,-240.00,20.00
[2019.09.03-10.33.50:481][393]LogSlate: FSceneViewport::OnFocusLost() reason 0
[2019.09.03-10.33.52:528][634]LogTemp: Repeating last play command: Selected Viewport
[2019.09.03-10.33.52:565][634]LogBlueprintUserMessages: Early PlayInEditor Detection: Level '/Temp/Untitled_1.Untitled_1:PersistentLevel' has LevelScriptBlueprint '/Temp/Untitled_1.Untitled_1:PersistentLevel.Untitled' with GeneratedClass '/Temp/Untitled_1.Untitled_C' with ClassGeneratedBy '/Temp/Untitled_1.Untitled_1:PersistentLevel.Untitled'
[2019.09.03-10.33.52:617][634]LogPlayLevel: PlayLevel: No blueprints needed recompiling
[2019.09.03-10.33.52:847][634]PIE: New page: PIE session: Untitled_1 (Sep 3, 2019, 9:33:52 PM)
[2019.09.03-10.33.52:907][634]LogPlayLevel: Creating play world package: /Temp/UEDPIE_0_Untitled_1
[2019.09.03-10.33.52:937][634]LogPlayLevel: PIE: StaticDuplicateObject took: (0.029501s)
[2019.09.03-10.33.52:950][634]LogAIModule: Creating AISystem for world Untitled_1
[2019.09.03-10.33.52:951][634]LogPlayLevel: PIE: World Init took: (0.013407s)
[2019.09.03-10.33.52:951][634]LogPlayLevel: PIE: Created PIE world by copying editor world from /Temp/Untitled_1.Untitled_1 to /Temp/UEDPIE_0_Untitled_1.Untitled_1 (0.044782s)
[2019.09.03-10.33.52:986][634]LogUObjectHash: Compacting FUObjectHashTables data took   1.47ms
[2019.09.03-10.33.53:107][634]LogInit: XAudio2 using 'Headphones (High Definition Audio Device)' : 2 channels at 48 kHz using 16 bits per sample (channel mask 0x3)
[2019.09.03-10.33.53:148][634]LogInit: FAudioDevice initialized.
[2019.09.03-10.33.53:294][634]LogLoad: Game class is 'GameModeBase'
[2019.09.03-10.33.53:418][634]LogWorld: Bringing World /Temp/UEDPIE_0_Untitled_1.Untitled_1 up for play (max tick rate 0) at 2019.09.03-16.03.53
[2019.09.03-10.33.53:420][634]LogWorld: Bringing up level for play took: 0.002440
[2019.09.03-10.33.53:811][634]LogContentBrowser: Native class hierarchy updated for 'MovieSceneCapture' in 0.0007 seconds. Added 20 classes and 0 folders.
[2019.09.03-10.33.53:910][634]LogTemp: Warning: Loaded
[2019.09.03-10.33.53:910][634]LogTemp: Warning: Initialized
[2019.09.03-10.33.53:911][634]LogTemp: Warning: Socket Created! Connecting to server
[2019.09.03-10.33.53:913][634]LogTemp: Warning: Connected
[2019.09.03-10.33.53:914][634]LogTemp: Warning: Bool value is: b
[2019.09.03-10.33.53:964][634]PIE: Play in editor start time for /Temp/UEDPIE_0_Untitled_1 2.18
[2019.09.03-10.33.53:965][634]LogBlueprintUserMessages: Late PlayInEditor Detection: Level '/Temp/Untitled_1.Untitled_1:PersistentLevel' has LevelScriptBlueprint '/Temp/Untitled_1.Untitled_1:PersistentLevel.Untitled' with GeneratedClass '/Temp/Untitled_1.Untitled_C' with ClassGeneratedBy '/Temp/Untitled_1.Untitled_1:PersistentLevel.Untitled'
[2019.09.03-10.33.54:064][634]LogTemp: Warning: Bool value is: b
[2019.09.03-10.33.54:347][635]LogTemp: Warning: Bool value is: b
[2019.09.03-10.33.54:370][636]LogTemp: Warning: Bool value is: b
[2019.09.03-10.33.54:378][637]LogTemp: Warning: Bool value is: b
[2019.09.03-10.33.54:397][638]LogTemp: Warning: Bool value is: b
[2019.09.03-10.33.54:410][639]LogTemp: Warning: Bool value is: b
[2019.09.03-10.33.54:421][640]LogTemp: Warning: Bool value is: b
[2019.09.03-10.33.54:435][641]LogTemp: Warning: Bool value is: b
[2019.09.03-10.33.54:447][642]LogTemp: Warning: Bool value is: b
[2019.09.03-10.33.54:459][643]LogTemp: Warning: Bool value is: b
[2019.09.03-10.33.54:471][644]LogTemp: Warning: Bool value is: b
[2019.09.03-10.33.54:484][645]LogTemp: Warning: Bool value is: b
[2019.09.03-10.33.54:496][646]LogTemp: Warning: Bool value is: b
[2019.09.03-10.33.54:509][647]LogTemp: Warning: Bool value is: b
[2019.09.03-10.33.54:521][648]LogTemp: Warning: Bool value is: b
[2019.09.03-10.33.54:533][649]LogTemp: Warning: Bool value is: b
[2019.09.03-10.33.54:546][650]LogTemp: Warning: Bool value is: b
[2019.09.03-10.33.54:558][651]LogTemp: Warning: Bool value is: b
[2019.09.03-10.33.54:572][652]LogTemp: Warning: Bool value is: b
[2019.09.03-10.33.54:584][653]LogTemp: Warning: Bool value is: b
[2019.09.03-10.33.54:609][654]LogTemp: Warning: Bool value is: b
[2019.09.03-10.33.54:617][655]LogTemp: Warning: Bool value is: b
[2019.09.03-10.33.54:625][656]LogTemp: Warning: Bool value is: b
[2019.09.03-10.33.54:634][657]LogTemp: Warning: Bool value is: b
[2019.09.03-10.33.54:711][658]LogTemp: Warning: Bool value is: b
[2019.09.03-10.33.54:720][659]LogTemp: Warning: Bool value is: b
[2019.09.03-10.33.54:728][660]LogTemp: Warning: Bool value is: b
[2019.09.03-10.33.54:738][661]LogTemp: Warning: Bool value is: b
[2019.09.03-10.33.54:748][662]LogTemp: Warning: Bool value is: b
[2019.09.03-10.33.54:760][663]LogTemp: Warning: Bool value is: b
[2019.09.03-10.33.54:771][664]LogTemp: Warning: Bool value is: b
[2019.09.03-10.33.54:784][665]LogTemp: Warning: Bool value is: b
[2019.09.03-10.33.54:795][666]LogTemp: Warning: Bool value is: b
[2019.09.03-10.33.54:807][667]LogTemp: Warning: Bool value is: b
[2019.09.03-10.33.54:819][668]LogTemp: Warning: Bool value is: b
[2019.09.03-10.33.54:831][669]LogTemp: Warning: Bool value is: b
[2019.09.03-10.33.54:843][670]LogTemp: Warning: Bool value is: b
[2019.09.03-10.33.54:855][671]LogTemp: Warning: Bool value is: b
[2019.09.03-10.33.54:867][672]LogTemp: Warning: Bool value is: b
[2019.09.03-10.33.54:878][673]LogTemp: Warning: Bool value is: b
[2019.09.03-10.33.54:890][674]LogTemp: Warning: Bool value is: b
[2019.09.03-10.33.54:903][675]LogTemp: Warning: Bool value is: b
[2019.09.03-10.33.54:914][676]LogTemp: Warning: Bool value is: b
[2019.09.03-10.33.54:926][677]LogTemp: Warning: Bool value is: b
[2019.09.03-10.33.54:938][678]LogTemp: Warning: Bool value is: b
[2019.09.03-10.33.54:950][679]LogTemp: Warning: Bool value is: b
[2019.09.03-10.33.54:961][680]LogTemp: Warning: Bool value is: b
[2019.09.03-10.33.54:973][681]LogTemp: Warning: Bool value is: b
[2019.09.03-10.33.54:986][682]LogTemp: Warning: Bool value is: b
[2019.09.03-10.33.54:997][683]LogTemp: Warning: Bool value is: b
[2019.09.03-10.33.55:009][684]LogTemp: Warning: Bool value is: b
[2019.09.03-10.33.55:021][685]LogTemp: Warning: Bool value is: b
[2019.09.03-10.33.55:033][686]LogTemp: Warning: Bool value is: b
[2019.09.03-10.33.55:045][687]LogTemp: Warning: Bool value is: b
[2019.09.03-10.33.55:058][688]LogTemp: Warning: Bool value is: b
[2019.09.03-10.33.55:070][689]LogTemp: Warning: Bool value is: b
[2019.09.03-10.33.55:082][690]LogTemp: Warning: Bool value is: b
[2019.09.03-10.33.55:094][691]LogTemp: Warning: Bool value is: b
[2019.09.03-10.33.55:106][692]LogTemp: Warning: Bool value is: b
[2019.09.03-10.33.55:118][693]LogTemp: Warning: Bool value is: b
[2019.09.03-10.33.55:129][694]LogTemp: Warning: Bool value is: b
[2019.09.03-10.33.55:141][695]LogTemp: Warning: Bool value is: b
[2019.09.03-10.33.55:154][696]LogTemp: Warning: Bool value is: b
[2019.09.03-10.33.55:165][697]LogTemp: Warning: Bool value is: b
[2019.09.03-10.33.55:177][698]LogTemp: Warning: Bool value is: b
[2019.09.03-10.33.55:190][699]LogTemp: Warning: Bool value is: b
[2019.09.03-10.33.55:202][700]LogTemp: Warning: Bool value is: b
[2019.09.03-10.33.55:213][701]LogTemp: Warning: Bool value is: b
[2019.09.03-10.33.55:225][702]LogTemp: Warning: Bool value is: b
[2019.09.03-10.33.55:237][703]LogTemp: Warning: Bool value is: b
[2019.09.03-10.33.55:249][704]LogTemp: Warning: Bool value is: b
[2019.09.03-10.33.55:261][705]LogTemp: Warning: Bool value is: b
[2019.09.03-10.33.55:273][706]LogTemp: Warning: Bool value is: b
[2019.09.03-10.33.55:284][707]LogTemp: Warning: Bool value is: b
[2019.09.03-10.33.55:296][708]LogTemp: Warning: Bool value is: b
[2019.09.03-10.33.55:308][709]LogTemp: Warning: Bool value is: b
[2019.09.03-10.33.55:321][710]LogTemp: Warning: Bool value is: b
[2019.09.03-10.33.55:333][711]LogTemp: Warning: Bool value is: b
[2019.09.03-10.33.55:344][712]LogTemp: Warning: Bool value is: b
[2019.09.03-10.33.55:356][713]LogTemp: Warning: Bool value is: b
[2019.09.03-10.33.55:369][714]LogTemp: Warning: Bool value is: b
[2019.09.03-10.33.55:380][715]LogTemp: Warning: Bool value is: b
[2019.09.03-10.33.55:392][716]LogTemp: Warning: Bool value is: b
[2019.09.03-10.33.55:404][717]LogTemp: Warning: Bool value is: b
[2019.09.03-10.33.55:416][718]LogTemp: Warning: Bool value is: b
[2019.09.03-10.33.55:427][719]LogTemp: Warning: Bool value is: b
[2019.09.03-10.33.55:440][720]LogTemp: Warning: Bool value is: b
[2019.09.03-10.33.55:452][721]LogTemp: Warning: Bool value is: b
[2019.09.03-10.33.55:463][722]LogTemp: Warning: Bool value is: b
[2019.09.03-10.33.55:475][723]LogTemp: Warning: Bool value is: b
[2019.09.03-10.33.55:488][724]LogTemp: Warning: Bool value is: b
[2019.09.03-10.33.55:500][725]LogTemp: Warning: Bool value is: b
[2019.09.03-10.33.55:511][726]LogTemp: Warning: Bool value is: b
[2019.09.03-10.33.55:523][727]LogTemp: Warning: Bool value is: b
[2019.09.03-10.33.55:535][728]LogTemp: Warning: Bool value is: b
[2019.09.03-10.33.55:547][729]LogTemp: Warning: Bool value is: b
[2019.09.03-10.33.55:559][730]LogTemp: Warning: Bool value is: b
[2019.09.03-10.33.55:571][731]LogTemp: Warning: Bool value is: b
[2019.09.03-10.33.55:583][732]LogTemp: Warning: Bool value is: b
[2019.09.03-10.33.55:594][733]LogTemp: Warning: Bool value is: b
[2019.09.03-10.33.55:607][734]LogTemp: Warning: Bool value is: b
[2019.09.03-10.33.55:619][735]LogTemp: Warning: Bool value is: b
[2019.09.03-10.33.55:632][736]LogTemp: Warning: Bool value is: b
[2019.09.03-10.33.55:643][737]LogTemp: Warning: Bool value is: b
[2019.09.03-10.33.55:655][738]LogTemp: Warning: Bool value is: b
[2019.09.03-10.33.55:667][739]LogTemp: Warning: Bool value is: b
[2019.09.03-10.33.55:678][740]LogTemp: Warning: Bool value is: b
[2019.09.03-10.33.55:691][741]LogTemp: Warning: Bool value is: b
[2019.09.03-10.33.55:703][742]LogTemp: Warning: Bool value is: b
[2019.09.03-10.33.55:715][743]LogTemp: Warning: Bool value is: b
[2019.09.03-10.33.55:726][744]LogTemp: Warning: Bool value is: b
[2019.09.03-10.33.55:738][745]LogTemp: Warning: Bool value is: b
[2019.09.03-10.33.55:750][746]LogTemp: Warning: Bool value is: b
[2019.09.03-10.33.55:761][747]LogTemp: Warning: Bool value is: b
[2019.09.03-10.33.55:774][748]LogTemp: Warning: Bool value is: b
[2019.09.03-10.33.55:786][749]LogTemp: Warning: Bool value is: b
[2019.09.03-10.33.55:797][750]LogTemp: Warning: Bool value is: b
[2019.09.03-10.33.55:809][751]LogTemp: Warning: Bool value is: b
[2019.09.03-10.33.55:821][752]LogTemp: Warning: Bool value is: b
[2019.09.03-10.33.55:833][753]LogTemp: Warning: Bool value is: b
[2019.09.03-10.33.55:844][754]LogTemp: Warning: Bool value is: b
[2019.09.03-10.33.55:856][755]LogTemp: Warning: Bool value is: b
[2019.09.03-10.33.55:868][756]LogTemp: Warning: Bool value is: b
[2019.09.03-10.33.55:880][757]LogTemp: Warning: Bool value is: b
[2019.09.03-10.33.55:892][758]LogTemp: Warning: Bool value is: b
[2019.09.03-10.33.55:904][759]LogTemp: Warning: Bool value is: b
[2019.09.03-10.33.55:916][760]LogTemp: Warning: Bool value is: b
[2019.09.03-10.33.55:927][761]LogTemp: Warning: Bool value is: b
[2019.09.03-10.33.55:939][762]LogTemp: Warning: Bool value is: b
[2019.09.03-10.33.55:951][763]LogTemp: Warning: Bool value is: b
[2019.09.03-10.33.55:962][764]LogTemp: Warning: Bool value is: b
[2019.09.03-10.33.55:974][765]LogTemp: Warning: Bool value is: b
[2019.09.03-10.33.55:986][766]LogTemp: Warning: Bool value is: b
[2019.09.03-10.33.55:997][767]LogTemp: Warning: Bool value is: b
[2019.09.03-10.33.56:010][768]LogTemp: Warning: Bool value is: b
[2019.09.03-10.33.56:021][769]LogTemp: Warning: Bool value is: b
[2019.09.03-10.33.56:037][770]LogTemp: Warning: Bool value is: b
[2019.09.03-10.33.56:047][771]LogTemp: Warning: Bool value is: b
[2019.09.03-10.33.56:060][772]LogTemp: Warning: Bool value is: b
[2019.09.03-10.33.56:074][773]LogTemp: Warning: Bool value is: b
[2019.09.03-10.33.56:084][774]LogTemp: Warning: Bool value is: b
[2019.09.03-10.33.56:097][775]LogTemp: Warning: Bool value is: b
[2019.09.03-10.33.56:106][776]LogTemp: Warning: Bool value is: b
[2019.09.03-10.33.56:119][777]LogTemp: Warning: Bool value is: b
[2019.09.03-10.33.56:131][778]LogTemp: Warning: Bool value is: b
[2019.09.03-10.33.56:142][779]LogTemp: Warning: Bool value is: b
[2019.09.03-10.33.56:154][780]LogTemp: Warning: Bool value is: b
[2019.09.03-10.33.56:166][781]LogTemp: Warning: Bool value is: b
[2019.09.03-10.33.56:177][782]LogTemp: Warning: Bool value is: b
[2019.09.03-10.33.56:189][783]LogTemp: Warning: Bool value is: b
[2019.09.03-10.33.56:202][784]LogTemp: Warning: Bool value is: b
[2019.09.03-10.33.56:212][785]LogTemp: Warning: Bool value is: b
[2019.09.03-10.33.56:225][786]LogTemp: Warning: Bool value is: b
[2019.09.03-10.33.56:237][787]LogTemp: Warning: Bool value is: b
[2019.09.03-10.33.56:248][788]LogTemp: Warning: Bool value is: b
[2019.09.03-10.33.56:261][789]LogTemp: Warning: Bool value is: b
[2019.09.03-10.33.56:272][790]LogTemp: Warning: Bool value is: b
[2019.09.03-10.33.56:284][791]LogTemp: Warning: Bool value is: b
[2019.09.03-10.33.56:296][792]LogTemp: Warning: Bool value is: b
[2019.09.03-10.33.56:308][793]LogTemp: Warning: Bool value is: b
[2019.09.03-10.33.56:320][794]LogTemp: Warning: Bool value is: b
[2019.09.03-10.33.56:331][795]LogTemp: Warning: Bool value is: b
[2019.09.03-10.33.56:343][796]LogTemp: Warning: Bool value is: b
[2019.09.03-10.33.56:355][797]LogTemp: Warning: Bool value is: b
[2019.09.03-10.33.56:368][798]LogTemp: Warning: Bool value is: b
[2019.09.03-10.33.56:379][799]LogTemp: Warning: Bool value is: b
[2019.09.03-10.33.56:390][800]LogTemp: Warning: Bool value is: b
[2019.09.03-10.33.56:402][801]LogTemp: Warning: Bool value is: b
[2019.09.03-10.33.56:414][802]LogTemp: Warning: Bool value is: b
[2019.09.03-10.33.56:426][803]LogTemp: Warning: Bool value is: b
[2019.09.03-10.33.56:439][804]LogTemp: Warning: Bool value is: b
[2019.09.03-10.33.56:450][805]LogTemp: Warning: Bool value is: b
[2019.09.03-10.33.56:462][806]LogTemp: Warning: Bool value is: b
[2019.09.03-10.33.56:473][807]LogTemp: Warning: Bool value is: b
[2019.09.03-10.33.56:485][808]LogTemp: Warning: Bool value is: b
[2019.09.03-10.33.56:496][809]LogTemp: Warning: Bool value is: b
[2019.09.03-10.33.56:509][810]LogTemp: Warning: Bool value is: b
[2019.09.03-10.33.56:520][811]LogTemp: Warning: Bool value is: b
[2019.09.03-10.33.56:532][812]LogTemp: Warning: Bool value is: b
[2019.09.03-10.33.56:544][813]LogTemp: Warning: Bool value is: b
[2019.09.03-10.33.56:556][814]LogTemp: Warning: Bool value is: b
[2019.09.03-10.33.56:568][815]LogTemp: Warning: Bool value is: b
[2019.09.03-10.33.56:579][816]LogTemp: Warning: Bool value is: b
[2019.09.03-10.33.56:592][817]LogTemp: Warning: Bool value is: b
[2019.09.03-10.33.56:604][818]LogTemp: Warning: Bool value is: b
[2019.09.03-10.33.56:615][819]LogTemp: Warning: Bool value is: b
[2019.09.03-10.33.56:626][820]LogTemp: Warning: Bool value is: b
[2019.09.03-10.33.56:638][821]LogTemp: Warning: Bool value is: b
[2019.09.03-10.33.56:651][822]LogTemp: Warning: Bool value is: b
[2019.09.03-10.33.56:662][823]LogTemp: Warning: Bool value is: b
[2019.09.03-10.33.56:674][824]LogTemp: Warning: Bool value is: b
[2019.09.03-10.33.56:686][825]LogTemp: Warning: Bool value is: b
[2019.09.03-10.33.56:697][826]LogTemp: Warning: Bool value is: b
[2019.09.03-10.33.56:710][827]LogTemp: Warning: Bool value is: b
[2019.09.03-10.33.56:722][828]LogTemp: Warning: Bool value is: b
[2019.09.03-10.33.56:734][829]LogTemp: Warning: Bool value is: b
[2019.09.03-10.33.56:745][830]LogTemp: Warning: Bool value is: b
[2019.09.03-10.33.56:757][831]LogTemp: Warning: Bool value is: b
[2019.09.03-10.33.56:769][832]LogTemp: Warning: Bool value is: b
[2019.09.03-10.33.56:780][833]LogTemp: Warning: Bool value is: b
[2019.09.03-10.33.56:792][834]LogTemp: Warning: Bool value is: b
[2019.09.03-10.33.56:804][835]LogTemp: Warning: Bool value is: b
[2019.09.03-10.33.56:817][836]LogTemp: Warning: Bool value is: b
[2019.09.03-10.33.56:828][837]LogTemp: Warning: Bool value is: b
[2019.09.03-10.33.56:840][838]LogTemp: Warning: Bool value is: b
[2019.09.03-10.33.56:851][839]LogTemp: Warning: Bool value is: b
[2019.09.03-10.33.56:863][840]LogTemp: Warning: Bool value is: b
[2019.09.03-10.33.56:875][841]LogTemp: Warning: Bool value is: b
[2019.09.03-10.33.56:887][842]LogTemp: Warning: Bool value is: b
[2019.09.03-10.33.56:898][843]LogTemp: Warning: Bool value is: b
[2019.09.03-10.33.56:910][844]LogTemp: Warning: Bool value is: b
[2019.09.03-10.33.56:922][845]LogTemp: Warning: Bool value is: b
[2019.09.03-10.33.56:934][846]LogTemp: Warning: Bool value is: b
[2019.09.03-10.33.56:946][847]LogTemp: Warning: Bool value is: b
[2019.09.03-10.33.56:958][848]LogTemp: Warning: Bool value is: b
[2019.09.03-10.33.56:970][849]LogTemp: Warning: Bool value is: b
[2019.09.03-10.33.56:982][850]LogTemp: Warning: Bool value is: b
[2019.09.03-10.33.56:993][851]LogTemp: Warning: Bool value is: b
[2019.09.03-10.33.57:005][852]LogTemp: Warning: Bool value is: b
[2019.09.03-10.33.57:017][853]LogTemp: Warning: Bool value is: b
[2019.09.03-10.33.57:028][854]LogTemp: Warning: Bool value is: b
[2019.09.03-10.33.57:041][855]LogTemp: Warning: Bool value is: b
[2019.09.03-10.33.57:053][856]LogTemp: Warning: Bool value is: b
[2019.09.03-10.33.57:065][857]LogTemp: Warning: Bool value is: b
[2019.09.03-10.33.57:076][858]LogTemp: Warning: Bool value is: b
[2019.09.03-10.33.57:089][859]LogTemp: Warning: Bool value is: b
[2019.09.03-10.33.57:101][860]LogTemp: Warning: Bool value is: b
[2019.09.03-10.33.57:112][861]LogTemp: Warning: Bool value is: b
[2019.09.03-10.33.57:124][862]LogTemp: Warning: Bool value is: b
[2019.09.03-10.33.57:136][863]LogTemp: Warning: Bool value is: b
[2019.09.03-10.33.57:147][864]LogTemp: Warning: Bool value is: b
[2019.09.03-10.33.57:159][865]LogTemp: Warning: Bool value is: b
[2019.09.03-10.33.57:171][866]LogTemp: Warning: Bool value is: b
[2019.09.03-10.33.57:183][867]LogTemp: Warning: Bool value is: b
[2019.09.03-10.33.57:194][868]LogTemp: Warning: Bool value is: b
[2019.09.03-10.33.57:206][869]LogTemp: Warning: Bool value is: b
[2019.09.03-10.33.57:218][870]LogTemp: Warning: Bool value is: b
[2019.09.03-10.33.57:230][871]LogTemp: Warning: Bool value is: b
[2019.09.03-10.33.57:241][872]LogTemp: Warning: Bool value is: b
[2019.09.03-10.33.57:253][873]LogTemp: Warning: Bool value is: b
[2019.09.03-10.33.57:265][874]LogTemp: Warning: Bool value is: b
[2019.09.03-10.33.57:277][875]LogTemp: Warning: Bool value is: b
[2019.09.03-10.33.57:289][876]LogTemp: Warning: Bool value is: b
[2019.09.03-10.33.57:300][877]LogTemp: Warning: Bool value is: b
[2019.09.03-10.33.57:313][878]LogTemp: Warning: Bool value is: b
[2019.09.03-10.33.57:325][879]LogTemp: Warning: Bool value is: b
[2019.09.03-10.33.57:336][880]LogTemp: Warning: Bool value is: b
[2019.09.03-10.33.57:348][881]LogTemp: Warning: Bool value is: b
[2019.09.03-10.33.57:359][882]LogTemp: Warning: Bool value is: b
[2019.09.03-10.33.57:371][883]LogTemp: Warning: Bool value is: b
[2019.09.03-10.33.57:383][884]LogTemp: Warning: Bool value is: b
[2019.09.03-10.33.57:394][885]LogTemp: Warning: Bool value is: b
[2019.09.03-10.33.57:407][886]LogTemp: Warning: Bool value is: b
[2019.09.03-10.33.57:419][887]LogTemp: Warning: Bool value is: b
[2019.09.03-10.33.57:430][888]LogTemp: Warning: Bool value is: b
[2019.09.03-10.33.57:442][889]LogTemp: Warning: Bool value is: b
[2019.09.03-10.33.57:455][890]LogTemp: Warning: Bool value is: b
[2019.09.03-10.33.57:467][891]LogTemp: Warning: Bool value is: b
[2019.09.03-10.33.57:478][892]LogTemp: Warning: Bool value is: b
[2019.09.03-10.33.57:491][893]LogTemp: Warning: Bool value is: b
[2019.09.03-10.33.57:503][894]LogTemp: Warning: Bool value is: b
[2019.09.03-10.33.57:515][895]LogTemp: Warning: Bool value is: b
[2019.09.03-10.33.57:526][896]LogTemp: Warning: Bool value is: b
[2019.09.03-10.33.57:539][897]LogTemp: Warning: Bool value is: b
[2019.09.03-10.33.57:551][898]LogTemp: Warning: Bool value is: b
[2019.09.03-10.33.57:563][899]LogTemp: Warning: Bool value is: b
[2019.09.03-10.33.57:576][900]LogTemp: Warning: Bool value is: b
[2019.09.03-10.33.57:588][901]LogTemp: Warning: Bool value is: b
[2019.09.03-10.33.57:600][902]LogTemp: Warning: Bool value is: b
[2019.09.03-10.33.57:612][903]LogTemp: Warning: Bool value is: b
[2019.09.03-10.33.57:624][904]LogTemp: Warning: Bool value is: b
[2019.09.03-10.33.57:636][905]LogTemp: Warning: Bool value is: b
[2019.09.03-10.33.57:649][906]LogTemp: Warning: Bool value is: b
[2019.09.03-10.33.57:662][907]LogTemp: Warning: Bool value is: b
[2019.09.03-10.33.57:675][908]LogTemp: Warning: Bool value is: b
[2019.09.03-10.33.57:687][909]LogTemp: Warning: Bool value is: b
[2019.09.03-10.33.57:699][910]LogTemp: Warning: Bool value is: b
[2019.09.03-10.33.57:710][911]LogTemp: Warning: Bool value is: b
[2019.09.03-10.33.57:723][912]LogTemp: Warning: Bool value is: b
[2019.09.03-10.33.57:735][913]LogTemp: Warning: Bool value is: b
[2019.09.03-10.33.57:745][914]LogTemp: Warning: Bool value is: b
[2019.09.03-10.33.57:758][915]LogTemp: Warning: Bool value is: b
[2019.09.03-10.33.57:770][916]LogTemp: Warning: Bool value is: b
[2019.09.03-10.33.57:782][917]LogTemp: Warning: Bool value is: b
[2019.09.03-10.33.57:794][918]LogTemp: Warning: Bool value is: b
[2019.09.03-10.33.57:805][919]LogTemp: Warning: Bool value is: b
[2019.09.03-10.33.57:818][920]LogTemp: Warning: Bool value is: b
[2019.09.03-10.33.57:829][921]LogTemp: Warning: Bool value is: b
[2019.09.03-10.33.57:840][922]LogTemp: Warning: Bool value is: b
[2019.09.03-10.33.57:853][923]LogTemp: Warning: Bool value is: b
[2019.09.03-10.33.57:864][924]LogTemp: Warning: Bool value is: b
[2019.09.03-10.33.57:876][925]LogTemp: Warning: Bool value is: b
[2019.09.03-10.33.57:888][926]LogTemp: Warning: Bool value is: b
[2019.09.03-10.33.57:901][927]LogTemp: Warning: Bool value is: b
[2019.09.03-10.33.57:912][928]LogTemp: Warning: Bool value is: b
[2019.09.03-10.33.57:924][929]LogTemp: Warning: Bool value is: b
[2019.09.03-10.33.57:936][930]LogTemp: Warning: Bool value is: b
[2019.09.03-10.33.57:947][931]LogTemp: Warning: Bool value is: b
[2019.09.03-10.33.57:959][932]LogTemp: Warning: Bool value is: b
[2019.09.03-10.33.57:971][933]LogTemp: Warning: Bool value is: b
[2019.09.03-10.33.57:982][934]LogTemp: Warning: Bool value is: b
[2019.09.03-10.33.57:995][935]LogTemp: Warning: Bool value is: b
[2019.09.03-10.33.58:007][936]LogTemp: Warning: Bool value is: b
[2019.09.03-10.33.58:018][937]LogTemp: Warning: Bool value is: b
[2019.09.03-10.33.58:029][938]LogTemp: Warning: Bool value is: b
[2019.09.03-10.33.58:041][939]LogTemp: Warning: Bool value is: b
[2019.09.03-10.33.58:054][940]LogTemp: Warning: Bool value is: b
[2019.09.03-10.33.58:065][941]LogTemp: Warning: Bool value is: b
[2019.09.03-10.33.58:077][942]LogTemp: Warning: Bool value is: b
[2019.09.03-10.33.58:089][943]LogTemp: Warning: Bool value is: b
[2019.09.03-10.33.58:101][944]LogTemp: Warning: Bool value is: b
[2019.09.03-10.33.58:112][945]LogTemp: Warning: Bool value is: b
[2019.09.03-10.33.58:124][946]LogTemp: Warning: Bool value is: b
[2019.09.03-10.33.58:136][947]LogTemp: Warning: Bool value is: b
[2019.09.03-10.33.58:147][948]LogTemp: Warning: Bool value is: b
[2019.09.03-10.33.58:159][949]LogTemp: Warning: Bool value is: b
[2019.09.03-10.33.58:171][950]LogTemp: Warning: Bool value is: b
[2019.09.03-10.33.58:182][951]LogTemp: Warning: Bool value is: b
[2019.09.03-10.33.58:193][952]LogTemp: Warning: Bool value is: b
[2019.09.03-10.33.58:206][953]LogTemp: Warning: Bool value is: b
[2019.09.03-10.33.58:217][954]LogTemp: Warning: Bool value is: b
[2019.09.03-10.33.58:228][955]LogTemp: Warning: Bool value is: b
[2019.09.03-10.33.58:241][956]LogTemp: Warning: Bool value is: b
[2019.09.03-10.33.58:253][957]LogTemp: Warning: Bool value is: b
[2019.09.03-10.33.58:265][958]LogTemp: Warning: Bool value is: b
[2019.09.03-10.33.58:276][959]LogTemp: Warning: Bool value is: b
[2019.09.03-10.33.58:288][960]LogTemp: Warning: Bool value is: b
[2019.09.03-10.33.58:300][961]LogTemp: Warning: Bool value is: b
[2019.09.03-10.33.58:311][962]LogTemp: Warning: Bool value is: b
[2019.09.03-10.33.58:322][963]LogTemp: Warning: Bool value is: b
[2019.09.03-10.33.58:334][964]LogTemp: Warning: Bool value is: b
[2019.09.03-10.33.58:345][965]LogTemp: Warning: Bool value is: b
[2019.09.03-10.33.58:358][966]LogTemp: Warning: Bool value is: b
[2019.09.03-10.33.58:369][967]LogTemp: Warning: Bool value is: b
[2019.09.03-10.33.58:382][968]LogTemp: Warning: Bool value is: b
[2019.09.03-10.33.58:392][969]LogTemp: Warning: Bool value is: b
[2019.09.03-10.33.58:404][970]LogTemp: Warning: Bool value is: b
[2019.09.03-10.33.58:417][971]LogTemp: Warning: Bool value is: b
[2019.09.03-10.33.58:428][972]LogTemp: Warning: Bool value is: b
[2019.09.03-10.33.58:440][973]LogTemp: Warning: Bool value is: b
[2019.09.03-10.33.58:451][974]LogTemp: Warning: Bool value is: b
[2019.09.03-10.33.58:463][975]LogTemp: Warning: Bool value is: b
[2019.09.03-10.33.58:474][976]LogTemp: Warning: Bool value is: b
[2019.09.03-10.33.58:487][977]LogTemp: Warning: Bool value is: b
[2019.09.03-10.33.58:499][978]LogTemp: Warning: Bool value is: b
[2019.09.03-10.33.58:510][979]LogTemp: Warning: Bool value is: b
[2019.09.03-10.33.58:521][980]LogTemp: Warning: Bool value is: b
[2019.09.03-10.33.58:533][981]LogTemp: Warning: Bool value is: b
[2019.09.03-10.33.58:545][982]LogTemp: Warning: Bool value is: b
[2019.09.03-10.33.58:557][983]LogTemp: Warning: Bool value is: b
[2019.09.03-10.33.58:569][984]LogTemp: Warning: Bool value is: b
[2019.09.03-10.33.58:580][985]LogTemp: Warning: Bool value is: b
[2019.09.03-10.33.58:592][986]LogTemp: Warning: Bool value is: b
[2019.09.03-10.33.58:604][987]LogTemp: Warning: Bool value is: b
[2019.09.03-10.33.58:616][988]LogTemp: Warning: Bool value is: b
[2019.09.03-10.33.58:627][989]LogTemp: Warning: Bool value is: b
[2019.09.03-10.33.58:639][990]LogTemp: Warning: Bool value is: b
[2019.09.03-10.33.58:651][991]LogTemp: Warning: Bool value is: b
[2019.09.03-10.33.58:662][992]LogTemp: Warning: Bool value is: b
[2019.09.03-10.33.58:674][993]LogTemp: Warning: Bool value is: b
[2019.09.03-10.33.58:686][994]LogTemp: Warning: Bool value is: b
[2019.09.03-10.33.58:697][995]LogTemp: Warning: Bool value is: b
[2019.09.03-10.33.58:709][996]LogTemp: Warning: Bool value is: b
[2019.09.03-10.33.58:721][997]LogTemp: Warning: Bool value is: b
[2019.09.03-10.33.58:733][998]LogTemp: Warning: Bool value is: b
[2019.09.03-10.33.58:745][999]LogTemp: Warning: Bool value is: b
[2019.09.03-10.33.58:756][  0]LogTemp: Warning: Bool value is: b
[2019.09.03-10.33.58:768][  1]LogTemp: Warning: Bool value is: b
[2019.09.03-10.33.58:779][  2]LogTemp: Warning: Bool value is: b
[2019.09.03-10.33.58:792][  3]LogTemp: Warning: Bool value is: b
[2019.09.03-10.33.58:804][  4]LogTemp: Warning: Bool value is: b
[2019.09.03-10.33.58:815][  5]LogTemp: Warning: Bool value is: b
[2019.09.03-10.33.58:827][  6]LogTemp: Warning: Bool value is: b
[2019.09.03-10.33.58:839][  7]LogTemp: Warning: Bool value is: b
[2019.09.03-10.33.58:850][  8]LogTemp: Warning: Bool value is: b
[2019.09.03-10.33.58:861][  9]LogTemp: Warning: Bool value is: b
[2019.09.03-10.33.58:874][ 10]LogTemp: Warning: Bool value is: b
[2019.09.03-10.33.58:886][ 11]LogTemp: Warning: Bool value is: b
[2019.09.03-10.33.58:897][ 12]LogTemp: Warning: Bool value is: b
[2019.09.03-10.33.58:908][ 13]LogTemp: Warning: Bool value is: b
[2019.09.03-10.33.58:920][ 14]LogTemp: Warning: Bool value is: b
[2019.09.03-10.33.58:932][ 15]LogTemp: Warning: Bool value is: b
[2019.09.03-10.33.58:944][ 16]LogTemp: Warning: Bool value is: b
[2019.09.03-10.33.58:955][ 17]LogTemp: Warning: Bool value is: b
[2019.09.03-10.33.58:967][ 18]LogTemp: Warning: Bool value is: b
[2019.09.03-10.33.58:978][ 19]LogTemp: Warning: Bool value is: b
[2019.09.03-10.33.58:990][ 20]LogTemp: Warning: Bool value is: b
[2019.09.03-10.33.59:002][ 21]LogTemp: Warning: Bool value is: b
[2019.09.03-10.33.59:014][ 22]LogTemp: Warning: Bool value is: b
[2019.09.03-10.33.59:025][ 23]LogTemp: Warning: Bool value is: b
[2019.09.03-10.33.59:038][ 24]LogTemp: Warning: Bool value is: b
[2019.09.03-10.33.59:049][ 25]LogTemp: Warning: Bool value is: b
[2019.09.03-10.33.59:061][ 26]LogTemp: Warning: Bool value is: b
[2019.09.03-10.33.59:073][ 27]LogTemp: Warning: Bool value is: b
[2019.09.03-10.33.59:085][ 28]LogTemp: Warning: Bool value is: b
[2019.09.03-10.33.59:096][ 29]LogTemp: Warning: Bool value is: b
[2019.09.03-10.33.59:108][ 30]LogTemp: Warning: Bool value is: b
[2019.09.03-10.33.59:120][ 31]LogTemp: Warning: Bool value is: b
[2019.09.03-10.33.59:132][ 32]LogTemp: Warning: Bool value is: b
[2019.09.03-10.33.59:143][ 33]LogTemp: Warning: Bool value is: b
[2019.09.03-10.33.59:155][ 34]LogTemp: Warning: Bool value is: b
[2019.09.03-10.33.59:167][ 35]LogTemp: Warning: Bool value is: b
[2019.09.03-10.33.59:178][ 36]LogTemp: Warning: Bool value is: b
[2019.09.03-10.33.59:190][ 37]LogTemp: Warning: Bool value is: b
[2019.09.03-10.33.59:202][ 38]LogTemp: Warning: Bool value is: b
[2019.09.03-10.33.59:214][ 39]LogTemp: Warning: Bool value is: b
[2019.09.03-10.33.59:225][ 40]LogTemp: Warning: Bool value is: b
[2019.09.03-10.33.59:237][ 41]LogTemp: Warning: Bool value is: b
[2019.09.03-10.33.59:249][ 42]LogTemp: Warning: Bool value is: b
[2019.09.03-10.33.59:260][ 43]LogTemp: Warning: Bool value is: b
[2019.09.03-10.33.59:272][ 44]LogTemp: Warning: Bool value is: b
[2019.09.03-10.33.59:284][ 45]LogTemp: Warning: Bool value is: b
[2019.09.03-10.33.59:298][ 46]LogTemp: Warning: Bool value is: b
[2019.09.03-10.33.59:308][ 47]LogTemp: Warning: Bool value is: b
[2019.09.03-10.33.59:322][ 48]LogTemp: Warning: Bool value is: b
[2019.09.03-10.33.59:333][ 49]LogTemp: Warning: Bool value is: b
[2019.09.03-10.33.59:343][ 50]LogTemp: Warning: Bool value is: b
[2019.09.03-10.33.59:356][ 51]LogTemp: Warning: Bool value is: b
[2019.09.03-10.33.59:369][ 52]LogTemp: Warning: Bool value is: b
[2019.09.03-10.33.59:378][ 53]LogTemp: Warning: Bool value is: b
[2019.09.03-10.33.59:391][ 54]LogTemp: Warning: Bool value is: b
[2019.09.03-10.33.59:403][ 55]LogTemp: Warning: Bool value is: b
[2019.09.03-10.33.59:414][ 56]LogTemp: Warning: Bool value is: b
[2019.09.03-10.33.59:426][ 57]LogTemp: Warning: Bool value is: b
[2019.09.03-10.33.59:437][ 58]LogTemp: Warning: Bool value is: b
[2019.09.03-10.33.59:450][ 59]LogTemp: Warning: Bool value is: b
[2019.09.03-10.33.59:461][ 60]LogTemp: Warning: Bool value is: b
[2019.09.03-10.33.59:473][ 61]LogTemp: Warning: Bool value is: b
[2019.09.03-10.33.59:485][ 62]LogTemp: Warning: Bool value is: b
[2019.09.03-10.33.59:498][ 63]LogTemp: Warning: Bool value is: b
[2019.09.03-10.33.59:509][ 64]LogTemp: Warning: Bool value is: b
[2019.09.03-10.33.59:521][ 65]LogTemp: Warning: Bool value is: b
[2019.09.03-10.33.59:533][ 66]LogTemp: Warning: Bool value is: b
[2019.09.03-10.33.59:544][ 67]LogTemp: Warning: Bool value is: b
[2019.09.03-10.33.59:556][ 68]LogTemp: Warning: Bool value is: b
[2019.09.03-10.33.59:569][ 69]LogTemp: Warning: Bool value is: b
[2019.09.03-10.33.59:580][ 70]LogTemp: Warning: Bool value is: b
[2019.09.03-10.33.59:593][ 71]LogTemp: Warning: Bool value is: b
[2019.09.03-10.33.59:603][ 72]LogTemp: Warning: Bool value is: b
[2019.09.03-10.33.59:617][ 73]LogTemp: Warning: Bool value is: b
[2019.09.03-10.33.59:627][ 74]LogTemp: Warning: Bool value is: b
[2019.09.03-10.33.59:640][ 75]LogTemp: Warning: Bool value is: b
[2019.09.03-10.33.59:650][ 76]LogTemp: Warning: Bool value is: b
[2019.09.03-10.33.59:662][ 77]LogTemp: Warning: Bool value is: b
[2019.09.03-10.33.59:674][ 78]LogTemp: Warning: Bool value is: b
[2019.09.03-10.33.59:686][ 79]LogTemp: Warning: Bool value is: b
[2019.09.03-10.33.59:697][ 80]LogTemp: Warning: Bool value is: b
[2019.09.03-10.33.59:708][ 81]LogTemp: Warning: Bool value is: b
[2019.09.03-10.33.59:721][ 82]LogTemp: Warning: Bool value is: b
[2019.09.03-10.33.59:733][ 83]LogTemp: Warning: Bool value is: b
[2019.09.03-10.33.59:744][ 84]LogTemp: Warning: Bool value is: b
[2019.09.03-10.33.59:757][ 85]LogTemp: Warning: Bool value is: b
[2019.09.03-10.33.59:768][ 86]LogTemp: Warning: Bool value is: b
[2019.09.03-10.33.59:779][ 87]LogTemp: Warning: Bool value is: b
[2019.09.03-10.33.59:791][ 88]LogTemp: Warning: Bool value is: b
[2019.09.03-10.33.59:804][ 89]LogTemp: Warning: Bool value is: b
[2019.09.03-10.33.59:816][ 90]LogTemp: Warning: Bool value is: b
[2019.09.03-10.33.59:827][ 91]LogTemp: Warning: Bool value is: b
[2019.09.03-10.33.59:839][ 92]LogTemp: Warning: Bool value is: b
[2019.09.03-10.33.59:851][ 93]LogTemp: Warning: Bool value is: b
[2019.09.03-10.33.59:863][ 94]LogTemp: Warning: Bool value is: b
[2019.09.03-10.33.59:875][ 95]LogTemp: Warning: Bool value is: b
[2019.09.03-10.33.59:887][ 96]LogTemp: Warning: Bool value is: b
[2019.09.03-10.33.59:899][ 97]LogTemp: Warning: Bool value is: b
[2019.09.03-10.33.59:910][ 98]LogTemp: Warning: Bool value is: b
[2019.09.03-10.33.59:922][ 99]LogTemp: Warning: Bool value is: b
[2019.09.03-10.33.59:934][100]LogTemp: Warning: Bool value is: b
[2019.09.03-10.33.59:946][101]LogTemp: Warning: Bool value is: b
[2019.09.03-10.33.59:958][102]LogTemp: Warning: Bool value is: b
[2019.09.03-10.33.59:970][103]LogTemp: Warning: Bool value is: b
[2019.09.03-10.33.59:983][104]LogTemp: Warning: Bool value is: b
[2019.09.03-10.33.59:994][105]LogTemp: Warning: Bool value is: b
[2019.09.03-10.34.00:006][106]LogTemp: Warning: Bool value is: b
[2019.09.03-10.34.00:018][107]LogTemp: Warning: Bool value is: b
[2019.09.03-10.34.00:030][108]LogTemp: Warning: Bool value is: b
[2019.09.03-10.34.00:043][109]LogTemp: Warning: Bool value is: b
[2019.09.03-10.34.00:054][110]LogTemp: Warning: Bool value is: b
[2019.09.03-10.34.00:067][111]LogTemp: Warning: Bool value is: b
[2019.09.03-10.34.00:078][112]LogTemp: Warning: Bool value is: b
[2019.09.03-10.34.00:090][113]LogTemp: Warning: Bool value is: b
[2019.09.03-10.34.00:102][114]LogTemp: Warning: Bool value is: b
[2019.09.03-10.34.00:114][115]LogTemp: Warning: Bool value is: b
[2019.09.03-10.34.00:126][116]LogTemp: Warning: Bool value is: b
[2019.09.03-10.34.00:139][117]LogTemp: Warning: Bool value is: b
[2019.09.03-10.34.00:152][118]LogTemp: Warning: Bool value is: b
[2019.09.03-10.34.00:164][119]LogTemp: Warning: Bool value is: b
[2019.09.03-10.34.00:175][120]LogTemp: Warning: Bool value is: b
[2019.09.03-10.34.00:187][121]LogTemp: Warning: Bool value is: b
[2019.09.03-10.34.00:199][122]LogTemp: Warning: Bool value is: b
[2019.09.03-10.34.00:210][123]LogTemp: Warning: Bool value is: b
[2019.09.03-10.34.00:222][124]LogTemp: Warning: Bool value is: b
[2019.09.03-10.34.00:317][134]LogTemp: Warning: Bool value is: b
[2019.09.03-10.34.00:331][134]LogBlueprintUserMessages: Early EndPlayMap Detection: Level '/Temp/Untitled_1.Untitled_1:PersistentLevel' has LevelScriptBlueprint '/Temp/Untitled_1.Untitled_1:PersistentLevel.Untitled' with GeneratedClass '/Temp/Untitled_1.Untitled_C' with ClassGeneratedBy '/Temp/Untitled_1.Untitled_1:PersistentLevel.Untitled'
[2019.09.03-10.34.00:353][134]LogSlate: Updating window title bar state: overlay mode, drag disabled, window buttons hidden, title bar hidden
[2019.09.03-10.34.00:481][134]LogPlayLevel: Display: Shutting down PIE online subsystems
[2019.09.03-10.34.00:482][134]LogBlueprintUserMessages: Late EndPlayMap Detection: Level '/Temp/Untitled_1.Untitled_1:PersistentLevel' has LevelScriptBlueprint '/Temp/Untitled_1.Untitled_1:PersistentLevel.Untitled' with GeneratedClass '/Temp/Untitled_1.Untitled_C' with ClassGeneratedBy '/Temp/Untitled_1.Untitled_1:PersistentLevel.Untitled'
[2019.09.03-10.34.00:635][134]LogSlate: Updating window title bar state: overlay mode, drag disabled, window buttons hidden, title bar hidden
[2019.09.03-10.34.00:710][134]LogUObjectHash: Compacting FUObjectHashTables data took   1.85ms
[2019.09.03-10.34.00:741][135]LogPlayLevel: Display: Destroying online subsystem :Context_1
