Log file open, 09/03/19 14:42:42
LogWindows: Failed to load 'aqProf.dll' (GetLastError=126)
LogWindows: File 'aqProf.dll' does not exist
LogWindows: Failed to load 'VtuneApi.dll' (GetLastError=126)
LogWindows: File 'VtuneApi.dll' does not exist
LogWindows: Failed to load 'VtuneApi32e.dll' (GetLastError=126)
LogWindows: File 'VtuneApi32e.dll' does not exist
LogConsoleResponse: Display: Failed to find resolution value strings in scalability ini. Falling back to default.
LogInit: Display: Running engine for game: TCPBuilder
LogPakFile: Registered encryption key '00000000000000000000000000000000': 0 pak files mounted, 0 remain pending
LogPlatformFile: Not using cached read wrapper
LogTaskGraph: Started task graph with 5 named threads and 14 total threads with 3 sets of task threads.
LogStats: Stats thread started at 0.270348
LogD3D11RHI: Loaded GFSDK_Aftermath_Lib.x64.dll
LogICUInternationalization: ICU TimeZone Detection - Raw Offset: +5:30, Platform Override: ''
LogPluginManager: Mounting plugin Paper2D
LogPluginManager: Mounting plugin AISupport
LogPluginManager: Mounting plugin LightPropagationVolume
LogPluginManager: Mounting plugin ActorLayerUtilities
LogPluginManager: Mounting plugin AnimationSharing
LogPluginManager: Mounting plugin CLionSourceCodeAccess
LogPluginManager: Mounting plugin CodeLiteSourceCodeAccess
LogPluginManager: Mounting plugin GitSourceControl
LogPluginManager: Mounting plugin KDevelopSourceCodeAccess
LogPluginManager: Mounting plugin NullSourceCodeAccess
LogPluginManager: Mounting plugin PerforceSourceControl
LogPluginManager: Mounting plugin SubversionSourceControl
LogPluginManager: Mounting plugin UObjectPlugin
LogPluginManager: Mounting plugin VisualStudioCodeSourceCodeAccess
LogPluginManager: Mounting plugin VisualStudioSourceCodeAccess
LogPluginManager: Mounting plugin XCodeSourceCodeAccess
LogPluginManager: Mounting plugin AssetManagerEditor
LogPluginManager: Mounting plugin CryptoKeys
LogPluginManager: Mounting plugin DataValidation
LogPluginManager: Mounting plugin FacialAnimation
LogPluginManager: Mounting plugin GameplayTagsEditor
LogPluginManager: Mounting plugin MacGraphicsSwitching
LogPluginManager: Mounting plugin MaterialAnalyzer
LogPluginManager: Mounting plugin MobileLauncherProfileWizard
LogPluginManager: Mounting plugin PluginBrowser
LogPluginManager: Mounting plugin SpeedTreeImporter
LogPluginManager: Mounting plugin DatasmithContent
LogPluginManager: Mounting plugin VariantManagerContent
LogPluginManager: Mounting plugin AlembicImporter
LogPluginManager: Mounting plugin AppleImageUtils
LogPluginManager: Mounting plugin AppleVision
LogPluginManager: Mounting plugin BackChannel
LogPluginManager: Mounting plugin CharacterAI
LogPluginManager: Mounting plugin GeometryCache
LogPluginManager: Mounting plugin HTML5Networking
LogPluginManager: Mounting plugin ProxyLODPlugin
LogPluginManager: Mounting plugin SkeletalReduction
LogPluginManager: Mounting plugin MagicLeap
LogPluginManager: Mounting plugin MagicLeapMedia
LogPluginManager: Mounting plugin AndroidMedia
LogPluginManager: Mounting plugin AvfMedia
LogPluginManager: Mounting plugin ImgMedia
LogPluginManager: Mounting plugin LinearTimecode
LogPluginManager: Mounting plugin MediaCompositing
LogPluginManager: Mounting plugin MediaPlayerEditor
LogPluginManager: Mounting plugin WebMMedia
LogPluginManager: Mounting plugin WmfMedia
LogPluginManager: Mounting plugin TcpMessaging
LogPluginManager: Mounting plugin UdpMessaging
LogPluginManager: Mounting plugin ActorSequence
LogPluginManager: Mounting plugin LevelSequenceEditor
LogPluginManager: Mounting plugin MatineeToLevelSequence
LogPluginManager: Mounting plugin NetcodeUnitTest
LogPluginManager: Mounting plugin NUTUnrealEngine4
LogPluginManager: Mounting plugin OnlineSubsystemGooglePlay
LogPluginManager: Mounting plugin OnlineSubsystemIOS
LogPluginManager: Mounting plugin OnlineSubsystem
LogPluginManager: Mounting plugin OnlineSubsystemNull
LogPluginManager: Mounting plugin OnlineSubsystemUtils
LogPluginManager: Mounting plugin LauncherChunkInstaller
LogPluginManager: Mounting plugin AndroidDeviceProfileSelector
LogPluginManager: Mounting plugin AndroidMoviePlayer
LogPluginManager: Mounting plugin AndroidPermission
LogPluginManager: Mounting plugin AppleMoviePlayer
LogPluginManager: Mounting plugin ArchVisCharacter
LogPluginManager: Mounting plugin AudioCapture
LogPluginManager: Mounting plugin CableComponent
LogPluginManager: Mounting plugin CustomMeshComponent
LogPluginManager: Mounting plugin EditableMesh
LogPluginManager: Mounting plugin ExampleDeviceProfileSelector
LogPluginManager: Mounting plugin Firebase
LogPluginManager: Mounting plugin GoogleCloudMessaging
LogPluginManager: Mounting plugin IOSDeviceProfileSelector
LogPluginManager: Mounting plugin LinuxDeviceProfileSelector
LogPluginManager: Mounting plugin LocationServicesBPLibrary
LogPluginManager: Mounting plugin MobilePatchingUtils
LogPluginManager: Mounting plugin OculusVR
LogPluginManager: Mounting plugin PhysXVehicles
LogPluginManager: Mounting plugin ProceduralMeshComponent
LogPluginManager: Mounting plugin RuntimePhysXCooking
LogPluginManager: Mounting plugin SignificanceManager
LogPluginManager: Mounting plugin SteamVR
LogPluginManager: Mounting plugin WebMMoviePlayer
LogPluginManager: Mounting plugin WindowsMoviePlayer
LogPluginManager: Mounting plugin TCPPlugin
LogInit: Using libcurl 7.55.1-DEV
LogInit:  - built for x86_64-pc-win32
LogInit:  - supports SSL with OpenSSL/1.1.1
LogInit:  - supports HTTP deflate (compression) using libz 1.2.8
LogInit:  - other features:
LogInit:      CURL_VERSION_SSL
LogInit:      CURL_VERSION_LIBZ
LogInit:      CURL_VERSION_IPV6
LogInit:      CURL_VERSION_ASYNCHDNS
LogInit:      CURL_VERSION_LARGEFILE
LogInit:      CURL_VERSION_IDN
LogInit:  CurlRequestOptions (configurable via config and command line):
LogInit:  - bVerifyPeer = true  - Libcurl will verify peer certificate
LogInit:  - bUseHttpProxy = false  - Libcurl will NOT use HTTP proxy
LogInit:  - bDontReuseConnections = false  - Libcurl will reuse connections
LogInit:  - MaxHostConnections = 16  - Libcurl will limit the number of connections to a host
LogInit:  - LocalHostAddr = Default
LogInit:  - BufferSize = 65536
LogInit: WinSock: version 1.1 (2.2), MaxSocks=32767, MaxUdp=65467
LogInit: Build: ++UE4+Release-4.22-CL-7053642
LogInit: Engine Version: 4.22.3-7053642+++UE4+Release-4.22
LogInit: Compatible Engine Version: 4.22.0-5660361+++UE4+Release-4.22
LogInit: Net CL: 5660361
LogInit: OS: Windows 10 (Release 1903) (), CPU:         Intel(R) Core(TM) i5-3470 CPU @ 3.20GHz, GPU: NVIDIA GeForce GT 640
LogInit: Compiled (64-bit): Jun 18 2019 03:09:11
LogInit: Compiled with Visual C++: 19.16.27025.01
LogInit: Build Configuration: Development
LogInit: Branch Name: ++UE4+Release-4.22
LogInit: Command Line:  -skipcompile
LogInit: Base Directory: C:/Program Files/Epic Games/UE_4.22/Engine/Binaries/Win64/
LogInit: Installed Engine Build: 1
LogDevObjectVersion: Number of dev versions registered: 23
LogDevObjectVersion:   Dev-Blueprints (B0D832E4-1F89-4F0D-ACCF-7EB736FD4AA2): 10
LogDevObjectVersion:   Dev-Build (E1C64328-A22C-4D53-A36C-8E866417BD8C): 0
LogDevObjectVersion:   Dev-Core (375EC13C-06E4-48FB-B500-84F0262A717E): 3
LogDevObjectVersion:   Dev-Editor (E4B068ED-F494-42E9-A231-DA0B2E46BB41): 30
LogDevObjectVersion:   Dev-Framework (CFFC743F-43B0-4480-9391-14DF171D2073): 35
LogDevObjectVersion:   Dev-Mobile (B02B49B5-BB20-44E9-A304-32B752E40360): 2
LogDevObjectVersion:   Dev-Networking (A4E4105C-59A1-49B5-A7C5-40C4547EDFEE): 0
LogDevObjectVersion:   Dev-Online (39C831C9-5AE6-47DC-9A44-9C173E1C8E7C): 0
LogDevObjectVersion:   Dev-Physics (78F01B33-EBEA-4F98-B9B4-84EACCB95AA2): 0
LogDevObjectVersion:   Dev-Platform (6631380F-2D4D-43E0-8009-CF276956A95A): 0
LogDevObjectVersion:   Dev-Rendering (12F88B9F-8875-4AFC-A67C-D90C383ABD29): 28
LogDevObjectVersion:   Dev-Sequencer (7B5AE74C-D270-4C10-A958-57980B212A5A): 11
LogDevObjectVersion:   Dev-VR (D7296918-1DD6-4BDD-9DE2-64A83CC13884): 2
LogDevObjectVersion:   Dev-LoadTimes (C2A15278-BFE7-4AFE-6C17-90FF531DF755): 1
LogDevObjectVersion:   Private-Geometry (6EACA3D4-40EC-4CC1-B786-8BED09428FC5): 3
LogDevObjectVersion:   Dev-AnimPhys (29E575DD-E0A3-4627-9D10-D276232CDCEA): 17
LogDevObjectVersion:   Dev-Anim (AF43A65D-7FD3-4947-9873-3E8ED9C1BB05): 2
LogDevObjectVersion:   Dev-ReflectionCapture (6B266CEC-1EC7-4B8F-A30B-E4D90942FC07): 1
LogDevObjectVersion:   Dev-Automation (0DF73D61-A23F-47EA-B727-89E90C41499A): 1
LogDevObjectVersion:   FortniteMain (601D1886-AC64-4F84-AA16-D3DE0DEAC7D6): 25
LogDevObjectVersion:   Dev-Enterprise (9DFFBCD6-494F-0158-E221-12823C92A888): 6
LogDevObjectVersion:   Dev-Niagara (F2AED0AC-9AFE-416F-8664-AA7FFA26D6FC): 1
LogDevObjectVersion:   Dev-Destruction (174F1F0B-B4C6-45A5-B13F-2EE8D0FB917D): 2
LogInit: Presizing for max 16777216 objects, including 0 objects not considered by GC, pre-allocating 0 bytes for permanent pool.
LogInit: Object subsystem initialized
LogConfig: Setting CVar [[con.DebugEarlyDefault:1]]
LogConfig: Setting CVar [[r.setres:1280x720]]
[2019.09.03-09.12.43:386][  0]LogConfig: Setting CVar [[r.VSync:0]]
[2019.09.03-09.12.43:386][  0]LogConfig: Setting CVar [[r.RHICmdBypass:0]]
[2019.09.03-09.12.43:386][  0]LogConfig: Applying CVar settings from Section [/Script/Engine.RendererSettings] File [C:/Users/hiran.tharinda/Documents/Unreal Projects/TCPBuilder/Saved/Config/Windows/Engine.ini]
[2019.09.03-09.12.43:386][  0]LogConfig: Setting CVar [[r.GPUCrashDebugging:0]]
[2019.09.03-09.12.43:386][  0]LogConfig: Setting CVar [[r.DefaultFeature.AutoExposure.ExtendDefaultLuminanceRange:1]]
[2019.09.03-09.12.43:386][  0]LogConfig: Applying CVar settings from Section [/Script/Engine.RendererOverrideSettings] File [C:/Users/hiran.tharinda/Documents/Unreal Projects/TCPBuilder/Saved/Config/Windows/Engine.ini]
[2019.09.03-09.12.43:386][  0]LogConfig: Applying CVar settings from Section [/Script/Engine.StreamingSettings] File [C:/Users/hiran.tharinda/Documents/Unreal Projects/TCPBuilder/Saved/Config/Windows/Engine.ini]
[2019.09.03-09.12.43:386][  0]LogConfig: Setting CVar [[s.MinBulkDataSizeForAsyncLoading:131072]]
[2019.09.03-09.12.43:387][  0]LogConfig: Setting CVar [[s.AsyncLoadingThreadEnabled:0]]
[2019.09.03-09.12.43:387][  0]LogConfig: Setting CVar [[s.EventDrivenLoaderEnabled:1]]
[2019.09.03-09.12.43:387][  0]LogConfig: Setting CVar [[s.WarnIfTimeLimitExceeded:0]]
[2019.09.03-09.12.43:387][  0]LogConfig: Setting CVar [[s.TimeLimitExceededMultiplier:1.5]]
[2019.09.03-09.12.43:387][  0]LogConfig: Setting CVar [[s.TimeLimitExceededMinTime:0.005]]
[2019.09.03-09.12.43:387][  0]LogConfig: Setting CVar [[s.UseBackgroundLevelStreaming:1]]
[2019.09.03-09.12.43:387][  0]LogConfig: Setting CVar [[s.PriorityAsyncLoadingExtraTime:15.0]]
[2019.09.03-09.12.43:387][  0]LogConfig: Setting CVar [[s.LevelStreamingActorsUpdateTimeLimit:5.0]]
[2019.09.03-09.12.43:387][  0]LogConfig: Setting CVar [[s.PriorityLevelStreamingActorsUpdateExtraTime:5.0]]
[2019.09.03-09.12.43:387][  0]LogConfig: Setting CVar [[s.LevelStreamingComponentsRegistrationGranularity:10]]
[2019.09.03-09.12.43:387][  0]LogConfig: Setting CVar [[s.UnregisterComponentsTimeLimit:1.0]]
[2019.09.03-09.12.43:387][  0]LogConfig: Setting CVar [[s.LevelStreamingComponentsUnregistrationGranularity:5]]
[2019.09.03-09.12.43:387][  0]LogConfig: Applying CVar settings from Section [/Script/Engine.GarbageCollectionSettings] File [C:/Users/hiran.tharinda/Documents/Unreal Projects/TCPBuilder/Saved/Config/Windows/Engine.ini]
[2019.09.03-09.12.43:387][  0]LogConfig: Setting CVar [[gc.MaxObjectsNotConsideredByGC:1]]
[2019.09.03-09.12.43:387][  0]LogConfig: Setting CVar [[gc.SizeOfPermanentObjectPool:0]]
[2019.09.03-09.12.43:387][  0]LogConfig: Setting CVar [[gc.FlushStreamingOnGC:0]]
[2019.09.03-09.12.43:387][  0]LogConfig: Setting CVar [[gc.NumRetriesBeforeForcingGC:10]]
[2019.09.03-09.12.43:387][  0]LogConfig: Setting CVar [[gc.AllowParallelGC:1]]
[2019.09.03-09.12.43:387][  0]LogConfig: Setting CVar [[gc.TimeBetweenPurgingPendingKillObjects:61.1]]
[2019.09.03-09.12.43:387][  0]LogConfig: Setting CVar [[gc.MaxObjectsInEditor:16777216]]
[2019.09.03-09.12.43:388][  0]LogConfig: Setting CVar [[gc.IncrementalBeginDestroyEnabled:1]]
[2019.09.03-09.12.43:388][  0]LogConfig: Setting CVar [[gc.CreateGCClusters:1]]
[2019.09.03-09.12.43:388][  0]LogConfig: Setting CVar [[gc.MinGCClusterSize:5]]
[2019.09.03-09.12.43:388][  0]LogConfig: Setting CVar [[gc.ActorClusteringEnabled:0]]
[2019.09.03-09.12.43:388][  0]LogConfig: Setting CVar [[gc.BlueprintClusteringEnabled:0]]
[2019.09.03-09.12.43:388][  0]LogConfig: Setting CVar [[gc.UseDisregardForGCOnDedicatedServers:0]]
[2019.09.03-09.12.43:388][  0]LogConfig: Applying CVar settings from Section [/Script/Engine.NetworkSettings] File [C:/Users/hiran.tharinda/Documents/Unreal Projects/TCPBuilder/Saved/Config/Windows/Engine.ini]
[2019.09.03-09.12.43:388][  0]LogConfig: Applying CVar settings from Section [/Script/UnrealEd.CookerSettings] File [C:/Users/hiran.tharinda/Documents/Unreal Projects/TCPBuilder/Saved/Config/Windows/Engine.ini]
[2019.09.03-09.12.43:395][  0]LogConfig: Applying CVar settings from Section [ViewDistanceQuality@3] File [C:/Users/hiran.tharinda/Documents/Unreal Projects/TCPBuilder/Saved/Config/Windows/Scalability.ini]
[2019.09.03-09.12.43:395][  0]LogConfig: Setting CVar [[r.SkeletalMeshLODBias:0]]
[2019.09.03-09.12.43:395][  0]LogConfig: Setting CVar [[r.ViewDistanceScale:1.0]]
[2019.09.03-09.12.43:395][  0]LogConfig: Applying CVar settings from Section [AntiAliasingQuality@3] File [C:/Users/hiran.tharinda/Documents/Unreal Projects/TCPBuilder/Saved/Config/Windows/Scalability.ini]
[2019.09.03-09.12.43:395][  0]LogConfig: Setting CVar [[r.PostProcessAAQuality:4]]
[2019.09.03-09.12.43:395][  0]LogConfig: Applying CVar settings from Section [ShadowQuality@3] File [C:/Users/hiran.tharinda/Documents/Unreal Projects/TCPBuilder/Saved/Config/Windows/Scalability.ini]
[2019.09.03-09.12.43:395][  0]LogConfig: Setting CVar [[r.LightFunctionQuality:1]]
[2019.09.03-09.12.43:395][  0]LogConfig: Setting CVar [[r.ShadowQuality:5]]
[2019.09.03-09.12.43:395][  0]LogConfig: Setting CVar [[r.Shadow.CSM.MaxCascades:10]]
[2019.09.03-09.12.43:395][  0]LogConfig: Setting CVar [[r.Shadow.MaxResolution:2048]]
[2019.09.03-09.12.43:395][  0]LogConfig: Setting CVar [[r.Shadow.MaxCSMResolution:2048]]
[2019.09.03-09.12.43:395][  0]LogConfig: Setting CVar [[r.Shadow.RadiusThreshold:0.01]]
[2019.09.03-09.12.43:396][  0]LogConfig: Setting CVar [[r.Shadow.DistanceScale:1.0]]
[2019.09.03-09.12.43:396][  0]LogConfig: Setting CVar [[r.Shadow.CSM.TransitionScale:1.0]]
[2019.09.03-09.12.43:396][  0]LogConfig: Setting CVar [[r.Shadow.PreShadowResolutionFactor:1.0]]
[2019.09.03-09.12.43:396][  0]LogConfig: Setting CVar [[r.DistanceFieldShadowing:1]]
[2019.09.03-09.12.43:396][  0]LogConfig: Setting CVar [[r.DistanceFieldAO:1]]
[2019.09.03-09.12.43:396][  0]LogConfig: Setting CVar [[r.AOQuality:2]]
[2019.09.03-09.12.43:396][  0]LogConfig: Setting CVar [[r.VolumetricFog:1]]
[2019.09.03-09.12.43:396][  0]LogConfig: Setting CVar [[r.VolumetricFog.GridPixelSize:8]]
[2019.09.03-09.12.43:396][  0]LogConfig: Setting CVar [[r.VolumetricFog.GridSizeZ:128]]
[2019.09.03-09.12.43:396][  0]LogConfig: Setting CVar [[r.VolumetricFog.HistoryMissSupersampleCount:4]]
[2019.09.03-09.12.43:396][  0]LogConfig: Setting CVar [[r.LightMaxDrawDistanceScale:1]]
[2019.09.03-09.12.43:396][  0]LogConfig: Setting CVar [[r.CapsuleShadows:1]]
[2019.09.03-09.12.43:396][  0]LogConfig: Applying CVar settings from Section [PostProcessQuality@3] File [C:/Users/hiran.tharinda/Documents/Unreal Projects/TCPBuilder/Saved/Config/Windows/Scalability.ini]
[2019.09.03-09.12.43:396][  0]LogConfig: Setting CVar [[r.MotionBlurQuality:4]]
[2019.09.03-09.12.43:396][  0]LogConfig: Setting CVar [[r.AmbientOcclusionMipLevelFactor:0.4]]
[2019.09.03-09.12.43:396][  0]LogConfig: Setting CVar [[r.AmbientOcclusionMaxQuality:100]]
[2019.09.03-09.12.43:396][  0]LogConfig: Setting CVar [[r.AmbientOcclusionLevels:-1]]
[2019.09.03-09.12.43:396][  0]LogConfig: Setting CVar [[r.AmbientOcclusionRadiusScale:1.0]]
[2019.09.03-09.12.43:396][  0]LogConfig: Setting CVar [[r.DepthOfFieldQuality:2]]
[2019.09.03-09.12.43:397][  0]LogConfig: Setting CVar [[r.RenderTargetPoolMin:400]]
[2019.09.03-09.12.43:397][  0]LogConfig: Setting CVar [[r.LensFlareQuality:2]]
[2019.09.03-09.12.43:397][  0]LogConfig: Setting CVar [[r.SceneColorFringeQuality:1]]
[2019.09.03-09.12.43:397][  0]LogConfig: Setting CVar [[r.EyeAdaptationQuality:2]]
[2019.09.03-09.12.43:397][  0]LogConfig: Setting CVar [[r.BloomQuality:5]]
[2019.09.03-09.12.43:397][  0]LogConfig: Setting CVar [[r.FastBlurThreshold:100]]
[2019.09.03-09.12.43:397][  0]LogConfig: Setting CVar [[r.Upscale.Quality:3]]
[2019.09.03-09.12.43:397][  0]LogConfig: Setting CVar [[r.Tonemapper.GrainQuantization:1]]
[2019.09.03-09.12.43:397][  0]LogConfig: Setting CVar [[r.LightShaftQuality:1]]
[2019.09.03-09.12.43:397][  0]LogConfig: Setting CVar [[r.Filter.SizeScale:1]]
[2019.09.03-09.12.43:397][  0]LogConfig: Setting CVar [[r.Tonemapper.Quality:5]]
[2019.09.03-09.12.43:397][  0]LogConfig: Setting CVar [[r.DOF.Gather.AccumulatorQuality:1        ; higher gathering accumulator quality]]
[2019.09.03-09.12.43:397][  0]LogConfig: Setting CVar [[r.DOF.Gather.PostfilterMethod:1          ; Median3x3 postfilering method]]
[2019.09.03-09.12.43:397][  0]LogConfig: Setting CVar [[r.DOF.Gather.EnableBokehSettings:0       ; no bokeh simulation when gathering]]
[2019.09.03-09.12.43:397][  0]LogConfig: Setting CVar [[r.DOF.Gather.RingCount:4                 ; medium number of samples when gathering]]
[2019.09.03-09.12.43:397][  0]LogConfig: Setting CVar [[r.DOF.Scatter.ForegroundCompositing:1    ; additive foreground scattering]]
[2019.09.03-09.12.43:397][  0]LogConfig: Setting CVar [[r.DOF.Scatter.BackgroundCompositing:2    ; additive background scattering]]
[2019.09.03-09.12.43:398][  0]LogConfig: Setting CVar [[r.DOF.Scatter.EnableBokehSettings:1      ; bokeh simulation when scattering]]
[2019.09.03-09.12.43:398][  0]LogConfig: Setting CVar [[r.DOF.Scatter.MaxSpriteRatio:0.1         ; only a maximum of 10% of scattered bokeh]]
[2019.09.03-09.12.43:398][  0]LogConfig: Setting CVar [[r.DOF.Recombine.Quality:1                ; cheap slight out of focus]]
[2019.09.03-09.12.43:398][  0]LogConfig: Setting CVar [[r.DOF.Recombine.EnableBokehSettings:0    ; no bokeh simulation on slight out of focus]]
[2019.09.03-09.12.43:398][  0]LogConfig: Setting CVar [[r.DOF.TemporalAAQuality:1                ; more stable temporal accumulation]]
[2019.09.03-09.12.43:398][  0]LogConfig: Setting CVar [[r.DOF.Kernel.MaxForegroundRadius:0.025]]
[2019.09.03-09.12.43:398][  0]LogConfig: Setting CVar [[r.DOF.Kernel.MaxBackgroundRadius:0.025]]
[2019.09.03-09.12.43:398][  0]LogConfig: Applying CVar settings from Section [TextureQuality@3] File [C:/Users/hiran.tharinda/Documents/Unreal Projects/TCPBuilder/Saved/Config/Windows/Scalability.ini]
[2019.09.03-09.12.43:398][  0]LogConfig: Setting CVar [[r.Streaming.MipBias:0]]
[2019.09.03-09.12.43:398][  0]LogConfig: Setting CVar [[r.Streaming.AmortizeCPUToGPUCopy:0]]
[2019.09.03-09.12.43:398][  0]LogConfig: Setting CVar [[r.Streaming.MaxNumTexturesToStreamPerFrame:0]]
[2019.09.03-09.12.43:398][  0]LogConfig: Setting CVar [[r.Streaming.Boost:1]]
[2019.09.03-09.12.43:398][  0]LogConfig: Setting CVar [[r.MaxAnisotropy:8]]
[2019.09.03-09.12.43:398][  0]LogConfig: Setting CVar [[r.Streaming.LimitPoolSizeToVRAM:0]]
[2019.09.03-09.12.43:398][  0]LogConfig: Setting CVar [[r.Streaming.PoolSize:1000]]
[2019.09.03-09.12.43:398][  0]LogConfig: Setting CVar [[r.Streaming.MaxEffectiveScreenSize:0]]
[2019.09.03-09.12.43:398][  0]LogConfig: Applying CVar settings from Section [EffectsQuality@3] File [C:/Users/hiran.tharinda/Documents/Unreal Projects/TCPBuilder/Saved/Config/Windows/Scalability.ini]
[2019.09.03-09.12.43:398][  0]LogConfig: Setting CVar [[r.TranslucencyLightingVolumeDim:64]]
[2019.09.03-09.12.43:399][  0]LogConfig: Setting CVar [[r.RefractionQuality:2]]
[2019.09.03-09.12.43:399][  0]LogConfig: Setting CVar [[r.SSR.Quality:3]]
[2019.09.03-09.12.43:399][  0]LogConfig: Setting CVar [[r.SceneColorFormat:4]]
[2019.09.03-09.12.43:399][  0]LogConfig: Setting CVar [[r.DetailMode:2]]
[2019.09.03-09.12.43:399][  0]LogConfig: Setting CVar [[r.TranslucencyVolumeBlur:1]]
[2019.09.03-09.12.43:399][  0]LogConfig: Setting CVar [[r.MaterialQualityLevel:1 ; High quality]]
[2019.09.03-09.12.43:399][  0]LogConfig: Setting CVar [[r.SSS.Scale:1]]
[2019.09.03-09.12.43:399][  0]LogConfig: Setting CVar [[r.SSS.SampleSet:2]]
[2019.09.03-09.12.43:399][  0]LogConfig: Setting CVar [[r.SSS.Quality:1]]
[2019.09.03-09.12.43:399][  0]LogConfig: Setting CVar [[r.SSS.HalfRes:1]]
[2019.09.03-09.12.43:399][  0]LogConfig: Setting CVar [[r.EmitterSpawnRateScale:1.0]]
[2019.09.03-09.12.43:399][  0]LogConfig: Setting CVar [[r.ParticleLightQuality:2]]
[2019.09.03-09.12.43:399][  0]LogConfig: Applying CVar settings from Section [FoliageQuality@3] File [C:/Users/hiran.tharinda/Documents/Unreal Projects/TCPBuilder/Saved/Config/Windows/Scalability.ini]
[2019.09.03-09.12.43:399][  0]LogConfig: Setting CVar [[foliage.DensityScale:1.0]]
[2019.09.03-09.12.43:399][  0]LogConfig: Setting CVar [[grass.DensityScale:1.0]]
[2019.09.03-09.12.43:399][  0]LogInit: Selected Device Profile: [Windows]
[2019.09.03-09.12.43:399][  0]LogInit: Applying CVar settings loaded from the selected device profile: [Windows]
[2019.09.03-09.12.43:415][  0]LogHAL: Display: Platform has ~ 8 GB [8558567424 / 8589934592 / 8], which maps to Default [LargestMinGB=32, LargerMinGB=12, DefaultMinGB=8, SmallerMinGB=6, SmallestMinGB=0)
[2019.09.03-09.12.43:415][  0]LogConfig: Setting CVar [[r.Vulkan.UseRealUBs:0		; Required until we fix HLR fall-out]]
[2019.09.03-09.12.43:415][  0]LogInit: Going up to parent DeviceProfile []
[2019.09.03-09.12.43:415][  0]LogConfig: Applying CVar settings from Section [ViewDistanceQuality@3] File [C:/Users/hiran.tharinda/Documents/Unreal Projects/TCPBuilder/Saved/Config/Windows/Scalability.ini]
[2019.09.03-09.12.43:415][  0]LogConfig: Setting CVar [[r.SkeletalMeshLODBias:0]]
[2019.09.03-09.12.43:415][  0]LogConfig: Setting CVar [[r.ViewDistanceScale:1.0]]
[2019.09.03-09.12.43:415][  0]LogConfig: Applying CVar settings from Section [AntiAliasingQuality@3] File [C:/Users/hiran.tharinda/Documents/Unreal Projects/TCPBuilder/Saved/Config/Windows/Scalability.ini]
[2019.09.03-09.12.43:415][  0]LogConfig: Setting CVar [[r.PostProcessAAQuality:4]]
[2019.09.03-09.12.43:415][  0]LogConfig: Applying CVar settings from Section [ShadowQuality@3] File [C:/Users/hiran.tharinda/Documents/Unreal Projects/TCPBuilder/Saved/Config/Windows/Scalability.ini]
[2019.09.03-09.12.43:416][  0]LogConfig: Setting CVar [[r.LightFunctionQuality:1]]
[2019.09.03-09.12.43:416][  0]LogConfig: Setting CVar [[r.ShadowQuality:5]]
[2019.09.03-09.12.43:416][  0]LogConfig: Setting CVar [[r.Shadow.CSM.MaxCascades:10]]
[2019.09.03-09.12.43:416][  0]LogConfig: Setting CVar [[r.Shadow.MaxResolution:2048]]
[2019.09.03-09.12.43:416][  0]LogConfig: Setting CVar [[r.Shadow.MaxCSMResolution:2048]]
[2019.09.03-09.12.43:416][  0]LogConfig: Setting CVar [[r.Shadow.RadiusThreshold:0.01]]
[2019.09.03-09.12.43:416][  0]LogConfig: Setting CVar [[r.Shadow.DistanceScale:1.0]]
[2019.09.03-09.12.43:416][  0]LogConfig: Setting CVar [[r.Shadow.CSM.TransitionScale:1.0]]
[2019.09.03-09.12.43:416][  0]LogConfig: Setting CVar [[r.Shadow.PreShadowResolutionFactor:1.0]]
[2019.09.03-09.12.43:416][  0]LogConfig: Setting CVar [[r.DistanceFieldShadowing:1]]
[2019.09.03-09.12.43:416][  0]LogConfig: Setting CVar [[r.DistanceFieldAO:1]]
[2019.09.03-09.12.43:416][  0]LogConfig: Setting CVar [[r.AOQuality:2]]
[2019.09.03-09.12.43:416][  0]LogConfig: Setting CVar [[r.VolumetricFog:1]]
[2019.09.03-09.12.43:416][  0]LogConfig: Setting CVar [[r.VolumetricFog.GridPixelSize:8]]
[2019.09.03-09.12.43:416][  0]LogConfig: Setting CVar [[r.VolumetricFog.GridSizeZ:128]]
[2019.09.03-09.12.43:416][  0]LogConfig: Setting CVar [[r.VolumetricFog.HistoryMissSupersampleCount:4]]
[2019.09.03-09.12.43:416][  0]LogConfig: Setting CVar [[r.LightMaxDrawDistanceScale:1]]
[2019.09.03-09.12.43:417][  0]LogConfig: Setting CVar [[r.CapsuleShadows:1]]
[2019.09.03-09.12.43:417][  0]LogConfig: Applying CVar settings from Section [PostProcessQuality@3] File [C:/Users/hiran.tharinda/Documents/Unreal Projects/TCPBuilder/Saved/Config/Windows/Scalability.ini]
[2019.09.03-09.12.43:417][  0]LogConfig: Setting CVar [[r.MotionBlurQuality:4]]
[2019.09.03-09.12.43:417][  0]LogConfig: Setting CVar [[r.AmbientOcclusionMipLevelFactor:0.4]]
[2019.09.03-09.12.43:417][  0]LogConfig: Setting CVar [[r.AmbientOcclusionMaxQuality:100]]
[2019.09.03-09.12.43:417][  0]LogConfig: Setting CVar [[r.AmbientOcclusionLevels:-1]]
[2019.09.03-09.12.43:417][  0]LogConfig: Setting CVar [[r.AmbientOcclusionRadiusScale:1.0]]
[2019.09.03-09.12.43:417][  0]LogConfig: Setting CVar [[r.DepthOfFieldQuality:2]]
[2019.09.03-09.12.43:417][  0]LogConfig: Setting CVar [[r.RenderTargetPoolMin:400]]
[2019.09.03-09.12.43:417][  0]LogConfig: Setting CVar [[r.LensFlareQuality:2]]
[2019.09.03-09.12.43:417][  0]LogConfig: Setting CVar [[r.SceneColorFringeQuality:1]]
[2019.09.03-09.12.43:417][  0]LogConfig: Setting CVar [[r.EyeAdaptationQuality:2]]
[2019.09.03-09.12.43:417][  0]LogConfig: Setting CVar [[r.BloomQuality:5]]
[2019.09.03-09.12.43:417][  0]LogConfig: Setting CVar [[r.FastBlurThreshold:100]]
[2019.09.03-09.12.43:417][  0]LogConfig: Setting CVar [[r.Upscale.Quality:3]]
[2019.09.03-09.12.43:417][  0]LogConfig: Setting CVar [[r.Tonemapper.GrainQuantization:1]]
[2019.09.03-09.12.43:417][  0]LogConfig: Setting CVar [[r.LightShaftQuality:1]]
[2019.09.03-09.12.43:417][  0]LogConfig: Setting CVar [[r.Filter.SizeScale:1]]
[2019.09.03-09.12.43:417][  0]LogConfig: Setting CVar [[r.Tonemapper.Quality:5]]
[2019.09.03-09.12.43:417][  0]LogConfig: Setting CVar [[r.DOF.Gather.AccumulatorQuality:1        ; higher gathering accumulator quality]]
[2019.09.03-09.12.43:418][  0]LogConfig: Setting CVar [[r.DOF.Gather.PostfilterMethod:1          ; Median3x3 postfilering method]]
[2019.09.03-09.12.43:418][  0]LogConfig: Setting CVar [[r.DOF.Gather.EnableBokehSettings:0       ; no bokeh simulation when gathering]]
[2019.09.03-09.12.43:418][  0]LogConfig: Setting CVar [[r.DOF.Gather.RingCount:4                 ; medium number of samples when gathering]]
[2019.09.03-09.12.43:418][  0]LogConfig: Setting CVar [[r.DOF.Scatter.ForegroundCompositing:1    ; additive foreground scattering]]
[2019.09.03-09.12.43:418][  0]LogConfig: Setting CVar [[r.DOF.Scatter.BackgroundCompositing:2    ; additive background scattering]]
[2019.09.03-09.12.43:418][  0]LogConfig: Setting CVar [[r.DOF.Scatter.EnableBokehSettings:1      ; bokeh simulation when scattering]]
[2019.09.03-09.12.43:418][  0]LogConfig: Setting CVar [[r.DOF.Scatter.MaxSpriteRatio:0.1         ; only a maximum of 10% of scattered bokeh]]
[2019.09.03-09.12.43:418][  0]LogConfig: Setting CVar [[r.DOF.Recombine.Quality:1                ; cheap slight out of focus]]
[2019.09.03-09.12.43:418][  0]LogConfig: Setting CVar [[r.DOF.Recombine.EnableBokehSettings:0    ; no bokeh simulation on slight out of focus]]
[2019.09.03-09.12.43:418][  0]LogConfig: Setting CVar [[r.DOF.TemporalAAQuality:1                ; more stable temporal accumulation]]
[2019.09.03-09.12.43:418][  0]LogConfig: Setting CVar [[r.DOF.Kernel.MaxForegroundRadius:0.025]]
[2019.09.03-09.12.43:418][  0]LogConfig: Setting CVar [[r.DOF.Kernel.MaxBackgroundRadius:0.025]]
[2019.09.03-09.12.43:418][  0]LogConfig: Applying CVar settings from Section [TextureQuality@3] File [C:/Users/hiran.tharinda/Documents/Unreal Projects/TCPBuilder/Saved/Config/Windows/Scalability.ini]
[2019.09.03-09.12.43:418][  0]LogConfig: Setting CVar [[r.Streaming.MipBias:0]]
[2019.09.03-09.12.43:418][  0]LogConfig: Setting CVar [[r.Streaming.AmortizeCPUToGPUCopy:0]]
[2019.09.03-09.12.43:419][  0]LogConfig: Setting CVar [[r.Streaming.MaxNumTexturesToStreamPerFrame:0]]
[2019.09.03-09.12.43:419][  0]LogConfig: Setting CVar [[r.Streaming.Boost:1]]
[2019.09.03-09.12.43:419][  0]LogConfig: Setting CVar [[r.MaxAnisotropy:8]]
[2019.09.03-09.12.43:419][  0]LogConfig: Setting CVar [[r.Streaming.LimitPoolSizeToVRAM:0]]
[2019.09.03-09.12.43:419][  0]LogConfig: Setting CVar [[r.Streaming.PoolSize:1000]]
[2019.09.03-09.12.43:419][  0]LogConfig: Setting CVar [[r.Streaming.MaxEffectiveScreenSize:0]]
[2019.09.03-09.12.43:419][  0]LogConfig: Applying CVar settings from Section [EffectsQuality@3] File [C:/Users/hiran.tharinda/Documents/Unreal Projects/TCPBuilder/Saved/Config/Windows/Scalability.ini]
[2019.09.03-09.12.43:419][  0]LogConfig: Setting CVar [[r.TranslucencyLightingVolumeDim:64]]
[2019.09.03-09.12.43:419][  0]LogConfig: Setting CVar [[r.RefractionQuality:2]]
[2019.09.03-09.12.43:419][  0]LogConfig: Setting CVar [[r.SSR.Quality:3]]
[2019.09.03-09.12.43:419][  0]LogConfig: Setting CVar [[r.SceneColorFormat:4]]
[2019.09.03-09.12.43:419][  0]LogConfig: Setting CVar [[r.DetailMode:2]]
[2019.09.03-09.12.43:419][  0]LogConfig: Setting CVar [[r.TranslucencyVolumeBlur:1]]
[2019.09.03-09.12.43:419][  0]LogConfig: Setting CVar [[r.MaterialQualityLevel:1 ; High quality]]
[2019.09.03-09.12.43:419][  0]LogConfig: Setting CVar [[r.SSS.Scale:1]]
[2019.09.03-09.12.43:420][  0]LogConfig: Setting CVar [[r.SSS.SampleSet:2]]
[2019.09.03-09.12.43:420][  0]LogConfig: Setting CVar [[r.SSS.Quality:1]]
[2019.09.03-09.12.43:420][  0]LogConfig: Setting CVar [[r.SSS.HalfRes:1]]
[2019.09.03-09.12.43:420][  0]LogConfig: Setting CVar [[r.EmitterSpawnRateScale:1.0]]
[2019.09.03-09.12.43:420][  0]LogConfig: Setting CVar [[r.ParticleLightQuality:2]]
[2019.09.03-09.12.43:420][  0]LogConfig: Applying CVar settings from Section [FoliageQuality@3] File [C:/Users/hiran.tharinda/Documents/Unreal Projects/TCPBuilder/Saved/Config/Windows/Scalability.ini]
[2019.09.03-09.12.43:420][  0]LogConfig: Setting CVar [[foliage.DensityScale:1.0]]
[2019.09.03-09.12.43:420][  0]LogConfig: Setting CVar [[grass.DensityScale:1.0]]
[2019.09.03-09.12.43:420][  0]LogConfig: Applying CVar settings from Section [Startup] File [../../../Engine/Config/ConsoleVariables.ini]
[2019.09.03-09.12.43:420][  0]LogConfig: Setting CVar [[net.UseAdaptiveNetUpdateFrequency:0]]
[2019.09.03-09.12.43:420][  0]LogConfig: Setting CVar [[p.chaos.AllowCreatePhysxBodies:1]]
[2019.09.03-09.12.43:420][  0]LogConfig: Applying CVar settings from Section [ConsoleVariables] File [C:/Users/hiran.tharinda/Documents/Unreal Projects/TCPBuilder/Saved/Config/Windows/Engine.ini]
[2019.09.03-09.12.43:421][  0]LogInit: Computer: HIRAN-PC
[2019.09.03-09.12.43:421][  0]LogInit: User: hirantharinda
[2019.09.03-09.12.43:421][  0]LogInit: CPU Page size=4096, Cores=4
[2019.09.03-09.12.43:421][  0]LogInit: High frequency timer resolution =10.000000 MHz
[2019.09.03-09.12.43:421][  0]LogMemory: Memory total: Physical=8.0GB (8GB approx)
[2019.09.03-09.12.43:421][  0]LogMemory: Platform Memory Stats for Windows
[2019.09.03-09.12.43:421][  0]LogMemory: Process Physical Memory: 96.73 MB used, 96.74 MB peak
[2019.09.03-09.12.43:421][  0]LogMemory: Process Virtual Memory: 83.73 MB used, 83.73 MB peak
[2019.09.03-09.12.43:421][  0]LogMemory: Physical Memory: 5953.93 MB used,  2208.15 MB free, 8162.09 MB total
[2019.09.03-09.12.43:421][  0]LogMemory: Virtual Memory: 4624.88 MB used,  134213104.00 MB free, 134217728.00 MB total
[2019.09.03-09.12.43:702][  0]LogInit: Using OS detected language (en-US).
[2019.09.03-09.12.43:702][  0]LogInit: Using OS detected locale (en-US).
[2019.09.03-09.12.43:703][  0]LogTextLocalizationManager: No specific localization for 'en-US' exists, so the 'en' localization will be used.
[2019.09.03-09.12.43:885][  0]LogInit: Setting process to per monitor DPI aware
[2019.09.03-09.12.43:946][  0]LogSlate: New Slate User Created.  User Index 0, Is Virtual User: 0
[2019.09.03-09.12.43:946][  0]LogSlate: Slate User Registered.  User Index 0, Is Virtual User: 0
[2019.09.03-09.12.44:133][  0]LogHMD: Failed to initialize OpenVR with code 110
[2019.09.03-09.12.44:133][  0]LogD3D11RHI: D3D11 adapters:
[2019.09.03-09.12.44:206][  0]LogD3D11RHI:    0. 'NVIDIA GeForce GT 640' (Feature Level 11_0)
[2019.09.03-09.12.44:206][  0]LogD3D11RHI:       2018/0/4081 MB DedicatedVideo/DedicatedSystem/SharedSystem, Outputs:1, VendorId:0x10de
[2019.09.03-09.12.44:214][  0]LogD3D11RHI:    1. 'Microsoft Basic Render Driver' (Feature Level 11_0)
[2019.09.03-09.12.44:214][  0]LogD3D11RHI:       0/0/4081 MB DedicatedVideo/DedicatedSystem/SharedSystem, Outputs:0, VendorId:0x1414
[2019.09.03-09.12.44:214][  0]LogD3D11RHI: Chosen D3D11 Adapter: 0
[2019.09.03-09.12.44:223][  0]LogD3D11RHI: Creating new Direct3DDevice
[2019.09.03-09.12.44:223][  0]LogD3D11RHI:     GPU DeviceId: 0xfc1 (for the marketing name, search the web for "GPU Device Id")
[2019.09.03-09.12.44:223][  0]LogWindows: EnumDisplayDevices:
[2019.09.03-09.12.44:224][  0]LogWindows:    0. 'NVIDIA GeForce GT 640' (P:1 D:1)
[2019.09.03-09.12.44:224][  0]LogWindows:    1. 'NVIDIA GeForce GT 640' (P:0 D:0)
[2019.09.03-09.12.44:224][  0]LogWindows:    2. 'NVIDIA GeForce GT 640' (P:0 D:0)
[2019.09.03-09.12.44:225][  0]LogWindows:    3. 'NVIDIA GeForce GT 640' (P:0 D:0)
[2019.09.03-09.12.44:225][  0]LogWindows: DebugString: FoundDriverCount:4 
[2019.09.03-09.12.44:225][  0]LogD3D11RHI:     Adapter Name: NVIDIA GeForce GT 640
[2019.09.03-09.12.44:225][  0]LogD3D11RHI:   Driver Version: 388.13 (internal:23.21.13.8813, unified:388.13)
[2019.09.03-09.12.44:225][  0]LogD3D11RHI:      Driver Date: 10-27-2017
[2019.09.03-09.12.44:225][  0]LogRHI: Texture pool is 1413 MB (70% of 2018 MB)
[2019.09.03-09.12.44:270][  0]LogD3D11RHI: Async texture creation enabled
[2019.09.03-09.12.44:274][  0]LogRendererCore: FGlobalReadBuffer::InitRHI
[2019.09.03-09.12.44:274][  0]LogRendererCore: FGlobalReadBuffer::InitRHI
[2019.09.03-09.12.44:274][  0]LogRendererCore: FGlobalReadBuffer::InitRHI
[2019.09.03-09.12.44:283][  0]LogD3D11RHI: GPU Timing Frequency: 1000.000000 (Debug: 2 1)
[2019.09.03-09.12.44:581][  0]LogTemp: Display: Module 'AllDesktopTargetPlatform' loaded TargetPlatform 'AllDesktop'
[2019.09.03-09.12.44:599][  0]LogTemp: Display: Module 'MacClientTargetPlatform' loaded TargetPlatform 'MacClient'
[2019.09.03-09.12.44:617][  0]LogTemp: Display: Module 'MacNoEditorTargetPlatform' loaded TargetPlatform 'MacNoEditor'
[2019.09.03-09.12.44:635][  0]LogTemp: Display: Module 'MacServerTargetPlatform' loaded TargetPlatform 'MacServer'
[2019.09.03-09.12.44:654][  0]LogTemp: Display: Module 'MacTargetPlatform' loaded TargetPlatform 'Mac'
[2019.09.03-09.12.44:671][  0]LogTemp: Display: Module 'WindowsClientTargetPlatform' loaded TargetPlatform 'WindowsClient'
[2019.09.03-09.12.44:691][  0]LogTemp: Display: Module 'WindowsNoEditorTargetPlatform' loaded TargetPlatform 'WindowsNoEditor'
[2019.09.03-09.12.44:710][  0]LogTemp: Display: Module 'WindowsServerTargetPlatform' loaded TargetPlatform 'WindowsServer'
[2019.09.03-09.12.44:723][  0]LogTemp: Display: Module 'WindowsTargetPlatform' loaded TargetPlatform 'Windows'
[2019.09.03-09.12.44:821][  0]LogTemp: Display: Module 'AndroidTargetPlatform' loaded TargetPlatform 'Android'
[2019.09.03-09.12.44:821][  0]LogTemp: Display: Module 'AndroidTargetPlatform' loaded TargetPlatform 'Android_ASTC'
[2019.09.03-09.12.44:821][  0]LogTemp: Display: Module 'AndroidTargetPlatform' loaded TargetPlatform 'Android_ATC'
[2019.09.03-09.12.44:822][  0]LogTemp: Display: Module 'AndroidTargetPlatform' loaded TargetPlatform 'Android_DXT'
[2019.09.03-09.12.44:822][  0]LogTemp: Display: Module 'AndroidTargetPlatform' loaded TargetPlatform 'Android_ETC1'
[2019.09.03-09.12.44:822][  0]LogTemp: Display: Module 'AndroidTargetPlatform' loaded TargetPlatform 'Android_ETC1a'
[2019.09.03-09.12.44:822][  0]LogTemp: Display: Module 'AndroidTargetPlatform' loaded TargetPlatform 'Android_ETC2'
[2019.09.03-09.12.44:822][  0]LogTemp: Display: Module 'AndroidTargetPlatform' loaded TargetPlatform 'Android_PVRTC'
[2019.09.03-09.12.44:822][  0]LogTemp: Display: Module 'AndroidTargetPlatform' loaded TargetPlatform 'AndroidClient'
[2019.09.03-09.12.44:822][  0]LogTemp: Display: Module 'AndroidTargetPlatform' loaded TargetPlatform 'Android_ASTCClient'
[2019.09.03-09.12.44:822][  0]LogTemp: Display: Module 'AndroidTargetPlatform' loaded TargetPlatform 'Android_ATCClient'
[2019.09.03-09.12.44:822][  0]LogTemp: Display: Module 'AndroidTargetPlatform' loaded TargetPlatform 'Android_DXTClient'
[2019.09.03-09.12.44:822][  0]LogTemp: Display: Module 'AndroidTargetPlatform' loaded TargetPlatform 'Android_ETC1Client'
[2019.09.03-09.12.44:822][  0]LogTemp: Display: Module 'AndroidTargetPlatform' loaded TargetPlatform 'Android_ETC1aClient'
[2019.09.03-09.12.44:822][  0]LogTemp: Display: Module 'AndroidTargetPlatform' loaded TargetPlatform 'Android_ETC2Client'
[2019.09.03-09.12.44:822][  0]LogTemp: Display: Module 'AndroidTargetPlatform' loaded TargetPlatform 'Android_PVRTCClient'
[2019.09.03-09.12.44:823][  0]LogTemp: Display: Module 'AndroidTargetPlatform' loaded TargetPlatform 'Android_Multi'
[2019.09.03-09.12.44:823][  0]LogTemp: Display: Module 'AndroidTargetPlatform' loaded TargetPlatform 'Android_MultiClient'
[2019.09.03-09.12.44:826][  0]LogTemp: Display: Module 'HTML5TargetPlatform' loaded TargetPlatform 'HTML5'
[2019.09.03-09.12.44:888][  0]LogTemp: Display: Module 'IOSTargetPlatform' loaded TargetPlatform 'IOSClient'
[2019.09.03-09.12.44:888][  0]LogTemp: Display: Module 'IOSTargetPlatform' loaded TargetPlatform 'IOS'
[2019.09.03-09.12.44:918][  0]LogTemp: Display: Module 'TVOSTargetPlatform' loaded TargetPlatform 'TVOSClient'
[2019.09.03-09.12.44:918][  0]LogTemp: Display: Module 'TVOSTargetPlatform' loaded TargetPlatform 'TVOS'
[2019.09.03-09.12.44:935][  0]LogTemp: Display: Module 'LinuxClientTargetPlatform' loaded TargetPlatform 'LinuxClient'
[2019.09.03-09.12.44:951][  0]LogTemp: Display: Module 'LinuxNoEditorTargetPlatform' loaded TargetPlatform 'LinuxNoEditor'
[2019.09.03-09.12.44:968][  0]LogTemp: Display: Module 'LinuxServerTargetPlatform' loaded TargetPlatform 'LinuxServer'
[2019.09.03-09.12.44:985][  0]LogTemp: Display: Module 'LinuxTargetPlatform' loaded TargetPlatform 'Linux'
[2019.09.03-09.12.45:044][  0]LogTemp: Display: Module 'LuminTargetPlatform' loaded TargetPlatform 'Lumin'
[2019.09.03-09.12.45:044][  0]LogTemp: Display: Module 'LuminTargetPlatform' loaded TargetPlatform 'LuminClient'
[2019.09.03-09.12.45:044][  0]LogTargetPlatformManager: Display: Building Assets For Windows
[2019.09.03-09.12.45:068][  0]LogAudioDebug: Display: Lib vorbis DLL was dynamically loaded.
[2019.09.03-09.12.45:171][  0]LogShaderCompilers: Guid format shader working directory is -19 characters bigger than the processId version (../../../../../../Users/hiran.tharinda/Documents/Unreal Projects/TCPBuilder/Intermediate/Shaders/WorkingDirectory/760/).
[2019.09.03-09.12.45:171][  0]LogShaderCompilers: Cleaned the shader compiler working directory 'C:/Users/hiran.tharinda/AppData/Local/Temp/UnrealShaderWorkingDir/45A4D0234299DCF8852BFBA89167EA36/'.
[2019.09.03-09.12.45:174][  0]LogXGEController: Cleaning working directory: C:/Users/hiran.tharinda/AppData/Local/Temp/UnrealXGEWorkingDir/
[2019.09.03-09.12.45:174][  0]LogXGEController: Cannot use XGE Controller as Incredibuild is not installed on this machine.
[2019.09.03-09.12.45:174][  0]LogShaderCompilers: Cannot use XGE Shader Compiler as Incredibuild is not installed on this machine.
[2019.09.03-09.12.45:174][  0]LogShaderCompilers: Display: Using Local Shader Compiler.
[2019.09.03-09.12.45:810][  0]LogDerivedDataCache: Display: Max Cache Size: 512 MB
[2019.09.03-09.12.45:867][  0]LogDerivedDataCache: Loaded boot cache 0.06s 71MB C:/Users/hiran.tharinda/AppData/Local/UnrealEngine/4.22/DerivedDataCache/Boot.ddc.
[2019.09.03-09.12.45:867][  0]LogDerivedDataCache: Display: Loaded Boot cache: C:/Users/hiran.tharinda/AppData/Local/UnrealEngine/4.22/DerivedDataCache/Boot.ddc
[2019.09.03-09.12.45:867][  0]LogDerivedDataCache: FDerivedDataBackendGraph:  Pak pak cache file ../../../../../../Users/hiran.tharinda/Documents/Unreal Projects/TCPBuilder/DerivedDataCache/DDC.ddp not found, will not use a pak cache.
[2019.09.03-09.12.45:867][  0]LogDerivedDataCache: Unable to find inner node Pak for hierarchical cache Hierarchy.
[2019.09.03-09.12.45:867][  0]LogDerivedDataCache: FDerivedDataBackendGraph:  CompressedPak pak cache file ../../../../../../Users/hiran.tharinda/Documents/Unreal Projects/TCPBuilder/DerivedDataCache/Compressed.ddp not found, will not use a pak cache.
[2019.09.03-09.12.45:867][  0]LogDerivedDataCache: Unable to find inner node CompressedPak for hierarchical cache Hierarchy.
[2019.09.03-09.12.45:881][  0]LogDerivedDataCache: Display: Pak cache opened for reading ../../../Engine/DerivedDataCache/Compressed.ddp.
[2019.09.03-09.12.45:881][  0]LogDerivedDataCache: FDerivedDataBackendGraph:  EnterprisePak pak cache file ../../../Enterprise/DerivedDataCache/Compressed.ddp not found, will not use a pak cache.
[2019.09.03-09.12.45:881][  0]LogDerivedDataCache: Unable to find inner node EnterprisePak for hierarchical cache Hierarchy.
[2019.09.03-09.12.45:894][  0]LogDerivedDataCache: Using Local data cache path C:/Users/hiran.tharinda/AppData/Local/UnrealEngine/Common/DerivedDataCache: Writable
[2019.09.03-09.12.45:894][  0]LogDerivedDataCache: Shared data cache path not found in *engine.ini, will not use an Shared cache.
[2019.09.03-09.12.45:894][  0]LogDerivedDataCache: Unable to find inner node Shared for hierarchical cache Hierarchy.
[2019.09.03-09.12.45:921][  0]LogMaterial: Verifying Global Shaders for PCD3D_SM5
[2019.09.03-09.12.45:922][  0]LogSlate: Using FreeType 2.6.0
[2019.09.03-09.12.45:923][  0]LogSlate: SlateFontServices - WITH_FREETYPE: 1, WITH_HARFBUZZ: 1
[2019.09.03-09.12.46:013][  0]LogAssetRegistry: FAssetRegistry took 0.0383 seconds to start up
[2019.09.03-09.12.46:410][  0]LogInit: Selected Device Profile: [Windows]
[2019.09.03-09.12.46:587][  0]LogMeshReduction: Using QuadricMeshReduction for automatic static mesh reduction
[2019.09.03-09.12.46:587][  0]LogMeshReduction: Using SimplygonMeshReduction for automatic skeletal mesh reduction
[2019.09.03-09.12.46:587][  0]LogMeshReduction: Using ProxyLODMeshReduction for automatic mesh merging
[2019.09.03-09.12.46:587][  0]LogMeshReduction: No distributed automatic mesh merging module available
[2019.09.03-09.12.46:587][  0]LogMeshMerging: No distributed automatic mesh merging module available
[2019.09.03-09.12.46:606][  0]LogNetVersion: TCPBuilder 1.0.0, NetCL: 5660361, EngineNetVer: 10, GameNetVer: 0 (Checksum: 2077177543)
[2019.09.03-09.12.47:051][  0]LogPackageLocalizationCache: Processed 11 localized package path(s) for 1 prioritized culture(s) in 0.051404 seconds
[2019.09.03-09.12.47:060][  0]LogUObjectArray: 42205 objects as part of root set at end of initial load.
[2019.09.03-09.12.47:060][  0]LogUObjectAllocator: 7325032 out of 0 bytes used by permanent object pool.
[2019.09.03-09.12.47:060][  0]LogUObjectArray: CloseDisregardForGC: 0/0 objects in disregard for GC pool
[2019.09.03-09.12.48:101][  0]LogTcpMessaging: Initializing TcpMessaging bridge
[2019.09.03-09.12.48:118][  0]LogUdpMessaging: Initializing bridge on interface 0.0.0.0:0 to multicast group 230.0.0.1:6666.
[2019.09.03-09.12.48:332][  0]SourceControl: Source control is disabled
[2019.09.03-09.12.48:332][  0]SourceControl: Source control is disabled
[2019.09.03-09.12.48:336][  0]SourceControl: Source control is disabled
[2019.09.03-09.12.48:339][  0]SourceControl: Source control is disabled
[2019.09.03-09.12.48:537][  0]LogAndroidPermission: UAndroidPermissionCallbackProxy::GetInstance
[2019.09.03-09.12.48:677][  0]LogOcInput: OculusInput pre-init called
[2019.09.03-09.12.49:225][  0]LogTemp: Warning: Loaded
[2019.09.03-09.12.49:420][  0]LogEngine: Initializing Engine...
[2019.09.03-09.12.49:421][  0]LogHMD: Failed to initialize OpenVR with code 110
[2019.09.03-09.12.49:422][  0]LogStats: UGameplayTagsManager::InitializeManager -  0.000 s
[2019.09.03-09.12.49:682][  0]LogInit: Initializing FReadOnlyCVARCache
[2019.09.03-09.12.49:699][  0]LogAIModule: Creating AISystem for world Untitled
[2019.09.03-09.12.49:714][  0]LogInit: XAudio2 using 'Headphones (High Definition Audio Device)' : 2 channels at 48 kHz using 16 bits per sample (channel mask 0x3)
[2019.09.03-09.12.49:754][  0]LogInit: FAudioDevice initialized.
[2019.09.03-09.12.49:754][  0]LogNetVersion: Set ProjectVersion to 1.0.0.0. Version Checksum will be recalculated on next use.
[2019.09.03-09.12.50:004][  0]LogDerivedDataCache: Saved boot cache 0.25s 71MB C:/Users/hiran.tharinda/AppData/Local/UnrealEngine/4.22/DerivedDataCache/Boot.ddc.
[2019.09.03-09.12.50:026][  0]LogInit: Texture streaming: Enabled
[2019.09.03-09.12.50:064][  0]LogEngineSessionManager: EngineSessionManager initialized
[2019.09.03-09.12.50:088][  0]LogInit: Transaction tracking system initialized
[2019.09.03-09.12.50:138][  0]BlueprintLog: New page: Editor Load
[2019.09.03-09.12.50:283][  0]LocalizationService: Localization service is disabled
[2019.09.03-09.12.50:648][  0]LogFileCache: Scanning file cache for directory 'C:/Users/hiran.tharinda/Documents/Unreal Projects/TCPBuilder/Content/' took 0.01s
[2019.09.03-09.12.50:648][  0]LogCook: Display: Max memory allowance for cook 16384mb min free memory 0mb
[2019.09.03-09.12.50:649][  0]LogCook: Display: Mobile HDR setting 1
[2019.09.03-09.12.50:925][  0]SourceControl: Source control is disabled
[2019.09.03-09.12.50:925][  0]Cmd: MAP LOAD FILE="../../../Engine/Content/Maps/Templates/Template_Default.umap" TEMPLATE=1 SHOWPROGRESS=1 FEATURELEVEL=3
[2019.09.03-09.12.50:926][  0]LightingResults: New page: Lighting Build
[2019.09.03-09.12.50:929][  0]MapCheck: New page: Map Check
[2019.09.03-09.12.50:929][  0]LightingResults: New page: Lighting Build
[2019.09.03-09.12.50:955][  0]LogUObjectHash: Compacting FUObjectHashTables data took   1.93ms
[2019.09.03-09.12.51:053][  0]LogAIModule: Creating AISystem for world Untitled_1
[2019.09.03-09.12.51:059][  0]LogEditorServer: Finished looking for orphan Actors (0.000 secs)
[2019.09.03-09.12.51:087][  0]LogUObjectHash: Compacting FUObjectHashTables data took   2.32ms
[2019.09.03-09.12.51:087][  0]Cmd: MAP CHECKDEP NOCLEARLOG
[2019.09.03-09.12.51:087][  0]MapCheck: Map check complete: 0 Error(s), 0 Warning(s), took 0.181ms to complete.
[2019.09.03-09.12.51:087][  0]LogFileHelpers: Loading map 'Template_Default' took 0.162
[2019.09.03-09.12.51:231][  0]LogSlate: Updating window title bar state: overlay mode, drag disabled, window buttons hidden, title bar hidden
[2019.09.03-09.12.51:242][  0]LogSlate: Updating window title bar state: overlay mode, drag disabled, window buttons hidden, title bar hidden
[2019.09.03-09.12.51:251][  0]LogSlate: Updating window title bar state: overlay mode, drag disabled, window buttons hidden, title bar hidden
[2019.09.03-09.12.51:260][  0]LogSlate: Updating window title bar state: overlay mode, drag disabled, window buttons hidden, title bar hidden
[2019.09.03-09.12.51:269][  0]LogCollectionManager: Loaded 0 collections in 0.002320 seconds
[2019.09.03-09.12.51:288][  0]LogFileCache: Scanning file cache for directory 'C:/Users/hiran.tharinda/Documents/Unreal Projects/TCPBuilder/Saved/Collections/' took 0.01s
[2019.09.03-09.12.51:289][  0]LogFileCache: Scanning file cache for directory 'C:/Users/hiran.tharinda/Documents/Unreal Projects/TCPBuilder/Content/Developers/hirantharinda/Collections/' took 0.00s
[2019.09.03-09.12.51:289][  0]LogFileCache: Scanning file cache for directory 'C:/Users/hiran.tharinda/Documents/Unreal Projects/TCPBuilder/Content/Collections/' took 0.00s
[2019.09.03-09.12.51:289][  0]LogCollectionManager: Rebuilt the GUID cache for 0 collections in 0.000000 seconds
[2019.09.03-09.12.51:300][  0]LogContentBrowser: Native class hierarchy populated in 0.0104 seconds. Added 2734 classes and 661 folders.
[2019.09.03-09.12.51:308][  0]LogContentBrowser: Native class hierarchy updated for 'WidgetCarousel' in 0.0005 seconds. Added 0 classes and 0 folders.
[2019.09.03-09.12.51:309][  0]LogPakFile: Registered encryption key '00000000000000000000000000000000': 0 pak files mounted, 0 remain pending
[2019.09.03-09.12.51:310][  0]LogPakFile: Registered encryption key '00000000000000000000000000000000': 0 pak files mounted, 0 remain pending
[2019.09.03-09.12.51:311][  0]LogPakFile: Registered encryption key '00000000000000000000000000000000': 0 pak files mounted, 0 remain pending
[2019.09.03-09.12.51:311][  0]LogPakFile: Registered encryption key '00000000000000000000000000000000': 0 pak files mounted, 0 remain pending
[2019.09.03-09.12.51:312][  0]LogPakFile: Registered encryption key '00000000000000000000000000000000': 0 pak files mounted, 0 remain pending
[2019.09.03-09.12.51:312][  0]LogPakFile: Registered encryption key '00000000000000000000000000000000': 0 pak files mounted, 0 remain pending
[2019.09.03-09.12.51:313][  0]LogPakFile: Registered encryption key '00000000000000000000000000000000': 0 pak files mounted, 0 remain pending
[2019.09.03-09.12.51:313][  0]LogPakFile: Registered encryption key '00000000000000000000000000000000': 0 pak files mounted, 0 remain pending
[2019.09.03-09.12.51:314][  0]LogPakFile: Registered encryption key '00000000000000000000000000000000': 0 pak files mounted, 0 remain pending
[2019.09.03-09.12.51:314][  0]LogPakFile: Registered encryption key '00000000000000000000000000000000': 0 pak files mounted, 0 remain pending
[2019.09.03-09.12.51:315][  0]LogPakFile: Registered encryption key '00000000000000000000000000000000': 0 pak files mounted, 0 remain pending
[2019.09.03-09.12.51:316][  0]LogPakFile: Registered encryption key '00000000000000000000000000000000': 0 pak files mounted, 0 remain pending
[2019.09.03-09.12.51:316][  0]LogPakFile: Registered encryption key '00000000000000000000000000000000': 0 pak files mounted, 0 remain pending
[2019.09.03-09.12.51:317][  0]LogPakFile: Registered encryption key '00000000000000000000000000000000': 0 pak files mounted, 0 remain pending
[2019.09.03-09.12.51:317][  0]LogPakFile: Registered encryption key '00000000000000000000000000000000': 0 pak files mounted, 0 remain pending
[2019.09.03-09.12.51:318][  0]LogPakFile: Registered encryption key '00000000000000000000000000000000': 0 pak files mounted, 0 remain pending
[2019.09.03-09.12.51:318][  0]LogPakFile: Registered encryption key '00000000000000000000000000000000': 0 pak files mounted, 0 remain pending
[2019.09.03-09.12.51:319][  0]LogPakFile: Registered encryption key '00000000000000000000000000000000': 0 pak files mounted, 0 remain pending
[2019.09.03-09.12.51:319][  0]LogPakFile: Registered encryption key '00000000000000000000000000000000': 0 pak files mounted, 0 remain pending
[2019.09.03-09.12.51:320][  0]LogPakFile: Registered encryption key '00000000000000000000000000000000': 0 pak files mounted, 0 remain pending
[2019.09.03-09.12.51:320][  0]LogPakFile: Registered encryption key '00000000000000000000000000000000': 0 pak files mounted, 0 remain pending
[2019.09.03-09.12.51:321][  0]LogPakFile: Registered encryption key '00000000000000000000000000000000': 0 pak files mounted, 0 remain pending
[2019.09.03-09.12.51:321][  0]LogPakFile: Registered encryption key '00000000000000000000000000000000': 0 pak files mounted, 0 remain pending
[2019.09.03-09.12.51:322][  0]LogPakFile: Registered encryption key '00000000000000000000000000000000': 0 pak files mounted, 0 remain pending
[2019.09.03-09.12.51:323][  0]LogPakFile: Registered encryption key '00000000000000000000000000000000': 0 pak files mounted, 0 remain pending
[2019.09.03-09.12.51:323][  0]LogPakFile: Registered encryption key '00000000000000000000000000000000': 0 pak files mounted, 0 remain pending
[2019.09.03-09.12.51:352][  0]LogContentBrowser: Native class hierarchy updated for 'AddContentDialog' in 0.0004 seconds. Added 0 classes and 0 folders.
[2019.09.03-09.12.51:363][  0]LogContentBrowser: Native class hierarchy updated for 'SceneOutliner' in 0.0005 seconds. Added 1 classes and 2 folders.
[2019.09.03-09.12.51:437][  0]LogSlate: Took 0.000177 seconds to synchronously load lazily loaded font '../../../Engine/Content/Slate/Fonts/Roboto-Regular.ttf' (155K)
[2019.09.03-09.12.51:439][  0]LogSlate: Took 0.000161 seconds to synchronously load lazily loaded font '../../../Engine/Content/Slate/Fonts/Roboto-Bold.ttf' (160K)
[2019.09.03-09.12.51:448][  0]LogSlate: Took 0.000168 seconds to synchronously load lazily loaded font '../../../Engine/Content/Editor/Slate/Fonts/FontAwesome.ttf' (139K)
[2019.09.03-09.12.51:448][  0]LogSlate: Took 0.000119 seconds to synchronously load lazily loaded font '../../../Engine/Content/Slate/Fonts/DroidSansMono.ttf' (77K)
[2019.09.03-09.12.51:562][  0]LogRenderer: Reallocating scene render targets to support 892x504 Format 10 NumSamples 1 (Frame:1).
[2019.09.03-09.12.51:675][  0]LogContentBrowser: Native class hierarchy updated for 'HierarchicalLODOutliner' in 0.0004 seconds. Added 0 classes and 0 folders.
[2019.09.03-09.12.51:675][  0]LogLoad: (Engine Initialization) Total time: 10.07 seconds
[2019.09.03-09.12.51:675][  0]LogLoad: (Engine Initialization) Total Blueprint compile time: 0.00 seconds
[2019.09.03-09.12.51:971][  0]LogAssetRegistry: Asset discovery search completed in 5.9826 seconds
[2019.09.03-09.12.51:974][  0]LogCollectionManager: Rebuilt the object cache for 0 collections in 0.000001 seconds (found 0 objects)
[2019.09.03-09.12.51:974][  0]LogCollectionManager: Fixed up redirectors for 0 collections in 0.000461 seconds (updated 0 objects)
[2019.09.03-09.12.51:975][  0]LogContentStreaming: Texture pool size now 1000 MB
[2019.09.03-09.12.55:997][472]LogSlate: FSceneViewport::OnFocusLost() reason 0
[2019.09.03-09.12.56:004][472]LogSlate: Took 0.000199 seconds to synchronously load lazily loaded font '../../../Engine/Content/Slate/Fonts/Roboto-Light.ttf' (167K)
[2019.09.03-09.12.58:307][744]LogEditor: Attempting to add actor of class 'SocketServer' to level at -610.00,-500.00,90.00
[2019.09.03-09.12.59:285][815]LogEditor: Attempting to add actor of class 'SocketServer' to level at 320.00,-130.00,20.00
[2019.09.03-09.13.00:401][939]LogSlate: FSceneViewport::OnFocusLost() reason 0
[2019.09.03-09.13.00:871][995]LogTemp: Repeating last play command: Selected Viewport
[2019.09.03-09.13.00:884][995]LogBlueprintUserMessages: Early PlayInEditor Detection: Level '/Temp/Untitled_1.Untitled_1:PersistentLevel' has LevelScriptBlueprint '/Temp/Untitled_1.Untitled_1:PersistentLevel.Untitled' with GeneratedClass '/Temp/Untitled_1.Untitled_C' with ClassGeneratedBy '/Temp/Untitled_1.Untitled_1:PersistentLevel.Untitled'
[2019.09.03-09.13.00:885][995]LogPlayLevel: PlayLevel: No blueprints needed recompiling
[2019.09.03-09.13.00:886][995]PIE: New page: PIE session: Untitled_1 (Sep 3, 2019, 8:13:00 PM)
[2019.09.03-09.13.00:900][995]LogPlayLevel: Creating play world package: /Temp/UEDPIE_0_Untitled_1
[2019.09.03-09.13.00:907][995]LogPlayLevel: PIE: StaticDuplicateObject took: (0.005779s)
[2019.09.03-09.13.00:908][995]LogAIModule: Creating AISystem for world Untitled_1
[2019.09.03-09.13.00:909][995]LogPlayLevel: PIE: World Init took: (0.001509s)
[2019.09.03-09.13.00:909][995]LogPlayLevel: PIE: Created PIE world by copying editor world from /Temp/Untitled_1.Untitled_1 to /Temp/UEDPIE_0_Untitled_1.Untitled_1 (0.008416s)
[2019.09.03-09.13.00:934][995]LogUObjectHash: Compacting FUObjectHashTables data took   1.31ms
[2019.09.03-09.13.00:944][995]LogInit: XAudio2 using 'Headphones (High Definition Audio Device)' : 2 channels at 48 kHz using 16 bits per sample (channel mask 0x3)
[2019.09.03-09.13.00:956][995]LogInit: FAudioDevice initialized.
[2019.09.03-09.13.01:003][995]LogLoad: Game class is 'GameModeBase'
[2019.09.03-09.13.01:005][995]LogWorld: Bringing World /Temp/UEDPIE_0_Untitled_1.Untitled_1 up for play (max tick rate 0) at 2019.09.03-14.43.01
[2019.09.03-09.13.01:006][995]LogWorld: Bringing up level for play took: 0.000994
[2019.09.03-09.13.01:026][995]LogContentBrowser: Native class hierarchy updated for 'MovieSceneCapture' in 0.0005 seconds. Added 20 classes and 0 folders.
[2019.09.03-09.13.01:028][995]LogTemp: Warning: Loaded
[2019.09.03-09.13.01:028][995]LogTemp: Warning: Initialized
[2019.09.03-09.13.01:028][995]LogTemp: Warning: Socket Created! Connecting to server
[2019.09.03-09.13.01:030][995]LogTemp: Warning: Connected
[2019.09.03-09.13.01:030][995]PIE: Play in editor start time for /Temp/UEDPIE_0_Untitled_1 0.981
[2019.09.03-09.13.01:031][995]LogBlueprintUserMessages: Late PlayInEditor Detection: Level '/Temp/Untitled_1.Untitled_1:PersistentLevel' has LevelScriptBlueprint '/Temp/Untitled_1.Untitled_1:PersistentLevel.Untitled' with GeneratedClass '/Temp/Untitled_1.Untitled_C' with ClassGeneratedBy '/Temp/Untitled_1.Untitled_1:PersistentLevel.Untitled'
[2019.09.03-09.52.49:094][652]LogBlueprintUserMessages: Early EndPlayMap Detection: Level '/Temp/Untitled_1.Untitled_1:PersistentLevel' has LevelScriptBlueprint '/Temp/Untitled_1.Untitled_1:PersistentLevel.Untitled' with GeneratedClass '/Temp/Untitled_1.Untitled_C' with ClassGeneratedBy '/Temp/Untitled_1.Untitled_1:PersistentLevel.Untitled'
[2019.09.03-09.52.49:139][652]LogSlate: Updating window title bar state: overlay mode, drag disabled, window buttons hidden, title bar hidden
[2019.09.03-09.52.49:345][652]LogPlayLevel: Display: Shutting down PIE online subsystems
[2019.09.03-09.52.49:368][652]LogBlueprintUserMessages: Late EndPlayMap Detection: Level '/Temp/Untitled_1.Untitled_1:PersistentLevel' has LevelScriptBlueprint '/Temp/Untitled_1.Untitled_1:PersistentLevel.Untitled' with GeneratedClass '/Temp/Untitled_1.Untitled_C' with ClassGeneratedBy '/Temp/Untitled_1.Untitled_1:PersistentLevel.Untitled'
[2019.09.03-09.52.49:667][652]LogSlate: Updating window title bar state: overlay mode, drag disabled, window buttons hidden, title bar hidden
[2019.09.03-09.52.49:854][652]LogUObjectHash: Compacting FUObjectHashTables data took  16.25ms
[2019.09.03-09.52.49:938][653]LogPlayLevel: Display: Destroying online subsystem :Context_1
[2019.09.03-09.53.41:985][210]LogUObjectHash: Compacting FUObjectHashTables data took   0.90ms
[2019.09.03-09.53.44:715][210]LogSlate: Window 'Save Content' being destroyed
[2019.09.03-09.53.44:973][210]LogSlate: Window 'TCPBuilder - Unreal Editor' being destroyed
[2019.09.03-09.53.45:596][211]Cmd: QUIT_EDITOR
[2019.09.03-09.53.46:056][211]LogWindowsTextInputMethodSystem: Display: IME system now deactivated.
[2019.09.03-09.53.46:142][211]LogExit: Preparing to exit.
[2019.09.03-09.53.47:015][211]LogExit: Editor shut down
[2019.09.03-09.53.47:017][211]LogExit: Transaction tracking system shut down
[2019.09.03-09.53.48:701][211]LogExit: Object subsystem successfully closed.
[2019.09.03-09.53.48:884][211]LogShaderCompilers: Display: Shaders left to compile 0
[2019.09.03-09.53.48:936][211]LogD3D11RHI: Shutdown
[2019.09.03-09.53.48:936][211]LogD3D11RHI: CleanupD3DDevice
[2019.09.03-09.53.49:017][211]LogRendererCore: FGlobalReadBuffer::ReleaseRHI
[2019.09.03-09.53.49:017][211]LogRendererCore: FGlobalDynamicReadBuffer::Cleanup()
[2019.09.03-09.53.49:091][211]LogRendererCore: FGlobalReadBuffer::ReleaseRHI
[2019.09.03-09.53.49:091][211]LogRendererCore: FGlobalDynamicReadBuffer::Cleanup()
[2019.09.03-09.53.49:091][211]LogRendererCore: FGlobalReadBuffer::ReleaseRHI
[2019.09.03-09.53.49:091][211]LogRendererCore: FGlobalDynamicReadBuffer::Cleanup()
[2019.09.03-09.53.49:338][211]LogD3D11RHI: ~FD3D11DynamicRHI
[2019.09.03-09.53.50:244][211]LogModuleManager: Shutting down and abandoning module MovieSceneCapture (652)
[2019.09.03-09.53.50:244][211]LogModuleManager: Shutting down and abandoning module Voice (650)
[2019.09.03-09.53.50:248][211]LogModuleManager: Shutting down and abandoning module HierarchicalLODOutliner (648)
[2019.09.03-09.53.50:248][211]LogModuleManager: Shutting down and abandoning module SceneOutliner (646)
[2019.09.03-09.53.50:248][211]LogModuleManager: Shutting down and abandoning module AddContentDialog (644)
[2019.09.03-09.53.50:273][211]LogModuleManager: Shutting down and abandoning module WidgetCarousel (643)
[2019.09.03-09.53.50:273][211]LogModuleManager: Shutting down and abandoning module EditorWidgets (640)
[2019.09.03-09.53.50:273][211]LogModuleManager: Shutting down and abandoning module CollectionManager (638)
[2019.09.03-09.53.50:279][211]LogModuleManager: Shutting down and abandoning module HierarchicalLODUtilities (636)
[2019.09.03-09.53.50:282][211]LogModuleManager: Shutting down and abandoning module StatsViewer (634)
[2019.09.03-09.53.50:308][211]LogModuleManager: Shutting down and abandoning module FoliageEdit (632)
[2019.09.03-09.53.50:318][211]LogModuleManager: Shutting down and abandoning module LandscapeEditor (630)
[2019.09.03-09.53.50:330][211]LogModuleManager: Shutting down and abandoning module MeshPaintMode (628)
[2019.09.03-09.53.50:337][211]LogModuleManager: Shutting down and abandoning module SceneDepthPickerMode (626)
[2019.09.03-09.53.50:337][211]LogModuleManager: Shutting down and abandoning module ActorPickerMode (624)
[2019.09.03-09.53.50:337][211]LogModuleManager: Shutting down and abandoning module GeometryMode (622)
[2019.09.03-09.53.50:338][211]LogModuleManager: Shutting down and abandoning module TextureAlignMode (620)
[2019.09.03-09.53.50:338][211]LogModuleManager: Shutting down and abandoning module BspMode (618)
[2019.09.03-09.53.50:338][211]LogModuleManager: Shutting down and abandoning module PIEPreviewDeviceProfileSelector (616)
[2019.09.03-09.53.50:359][211]LogModuleManager: Shutting down and abandoning module SequenceRecorderSections (614)
[2019.09.03-09.53.50:368][211]LogModuleManager: Shutting down and abandoning module AutomationWorker (612)
[2019.09.03-09.53.50:379][211]LogModuleManager: Shutting down and abandoning module OculusMR (610)
[2019.09.03-09.53.50:379][211]LogModuleManager: Shutting down and abandoning module AudioCaptureEditor (608)
[2019.09.03-09.53.50:389][211]LogModuleManager: Shutting down and abandoning module MatineeToLevelSequence (606)
[2019.09.03-09.53.50:399][211]LogModuleManager: Shutting down and abandoning module LevelSequenceEditor (604)
[2019.09.03-09.53.50:418][211]LogModuleManager: Shutting down and abandoning module PlacementMode (603)
[2019.09.03-09.53.50:418][211]LogModuleManager: Shutting down and abandoning module MaterialEditor (602)
[2019.09.03-09.53.50:448][211]LogModuleManager: Shutting down and abandoning module ActorSequenceEditor (598)
[2019.09.03-09.53.50:458][211]LogModuleManager: Shutting down and abandoning module WmfMediaFactory (596)
[2019.09.03-09.53.50:458][211]LogModuleManager: Shutting down and abandoning module WmfMediaEditor (594)
[2019.09.03-09.53.50:459][211]LogModuleManager: Shutting down and abandoning module WebMMediaFactory (592)
[2019.09.03-09.53.50:459][211]LogModuleManager: Shutting down and abandoning module WebMMediaEditor (590)
[2019.09.03-09.53.50:459][211]LogModuleManager: Shutting down and abandoning module WebMMedia (588)
[2019.09.03-09.53.50:464][211]LogModuleManager: Shutting down and abandoning module MediaPlayerEditor (586)
[2019.09.03-09.53.50:474][211]LogModuleManager: Shutting down and abandoning module MediaCompositingEditor (584)
[2019.09.03-09.53.50:478][211]LogModuleManager: Shutting down and abandoning module SequenceRecorder (583)
[2019.09.03-09.53.50:478][211]LogModuleManager: Shutting down and abandoning module OpenExrWrapper (580)
[2019.09.03-09.53.50:478][211]LogModuleManager: Shutting down and abandoning module ImgMediaFactory (578)
[2019.09.03-09.53.50:478][211]LogModuleManager: Shutting down and abandoning module ImgMediaEditor (576)
[2019.09.03-09.53.50:478][211]LogModuleManager: Shutting down and abandoning module AvfMediaFactory (574)
[2019.09.03-09.53.50:478][211]LogModuleManager: Shutting down and abandoning module AvfMediaEditor (572)
[2019.09.03-09.53.50:478][211]LogModuleManager: Shutting down and abandoning module AndroidMediaFactory (570)
[2019.09.03-09.53.50:478][211]LogModuleManager: Shutting down and abandoning module AndroidMediaEditor (568)
[2019.09.03-09.53.50:478][211]LogModuleManager: Shutting down and abandoning module MagicLeapCameraPreviewFactory (566)
[2019.09.03-09.53.50:480][211]LogModuleManager: Shutting down and abandoning module MagicLeapMediaCodecFactory (564)
[2019.09.03-09.53.50:480][211]LogModuleManager: Shutting down and abandoning module MagicLeapMediaFactory (562)
[2019.09.03-09.53.50:480][211]LogModuleManager: Shutting down and abandoning module MagicLeapMediaEditor (560)
[2019.09.03-09.53.50:480][211]LogModuleManager: Shutting down and abandoning module CharacterAI (558)
[2019.09.03-09.53.50:480][211]LogModuleManager: Shutting down and abandoning module SmartSnapping (556)
[2019.09.03-09.53.50:480][211]LogModuleManager: Shutting down and abandoning module SessionServices (554)
[2019.09.03-09.53.50:480][211]LogModuleManager: Shutting down and abandoning module MeshPaint (552)
[2019.09.03-09.53.50:490][211]LogModuleManager: Shutting down and abandoning module ViewportSnapping (550)
[2019.09.03-09.53.50:490][211]LogModuleManager: Shutting down and abandoning module ViewportInteraction (548)
[2019.09.03-09.53.50:490][211]LogModuleManager: Shutting down and abandoning module ClothPainter (546)
[2019.09.03-09.53.50:509][211]LogModuleManager: Shutting down and abandoning module SkeletalMeshEditor (545)
[2019.09.03-09.53.50:530][211]LogModuleManager: Shutting down and abandoning module LogVisualizer (542)
[2019.09.03-09.53.50:544][211]LogModuleManager: Shutting down and abandoning module IntroTutorials (540)
[2019.09.03-09.53.50:562][211]LogModuleManager: Shutting down and abandoning module GameProjectGeneration (539)
[2019.09.03-09.53.50:581][211]LogModuleManager: Shutting down and abandoning module LuminPlatformEditor (536)
[2019.09.03-09.53.50:581][211]LogModuleManager: Shutting down and abandoning module IOSPlatformEditor (534)
[2019.09.03-09.53.50:581][211]LogModuleManager: Shutting down and abandoning module HTML5PlatformEditor (532)
[2019.09.03-09.53.50:581][211]LogModuleManager: Shutting down and abandoning module AndroidPlatformEditor (530)
[2019.09.03-09.53.50:590][211]LogModuleManager: Shutting down and abandoning module AndroidDeviceDetection (529)
[2019.09.03-09.53.50:901][211]LogModuleManager: Shutting down and abandoning module WindowsPlatformEditor (526)
[2019.09.03-09.53.50:902][211]LogModuleManager: Shutting down and abandoning module LuminRuntimeSettings (524)
[2019.09.03-09.53.50:902][211]LogModuleManager: Shutting down and abandoning module IOSRuntimeSettings (522)
[2019.09.03-09.53.50:902][211]LogModuleManager: Shutting down and abandoning module AndroidRuntimeSettings (520)
[2019.09.03-09.53.50:902][211]LogModuleManager: Shutting down and abandoning module TimeManagementEditor (518)
[2019.09.03-09.53.50:903][211]LogModuleManager: Shutting down and abandoning module InputBindingEditor (516)
[2019.09.03-09.53.50:917][211]LogModuleManager: Shutting down and abandoning module MergeActors (514)
[2019.09.03-09.53.50:932][211]LogModuleManager: Shutting down and abandoning module LocalizationDashboard (512)
[2019.09.03-09.53.50:942][211]LogModuleManager: Shutting down and abandoning module LocalizationService (511)
[2019.09.03-09.53.50:952][211]LogModuleManager: Shutting down and abandoning module HardwareTargeting (508)
[2019.09.03-09.53.50:952][211]LogModuleManager: Shutting down and abandoning module DeviceProfileEditor (506)
[2019.09.03-09.53.50:958][211]LogModuleManager: Shutting down and abandoning module UndoHistory (504)
[2019.09.03-09.53.50:968][211]LogModuleManager: Shutting down and abandoning module XmlParser (502)
[2019.09.03-09.53.50:979][211]LogModuleManager: Shutting down and abandoning module Blutility (500)
[2019.09.03-09.53.51:001][211]LogModuleManager: Shutting down and abandoning module ProjectSettingsViewer (498)
[2019.09.03-09.53.51:002][211]LogModuleManager: Shutting down and abandoning module ProjectTargetPlatformEditor (497)
[2019.09.03-09.53.51:002][211]LogModuleManager: Shutting down and abandoning module EditorSettingsViewer (494)
[2019.09.03-09.53.51:002][211]LogModuleManager: Shutting down and abandoning module SettingsEditor (492)
[2019.09.03-09.53.51:009][211]LogModuleManager: Shutting down and abandoning module ProjectLauncher (490)
[2019.09.03-09.53.51:027][211]LogModuleManager: Shutting down and abandoning module SessionFrontend (488)
[2019.09.03-09.53.51:030][211]LogModuleManager: Shutting down and abandoning module ProfilerClient (486)
[2019.09.03-09.53.51:041][211]LogModuleManager: Shutting down and abandoning module DeviceManager (484)
[2019.09.03-09.53.51:049][211]LogModuleManager: Shutting down and abandoning module TargetDeviceServices (483)
[2019.09.03-09.53.51:103][211]LogModuleManager: Shutting down and abandoning module AutomationController (480)
[2019.09.03-09.53.51:123][211]LogModuleManager: Shutting down and abandoning module AutomationWindow (478)
[2019.09.03-09.53.51:129][211]LogModuleManager: Shutting down and abandoning module Layers (476)
[2019.09.03-09.53.51:141][211]LogModuleManager: Shutting down and abandoning module ComponentVisualizers (474)
[2019.09.03-09.53.51:142][211]LogModuleManager: Shutting down and abandoning module DetailCustomizations (472)
[2019.09.03-09.53.51:162][211]LogModuleManager: Shutting down and abandoning module PackagesDialog (470)
[2019.09.03-09.53.51:163][211]LogModuleManager: Shutting down and abandoning module AnimationBlueprintEditor (468)
[2019.09.03-09.53.51:200][211]LogModuleManager: Shutting down and abandoning module Persona (466)
[2019.09.03-09.53.51:236][211]LogModuleManager: Shutting down and abandoning module AdvancedPreviewScene (465)
[2019.09.03-09.53.51:236][211]LogModuleManager: Shutting down and abandoning module AnimGraph (463)
[2019.09.03-09.53.51:236][211]LogModuleManager: Shutting down and abandoning module Kismet (460)
[2019.09.03-09.53.51:252][211]LogModuleManager: Shutting down and abandoning module GraphEditor (458)
[2019.09.03-09.53.51:284][211]LogModuleManager: Shutting down and abandoning module ClassViewer (456)
[2019.09.03-09.53.51:284][211]LogModuleManager: Shutting down and abandoning module Toolbox (454)
[2019.09.03-09.53.51:284][211]LogModuleManager: Shutting down and abandoning module DesktopPlatform (453)
[2019.09.03-09.53.51:296][211]LogModuleManager: Shutting down and abandoning module ModuleUI (450)
[2019.09.03-09.53.51:301][211]LogModuleManager: Shutting down and abandoning module MovieSceneTools (448)
[2019.09.03-09.53.51:306][211]LogModuleManager: Shutting down and abandoning module OutputLog (446)
[2019.09.03-09.53.51:306][211]LogModuleManager: Shutting down and abandoning module GammaUI (444)
[2019.09.03-09.53.51:316][211]LogModuleManager: Shutting down and abandoning module Documentation (442)
[2019.09.03-09.53.51:316][211]LogModuleManager: Shutting down and abandoning module LiveCoding (440)
[2019.09.03-09.53.51:337][211]LogModuleManager: Shutting down and abandoning module LevelSequence (438)
[2019.09.03-09.53.51:337][211]LogModuleManager: Shutting down and abandoning module MovieSceneTracks (436)
[2019.09.03-09.53.51:337][211]LogModuleManager: Shutting down and abandoning module MovieScene (434)
[2019.09.03-09.53.51:344][211]LogModuleManager: Shutting down and abandoning module StreamingPauseRendering (432)
[2019.09.03-09.53.51:349][211]LogModuleManager: Shutting down and abandoning module LauncherPlatform (430)
[2019.09.03-09.53.51:350][211]LogModuleManager: Shutting down and abandoning module AnalyticsET (428)
[2019.09.03-09.53.51:350][211]LogModuleManager: Shutting down and abandoning module PortalServices (426)
[2019.09.03-09.53.51:350][211]LogModuleManager: Shutting down and abandoning module PortalRpc (424)
[2019.09.03-09.53.51:350][211]LogModuleManager: Shutting down and abandoning module MessagingRpc (422)
[2019.09.03-09.53.51:350][211]LogModuleManager: Shutting down and abandoning module AIModule (420)
[2019.09.03-09.53.51:362][211]LogModuleManager: Shutting down and abandoning module GameplayDebugger (419)
[2019.09.03-09.53.51:363][211]LogModuleManager: Shutting down and abandoning module AITestSuite (417)
[2019.09.03-09.53.51:374][211]LogModuleManager: Shutting down and abandoning module NavigationSystem (415)
[2019.09.03-09.53.51:374][211]LogModuleManager: Shutting down and abandoning module ImageWriteQueue (412)
[2019.09.03-09.53.51:388][211]LogModuleManager: Shutting down and abandoning module ProfilerService (410)
[2019.09.03-09.53.51:396][211]LogModuleManager: Shutting down and abandoning module TaskGraph (408)
[2019.09.03-09.53.51:409][211]LogModuleManager: Shutting down and abandoning module TCPPlugin (406)
[2019.09.03-09.53.51:409][211]LogModuleManager: Shutting down and abandoning module SteamVRController (404)
[2019.09.03-09.53.51:409][211]LogModuleManager: Shutting down and abandoning module ProceduralMeshComponentEditor (402)
[2019.09.03-09.53.51:412][211]LogModuleManager: Shutting down and abandoning module ProceduralMeshComponent (400)
[2019.09.03-09.53.51:422][211]LogModuleManager: Shutting down and abandoning module OculusEditor (398)
[2019.09.03-09.53.51:431][211]LogModuleManager: Shutting down and abandoning module OculusInput (396)
[2019.09.03-09.53.51:431][211]LogModuleManager: Shutting down and abandoning module MobilePatchingUtils (394)
[2019.09.03-09.53.51:431][211]LogModuleManager: Shutting down and abandoning module EditableMesh (392)
[2019.09.03-09.53.51:453][211]LogModuleManager: Shutting down and abandoning module CustomMeshComponent (390)
[2019.09.03-09.53.51:453][211]LogModuleManager: Shutting down and abandoning module CableComponent (388)
[2019.09.03-09.53.51:456][211]LogModuleManager: Shutting down and abandoning module AudioCapture (386)
[2019.09.03-09.53.51:456][211]LogModuleManager: Shutting down and abandoning module ArchVisCharacter (384)
[2019.09.03-09.53.51:456][211]LogModuleManager: Shutting down and abandoning module AndroidPermission (382)
[2019.09.03-09.53.51:456][211]LogModuleManager: Shutting down and abandoning module NUTUnrealEngine4 (380)
[2019.09.03-09.53.51:461][211]LogModuleManager: Shutting down and abandoning module NetcodeUnitTest (378)
[2019.09.03-09.53.51:472][211]LogModuleManager: Shutting down and abandoning module MediaCompositing (376)
[2019.09.03-09.53.51:473][211]LogModuleManager: Shutting down and abandoning module LinearTimecode (374)
[2019.09.03-09.53.51:473][211]LogModuleManager: Shutting down and abandoning module ImgMedia (372)
[2019.09.03-09.53.51:473][211]LogModuleManager: Shutting down and abandoning module MagicLeapHelperVulkan (370)
[2019.09.03-09.53.51:473][211]LogModuleManager: Shutting down and abandoning module MagicLeapHelperOpenGL (368)
[2019.09.03-09.53.51:483][211]LogModuleManager: Shutting down and abandoning module MagicLeapAudio (366)
[2019.09.03-09.53.51:490][211]LogModuleManager: Shutting down and abandoning module HTML5Networking (364)
[2019.09.03-09.53.51:490][211]LogModuleManager: Shutting down and abandoning module GeometryCacheTracks (362)
[2019.09.03-09.53.51:490][211]LogModuleManager: Shutting down and abandoning module GeometryCacheSequencer (360)
[2019.09.03-09.53.51:490][211]LogModuleManager: Shutting down and abandoning module BackChannel (358)
[2019.09.03-09.53.51:500][211]LogModuleManager: Shutting down and abandoning module AppleVision (356)
[2019.09.03-09.53.51:500][211]LogModuleManager: Shutting down and abandoning module AppleImageUtilsBlueprintSupport (354)
[2019.09.03-09.53.51:500][211]LogModuleManager: Shutting down and abandoning module AppleImageUtils (352)
[2019.09.03-09.53.51:500][211]LogModuleManager: Shutting down and abandoning module AlembicImporter (350)
[2019.09.03-09.53.51:500][211]LogModuleManager: Shutting down and abandoning module AlembicLibrary (349)
[2019.09.03-09.53.51:500][211]LogModuleManager: Shutting down and abandoning module GeometryCache (348)
[2019.09.03-09.53.51:501][211]LogModuleManager: Shutting down and abandoning module GeometryCacheEd (347)
[2019.09.03-09.53.51:501][211]LogModuleManager: Shutting down and abandoning module VariantManagerContent (342)
[2019.09.03-09.53.51:502][211]LogModuleManager: Shutting down and abandoning module DatasmithContentEditor (340)
[2019.09.03-09.53.51:513][211]LogModuleManager: Shutting down and abandoning module SpeedTreeImporter (338)
[2019.09.03-09.53.51:513][211]LogModuleManager: Shutting down and abandoning module PluginBrowser (336)
[2019.09.03-09.53.51:530][211]LogModuleManager: Shutting down and abandoning module MobileLauncherProfileWizard (334)
[2019.09.03-09.53.51:540][211]LogModuleManager: Shutting down and abandoning module MaterialAnalyzer (332)
[2019.09.03-09.53.51:551][211]LogModuleManager: Shutting down and abandoning module CryptoKeysOpenSSL (330)
[2019.09.03-09.53.51:551][211]LogModuleManager: Shutting down and abandoning module CryptoKeys (328)
[2019.09.03-09.53.51:551][211]LogModuleManager: Shutting down and abandoning module VisualStudioSourceCodeAccess (326)
[2019.09.03-09.53.51:555][211]LogModuleManager: Shutting down and abandoning module VisualStudioCodeSourceCodeAccess (324)
[2019.09.03-09.53.51:556][211]LogModuleManager: Shutting down and abandoning module UObjectPlugin (322)
[2019.09.03-09.53.51:556][211]LogModuleManager: Shutting down and abandoning module SubversionSourceControl (320)
[2019.09.03-09.53.51:564][211]LogModuleManager: Shutting down and abandoning module PerforceSourceControl (318)
[2019.09.03-09.53.51:573][211]LogModuleManager: Shutting down and abandoning module GitSourceControl (316)
[2019.09.03-09.53.51:580][211]LogModuleManager: Shutting down and abandoning module SourceControl (315)
[2019.09.03-09.53.51:589][211]LogModuleManager: Shutting down and abandoning module CLionSourceCodeAccess (312)
[2019.09.03-09.53.51:589][211]LogModuleManager: Shutting down and abandoning module AnimationSharingEd (310)
[2019.09.03-09.53.51:589][211]LogModuleManager: Shutting down and abandoning module ActorLayerUtilitiesEditor (308)
[2019.09.03-09.53.51:589][211]LogModuleManager: Shutting down and abandoning module ActorLayerUtilities (306)
[2019.09.03-09.53.51:590][211]LogModuleManager: Shutting down and abandoning module LightPropagationVolumeEditor (304)
[2019.09.03-09.53.51:590][211]LogModuleManager: Shutting down and abandoning module PaperTiledImporter (302)
[2019.09.03-09.53.51:591][211]LogModuleManager: Shutting down and abandoning module PaperSpriteSheetImporter (300)
[2019.09.03-09.53.51:592][211]LogModuleManager: Shutting down and abandoning module Paper2DEditor (298)
[2019.09.03-09.53.51:602][211]LogModuleManager: Shutting down and abandoning module TCPBuilder (296)
[2019.09.03-09.53.51:602][211]LogModuleManager: Shutting down and abandoning module SignificanceManager (294)
[2019.09.03-09.53.51:603][211]LogModuleManager: Shutting down and abandoning module RuntimePhysXCooking (292)
[2019.09.03-09.53.51:603][211]LogModuleManager: Shutting down and abandoning module PhysXVehiclesEditor (290)
[2019.09.03-09.53.51:603][211]LogModuleManager: Shutting down and abandoning module PhysXVehicles (288)
[2019.09.03-09.53.51:603][211]LogModuleManager: Shutting down and abandoning module LocationServicesBPLibrary (286)
[2019.09.03-09.53.51:603][211]LogModuleManager: Shutting down and abandoning module ActorSequence (284)
[2019.09.03-09.53.51:603][211]LogModuleManager: Shutting down and abandoning module UdpMessaging (282)
[2019.09.03-09.53.51:705][211]LogModuleManager: Shutting down and abandoning module TcpMessaging (280)
[2019.09.03-09.53.51:817][211]LogModuleManager: Shutting down and abandoning module MagicLeapIdentity (278)
[2019.09.03-09.53.51:817][211]LogModuleManager: Shutting down and abandoning module MagicLeapSecureStorage (276)
[2019.09.03-09.53.51:818][211]LogModuleManager: Shutting down and abandoning module MagicLeapHandTracking (274)
[2019.09.03-09.53.51:824][211]LogModuleManager: Shutting down and abandoning module MagicLeapEyeTracker (272)
[2019.09.03-09.53.51:824][211]LogModuleManager: Shutting down and abandoning module MagicLeapController (270)
[2019.09.03-09.53.51:833][211]LogSlate: Slate User Destroyed.  User Index 0, Is Virtual User: 0
[2019.09.03-09.53.51:833][211]LogModuleManager: Shutting down and abandoning module MagicLeapAR (268)
[2019.09.03-09.53.51:833][211]LogModuleManager: Shutting down and abandoning module AugmentedReality (267)
[2019.09.03-09.53.51:833][211]LogModuleManager: Shutting down and abandoning module GameplayTagsEditor (264)
[2019.09.03-09.53.51:837][211]LogModuleManager: Shutting down and abandoning module FacialAnimationEditor (262)
[2019.09.03-09.53.51:837][211]LogModuleManager: Shutting down and abandoning module FacialAnimation (260)
[2019.09.03-09.53.51:837][211]LogModuleManager: Shutting down and abandoning module DataValidation (258)
[2019.09.03-09.53.51:837][211]LogModuleManager: Shutting down and abandoning module AssetManagerEditor (256)
[2019.09.03-09.53.51:845][211]LogModuleManager: Shutting down and abandoning module LevelEditor (255)
[2019.09.03-09.53.51:854][211]LogModuleManager: Shutting down and abandoning module PixelInspectorModule (254)
[2019.09.03-09.53.51:860][211]LogModuleManager: Shutting down and abandoning module CommonMenuExtensions (252)
[2019.09.03-09.53.51:860][211]LogModuleManager: Shutting down and abandoning module MainFrame (250)
[2019.09.03-09.53.51:861][211]LogModuleManager: Shutting down and abandoning module HotReload (249)
[2019.09.03-09.53.51:867][211]LogModuleManager: Shutting down and abandoning module ContentBrowser (245)
[2019.09.03-09.53.51:871][211]LogModuleManager: Shutting down and abandoning module TreeMap (243)
[2019.09.03-09.53.51:896][211]LogModuleManager: Shutting down and abandoning module AnimationSharing (240)
[2019.09.03-09.53.51:896][211]LogModuleManager: Shutting down and abandoning module LightPropagationVolumeRuntime (238)
[2019.09.03-09.53.51:896][211]LogModuleManager: Shutting down and abandoning module AISupportModule (236)
[2019.09.03-09.53.51:896][211]LogModuleManager: Shutting down and abandoning module Paper2D (234)
[2019.09.03-09.53.51:902][211]LogModuleManager: Shutting down and abandoning module WindowsMoviePlayer (232)
[2019.09.03-09.53.51:909][211]LogModuleManager: Shutting down and abandoning module WebMMoviePlayer (230)
[2019.09.03-09.53.51:920][211]LogModuleManager: Shutting down and abandoning module PacketHandler (228)
[2019.09.03-09.53.51:920][211]LogModuleManager: Shutting down and abandoning module ClothingSystemEditor (226)
[2019.09.03-09.53.51:920][211]LogModuleManager: Shutting down and abandoning module ClothingSystemRuntime (224)
[2019.09.03-09.53.51:937][211]LogModuleManager: Shutting down and abandoning module MediaAssets (222)
[2019.09.03-09.53.51:937][211]LogModuleManager: Shutting down and abandoning module Overlay (220)
[2019.09.03-09.53.51:937][211]LogModuleManager: Shutting down and abandoning module OverlayEditor (219)
[2019.09.03-09.53.51:937][211]LogModuleManager: Shutting down and abandoning module VREditor (216)
[2019.09.03-09.53.51:948][211]LogModuleManager: Shutting down and abandoning module StringTableEditor (214)
[2019.09.03-09.53.51:958][211]LogModuleManager: Shutting down and abandoning module GameplayTasksEditor (212)
[2019.09.03-09.53.51:958][211]LogModuleManager: Shutting down and abandoning module BehaviorTreeEditor (210)
[2019.09.03-09.53.51:980][211]LogModuleManager: Shutting down and abandoning module FunctionalTesting (208)
[2019.09.03-09.53.51:991][211]LogModuleManager: Shutting down and abandoning module CollisionAnalyzer (206)
[2019.09.03-09.53.52:006][211]LogModuleManager: Shutting down and abandoning module WorkspaceMenuStructure (205)
[2019.09.03-09.53.52:011][211]LogModuleManager: Shutting down and abandoning module UMG (202)
[2019.09.03-09.53.52:017][211]LogModuleManager: Shutting down and abandoning module UMGEditor (201)
[2019.09.03-09.53.52:041][211]LogModuleManager: Shutting down and abandoning module Sequencer (200)
[2019.09.03-09.53.52:078][211]LogModuleManager: Shutting down and abandoning module MessageLog (197)
[2019.09.03-09.53.52:078][211]LogModuleManager: Shutting down and abandoning module SlateReflector (192)
[2019.09.03-09.53.52:115][211]LogModuleManager: Shutting down and abandoning module Slate (190)
[2019.09.03-09.53.52:115][211]LogModuleManager: Shutting down and abandoning module EditorStyle (188)
[2019.09.03-09.53.52:120][211]LogModuleManager: Shutting down and abandoning module UnrealEd (186)
[2019.09.03-09.53.52:126][211]LogModuleManager: Shutting down and abandoning module MRMesh (184)
[2019.09.03-09.53.52:126][211]LogModuleManager: Shutting down and abandoning module SourceCodeAccess (182)
[2019.09.03-09.53.52:126][211]LogModuleManager: Shutting down and abandoning module HeadMountedDisplay (180)
[2019.09.03-09.53.52:127][211]LogModuleManager: Shutting down and abandoning module XAudio2 (178)
[2019.09.03-09.53.52:127][211]LogModuleManager: Shutting down and abandoning module Networking (176)
[2019.09.03-09.53.52:127][211]LogModuleManager: Shutting down and abandoning module Core (174)
[2019.09.03-09.53.52:127][211]LogModuleManager: Shutting down and abandoning module KismetCompiler (172)
[2019.09.03-09.53.52:127][211]LogModuleManager: Shutting down and abandoning module MeshUtilities (170)
[2019.09.03-09.53.52:128][211]LogModuleManager: Shutting down and abandoning module MeshMergeUtilities (169)
[2019.09.03-09.53.52:134][211]LogModuleManager: Shutting down and abandoning module MeshReductionInterface (168)
[2019.09.03-09.53.52:134][211]LogModuleManager: Shutting down and abandoning module SkeletalMeshReduction (167)
[2019.09.03-09.53.52:146][211]LogModuleManager: Shutting down and abandoning module ProxyLODMeshReduction (165)
[2019.09.03-09.53.52:162][211]LogModuleManager: Shutting down and abandoning module QuadricMeshReduction (163)
[2019.09.03-09.53.52:166][211]LogModuleManager: Shutting down and abandoning module MaterialBaking (159)
[2019.09.03-09.53.52:176][211]LogModuleManager: Shutting down and abandoning module DerivedDataCache (154)
[2019.09.03-09.53.52:218][211]LogDerivedDataCache: Shutdown
[2019.09.03-09.53.52:218][211]LogModuleManager: Shutting down and abandoning module XGEController (152)
[2019.09.03-09.53.52:219][211]LogXGEController: Cleaning working directory: C:/Users/hiran.tharinda/AppData/Local/Temp/UnrealXGEWorkingDir/
[2019.09.03-09.53.52:228][211]LogModuleManager: Shutting down and abandoning module TargetPlatform (150)
[2019.09.03-09.53.52:238][211]LogModuleManager: Shutting down and abandoning module VulkanShaderFormat (149)
[2019.09.03-09.53.52:243][211]LogModuleManager: Shutting down and abandoning module ShaderFormatVectorVM (147)
[2019.09.03-09.53.52:247][211]LogModuleManager: Shutting down and abandoning module ShaderFormatOpenGL (145)
[2019.09.03-09.53.52:257][211]LogModuleManager: Shutting down and abandoning module ShaderFormatD3D (143)
[2019.09.03-09.53.52:265][211]LogModuleManager: Shutting down and abandoning module MetalShaderFormat (141)
[2019.09.03-09.53.52:272][211]LogModuleManager: Shutting down and abandoning module TextureFormatUncompressed (139)
[2019.09.03-09.53.52:272][211]LogModuleManager: Shutting down and abandoning module TextureFormatPVR (137)
[2019.09.03-09.53.52:272][211]LogModuleManager: Shutting down and abandoning module TextureFormatDXT (135)
[2019.09.03-09.53.52:277][211]LogModuleManager: Shutting down and abandoning module TextureFormatIntelISPCTexComp (133)
[2019.09.03-09.53.52:283][211]LogModuleManager: Shutting down and abandoning module TextureFormatASTC (131)
[2019.09.03-09.53.52:283][211]LogModuleManager: Shutting down and abandoning module ImageWrapper (130)
[2019.09.03-09.53.52:283][211]LogModuleManager: Shutting down and abandoning module TextureFormatAndroid (127)
[2019.09.03-09.53.52:283][211]LogModuleManager: Shutting down and abandoning module AudioFormatOpus (125)
[2019.09.03-09.53.52:294][211]LogModuleManager: Shutting down and abandoning module AudioFormatOgg (123)
[2019.09.03-09.53.52:294][211]LogModuleManager: Shutting down and abandoning module AudioFormatADPCM (121)
[2019.09.03-09.53.52:299][211]LogModuleManager: Shutting down and abandoning module LuminTargetPlatform (119)
[2019.09.03-09.53.52:328][211]LogModuleManager: Shutting down and abandoning module LinuxTargetPlatform (117)
[2019.09.03-09.53.52:328][211]LogModuleManager: Shutting down and abandoning module LinuxServerTargetPlatform (115)
[2019.09.03-09.53.52:345][211]LogModuleManager: Shutting down and abandoning module LinuxNoEditorTargetPlatform (113)
[2019.09.03-09.53.52:346][211]LogModuleManager: Shutting down and abandoning module LinuxClientTargetPlatform (111)
[2019.09.03-09.53.52:351][211]LogModuleManager: Shutting down and abandoning module TVOSTargetPlatform (109)
[2019.09.03-09.53.52:355][211]LogModuleManager: Shutting down and abandoning module Messaging (107)
[2019.09.03-09.53.52:356][211]LogModuleManager: Shutting down and abandoning module IOSTargetPlatform (105)
[2019.09.03-09.53.52:360][211]LogModuleManager: Shutting down and abandoning module HTML5TargetPlatform (103)
[2019.09.03-09.53.52:360][211]LogModuleManager: Shutting down and abandoning module AndroidTargetPlatform (101)
[2019.09.03-09.53.52:395][211]LogModuleManager: Shutting down and abandoning module WindowsTargetPlatform (99)
[2019.09.03-09.53.52:395][211]LogModuleManager: Shutting down and abandoning module WindowsServerTargetPlatform (97)
[2019.09.03-09.53.52:396][211]LogModuleManager: Shutting down and abandoning module WindowsNoEditorTargetPlatform (95)
[2019.09.03-09.53.52:397][211]LogModuleManager: Shutting down and abandoning module WindowsClientTargetPlatform (93)
[2019.09.03-09.53.52:397][211]LogModuleManager: Shutting down and abandoning module MacTargetPlatform (91)
[2019.09.03-09.53.52:397][211]LogModuleManager: Shutting down and abandoning module MacServerTargetPlatform (89)
[2019.09.03-09.53.52:397][211]LogModuleManager: Shutting down and abandoning module MacNoEditorTargetPlatform (87)
[2019.09.03-09.53.52:397][211]LogModuleManager: Shutting down and abandoning module MacClientTargetPlatform (85)
[2019.09.03-09.53.52:398][211]LogModuleManager: Shutting down and abandoning module AllDesktopTargetPlatform (83)
[2019.09.03-09.53.52:398][211]LogModuleManager: Shutting down and abandoning module InputCore (80)
[2019.09.03-09.53.52:398][211]LogModuleManager: Shutting down and abandoning module Settings (78)
[2019.09.03-09.53.52:398][211]LogModuleManager: Shutting down and abandoning module DirectoryWatcher (76)
[2019.09.03-09.53.52:400][211]LogModuleManager: Shutting down and abandoning module PhysXCooking (74)
[2019.09.03-09.53.52:400][211]LogModuleManager: Shutting down and abandoning module SteamVR (72)
[2019.09.03-09.53.52:406][211]LogHMD: Freeing OpenVRDLLHandle.
[2019.09.03-09.53.52:406][211]LogModuleManager: Shutting down and abandoning module OculusHMD (70)
[2019.09.03-09.53.52:421][211]LogModuleManager: Shutting down and abandoning module ExampleDeviceProfileSelector (68)
[2019.09.03-09.53.52:421][211]LogModuleManager: Shutting down and abandoning module LauncherChunkInstaller (66)
[2019.09.03-09.53.52:421][211]LogModuleManager: Shutting down and abandoning module OnlineBlueprintSupport (64)
[2019.09.03-09.53.52:421][211]LogModuleManager: Shutting down and abandoning module OnlineSubsystem (60)
[2019.09.03-09.53.52:423][211]LogModuleManager: Shutting down and abandoning module XMPP (55)
[2019.09.03-09.53.52:437][211]LogModuleManager: Shutting down and abandoning module WebSockets (54)
[2019.09.03-09.53.52:471][211]LogModuleManager: Shutting down and abandoning module HTTP (51)
[2019.09.03-09.53.52:471][211]LogHttp: Display: Http module shutting down, but needs to wait on 1 outstanding Http requests:
[2019.09.03-09.53.52:471][211]LogHttp: Display: 	verb=[POST] url=[https://datarouter.ol.epicgames.com/datarouter/api/v1/public/data?SessionID=%7BA0E0ABB1-4B9B-0069-D7AB-629E7903DDBA%7D&AppID=UEEditor.Rocket.Release&AppVersion=4.22.3-7053642%2B%2B%2BUE4%2BRelease-4.22&UserID=fa0303a3424836f82a71c7b2c91fb62b%7C68cc469963374a1e98f5b52049bb3362%7C884413ff-8ea1-4a04-be6f-f2f26be8fc88&AppEnvironment=datacollector-binary&UploadType=eteventstream] status=Processing
[2019.09.03-09.53.52:473][211]LogModuleManager: Shutting down and abandoning module SSL (50)
[2019.09.03-09.53.52:477][211]LogModuleManager: Shutting down and abandoning module WmfMedia (46)
[2019.09.03-09.53.52:493][211]LogModuleManager: Shutting down and abandoning module Media (45)
[2019.09.03-09.53.52:501][211]LogModuleManager: Shutting down and abandoning module MagicLeap (42)
[2019.09.03-09.53.52:506][211]LogModuleManager: Shutting down and abandoning module DatasmithContent (40)
[2019.09.03-09.53.52:506][211]LogModuleManager: Shutting down and abandoning module AnimationModifiers (38)
[2019.09.03-09.53.52:514][211]LogModuleManager: Shutting down and abandoning module PropertyEditor (37)
[2019.09.03-09.53.52:541][211]LogModuleManager: Shutting down and abandoning module AudioEditor (34)
[2019.09.03-09.53.52:573][211]LogModuleManager: Shutting down and abandoning module TextureCompressor (32)
[2019.09.03-09.53.52:602][211]LogModuleManager: Shutting down and abandoning module RenderCore (30)
[2019.09.03-09.53.52:602][211]LogModuleManager: Shutting down and abandoning module Landscape (28)
[2019.09.03-09.53.52:602][211]LogModuleManager: Shutting down and abandoning module SlateRHIRenderer (26)
[2019.09.03-09.53.52:629][211]LogModuleManager: Shutting down and abandoning module OpenGLDrv (24)
[2019.09.03-09.53.52:640][211]LogModuleManager: Shutting down and abandoning module D3D11RHI (22)
[2019.09.03-09.53.52:640][211]LogModuleManager: Shutting down and abandoning module AnimGraphRuntime (20)
[2019.09.03-09.53.52:646][211]LogModuleManager: Shutting down and abandoning module Renderer (18)
[2019.09.03-09.53.52:646][211]LogModuleManager: Shutting down and abandoning module Engine (16)
[2019.09.03-09.53.52:646][211]LogModuleManager: Shutting down and abandoning module CoreUObject (14)
[2019.09.03-09.53.52:646][211]LogModuleManager: Shutting down and abandoning module NetworkFile (12)
[2019.09.03-09.53.52:651][211]LogModuleManager: Shutting down and abandoning module CookedIterativeFile (10)
[2019.09.03-09.53.52:651][211]LogModuleManager: Shutting down and abandoning module StreamingFile (8)
[2019.09.03-09.53.52:658][211]LogModuleManager: Shutting down and abandoning module SandboxFile (6)
[2019.09.03-09.53.52:658][211]LogModuleManager: Shutting down and abandoning module PakFile (4)
[2019.09.03-09.53.52:663][211]LogModuleManager: Shutting down and abandoning module RSA (3)
[2019.09.03-09.53.52:686][211]LogExit: Exiting.
[2019.09.03-09.53.52:709][211]Log file closed, 09/03/19 15:23:52
